Determining if the __GLIBC__ exist failed with the following output:
Change Dir: /home/cx9ps3/android-project/app/.cxx/Debug/675l145p/armeabi-v7a/CMakeFiles/CMakeScratch/TryCompile-zXJDVr

Run Build Command(s):/usr/bin/ninja cmTC_19ccf && [1/2] Building C object CMakeFiles/cmTC_19ccf.dir/CheckSymbolExists.c.o
FAILED: CMakeFiles/cmTC_19ccf.dir/CheckSymbolExists.c.o 
/home/cx9ps3/Android/Sdk/ndk/23.1.7779620/toolchains/llvm/prebuilt/linux-x86_64/bin/clang --target=armv7-none-linux-androideabi16 --sysroot=/home/cx9ps3/Android/Sdk/ndk/23.1.7779620/toolchains/llvm/prebuilt/linux-x86_64/sysroot   -DANDROID -fdata-sections -ffunction-sections -funwind-tables -fstack-protector-strong -no-canonical-prefixes -D_FORTIFY_SOURCE=2 -march=armv7-a -mthumb -Wformat -fexceptions  -O2 -g -DNDEBUG -fPIE -MD -MT CMakeFiles/cmTC_19ccf.dir/CheckSymbolExists.c.o -MF CMakeFiles/cmTC_19ccf.dir/CheckSymbolExists.c.o.d -o CMakeFiles/cmTC_19ccf.dir/CheckSymbolExists.c.o -c /home/cx9ps3/android-project/app/.cxx/Debug/675l145p/armeabi-v7a/CMakeFiles/CMakeScratch/TryCompile-zXJDVr/CheckSymbolExists.c
/home/cx9ps3/android-project/app/.cxx/Debug/675l145p/armeabi-v7a/CMakeFiles/CMakeScratch/TryCompile-zXJDVr/CheckSymbolExists.c:8:19: error: use of undeclared identifier '__GLIBC__'
  return ((int*)(&__GLIBC__))[argc];
                  ^
1 error generated.
ninja: build stopped: subcommand failed.


File CheckSymbolExists.c:
/* */
#include <stdlib.h>

int main(int argc, char** argv)
{
  (void)argv;
#ifndef __GLIBC__
  return ((int*)(&__GLIBC__))[argc];
#else
  (void)argc;
  return 0;
#endif
}
Performing C SOURCE FILE Test HAVE_GCC_PREFERRED_STACK_BOUNDARY failed with the following output:
Change Dir: /home/cx9ps3/android-project/app/.cxx/Debug/675l145p/armeabi-v7a/CMakeFiles/CMakeScratch/TryCompile-ZuN1vs

Run Build Command(s):/usr/bin/ninja cmTC_1e057 && [1/2] Building C object CMakeFiles/cmTC_1e057.dir/src.c.o
FAILED: CMakeFiles/cmTC_1e057.dir/src.c.o 
/home/cx9ps3/Android/Sdk/ndk/23.1.7779620/toolchains/llvm/prebuilt/linux-x86_64/bin/clang --target=armv7-none-linux-androideabi16 --sysroot=/home/cx9ps3/Android/Sdk/ndk/23.1.7779620/toolchains/llvm/prebuilt/linux-x86_64/sysroot -DHAVE_GCC_PREFERRED_STACK_BOUNDARY  -DANDROID -fdata-sections -ffunction-sections -funwind-tables -fstack-protector-strong -no-canonical-prefixes -D_FORTIFY_SOURCE=2 -march=armv7-a -mthumb -Wformat -Werror=format-security -fexceptions -idirafter "/home/cx9ps3/android-project/app/jni/SDL2/src/video/khronos" -mpreferred-stack-boundary=2 -O2 -g -DNDEBUG -fPIE -MD -MT CMakeFiles/cmTC_1e057.dir/src.c.o -MF CMakeFiles/cmTC_1e057.dir/src.c.o.d -o CMakeFiles/cmTC_1e057.dir/src.c.o -c /home/cx9ps3/android-project/app/.cxx/Debug/675l145p/armeabi-v7a/CMakeFiles/CMakeScratch/TryCompile-ZuN1vs/src.c
clang: error: unknown argument: '-mpreferred-stack-boundary=2'
ninja: build stopped: subcommand failed.


Source file was:
int x = 0; int main(int argc, char **argv) { return 0; }

Performing C SOURCE FILE Test HAVE_MMX failed with the following output:
Change Dir: /home/cx9ps3/android-project/app/.cxx/Debug/675l145p/armeabi-v7a/CMakeFiles/CMakeScratch/TryCompile-p1xMoj

Run Build Command(s):/usr/bin/ninja cmTC_2a51b && [1/2] Building C object CMakeFiles/cmTC_2a51b.dir/src.c.o
FAILED: CMakeFiles/cmTC_2a51b.dir/src.c.o 
/home/cx9ps3/Android/Sdk/ndk/23.1.7779620/toolchains/llvm/prebuilt/linux-x86_64/bin/clang --target=armv7-none-linux-androideabi16 --sysroot=/home/cx9ps3/Android/Sdk/ndk/23.1.7779620/toolchains/llvm/prebuilt/linux-x86_64/sysroot -DHAVE_MMX  -DANDROID -fdata-sections -ffunction-sections -funwind-tables -fstack-protector-strong -no-canonical-prefixes -D_FORTIFY_SOURCE=2 -march=armv7-a -mthumb -Wformat -Werror=format-security -fexceptions -idirafter "/home/cx9ps3/android-project/app/jni/SDL2/src/video/khronos" -mmmx -O2 -g -DNDEBUG -fPIE -MD -MT CMakeFiles/cmTC_2a51b.dir/src.c.o -MF CMakeFiles/cmTC_2a51b.dir/src.c.o.d -o CMakeFiles/cmTC_2a51b.dir/src.c.o -c /home/cx9ps3/android-project/app/.cxx/Debug/675l145p/armeabi-v7a/CMakeFiles/CMakeScratch/TryCompile-p1xMoj/src.c
clang: warning: argument unused during compilation: '-mmmx' [-Wunused-command-line-argument]
In file included from /home/cx9ps3/android-project/app/.cxx/Debug/675l145p/armeabi-v7a/CMakeFiles/CMakeScratch/TryCompile-p1xMoj/src.c:10:
/home/cx9ps3/Android/Sdk/ndk/23.1.7779620/toolchains/llvm/prebuilt/linux-x86_64/lib64/clang/12.0.8/include/mmintrin.h:50:12: error: invalid conversion between vector type '__m64' (vector of 1 'long long' value) and integer type 'int' of different size
    return (__m64)__builtin_ia32_vec_init_v2si(__i, 0);
           ^~~~~~~~~~~~~~~~~~~~~~~~~~~~~~~~~~~~~~~~~~~
/home/cx9ps3/Android/Sdk/ndk/23.1.7779620/toolchains/llvm/prebuilt/linux-x86_64/lib64/clang/12.0.8/include/mmintrin.h:129:12: error: invalid conversion between vector type '__m64' (vector of 1 'long long' value) and integer type 'int' of different size
    return (__m64)__builtin_ia32_packsswb((__v4hi)__m1, (__v4hi)__m2);
           ^~~~~~~~~~~~~~~~~~~~~~~~~~~~~~~~~~~~~~~~~~~~~~~~~~~~~~~~~~
/home/cx9ps3/Android/Sdk/ndk/23.1.7779620/toolchains/llvm/prebuilt/linux-x86_64/lib64/clang/12.0.8/include/mmintrin.h:159:12: error: invalid conversion between vector type '__m64' (vector of 1 'long long' value) and integer type 'int' of different size
    return (__m64)__builtin_ia32_packssdw((__v2si)__m1, (__v2si)__m2);
           ^~~~~~~~~~~~~~~~~~~~~~~~~~~~~~~~~~~~~~~~~~~~~~~~~~~~~~~~~~
/home/cx9ps3/Android/Sdk/ndk/23.1.7779620/toolchains/llvm/prebuilt/linux-x86_64/lib64/clang/12.0.8/include/mmintrin.h:189:12: error: invalid conversion between vector type '__m64' (vector of 1 'long long' value) and integer type 'int' of different size
    return (__m64)__builtin_ia32_packuswb((__v4hi)__m1, (__v4hi)__m2);
           ^~~~~~~~~~~~~~~~~~~~~~~~~~~~~~~~~~~~~~~~~~~~~~~~~~~~~~~~~~
/home/cx9ps3/Android/Sdk/ndk/23.1.7779620/toolchains/llvm/prebuilt/linux-x86_64/lib64/clang/12.0.8/include/mmintrin.h:216:12: error: invalid conversion between vector type '__m64' (vector of 1 'long long' value) and integer type 'int' of different size
    return (__m64)__builtin_ia32_punpckhbw((__v8qi)__m1, (__v8qi)__m2);
           ^~~~~~~~~~~~~~~~~~~~~~~~~~~~~~~~~~~~~~~~~~~~~~~~~~~~~~~~~~~
/home/cx9ps3/Android/Sdk/ndk/23.1.7779620/toolchains/llvm/prebuilt/linux-x86_64/lib64/clang/12.0.8/include/mmintrin.h:239:12: error: invalid conversion between vector type '__m64' (vector of 1 'long long' value) and integer type 'int' of different size
    return (__m64)__builtin_ia32_punpckhwd((__v4hi)__m1, (__v4hi)__m2);
           ^~~~~~~~~~~~~~~~~~~~~~~~~~~~~~~~~~~~~~~~~~~~~~~~~~~~~~~~~~~
/home/cx9ps3/Android/Sdk/ndk/23.1.7779620/toolchains/llvm/prebuilt/linux-x86_64/lib64/clang/12.0.8/include/mmintrin.h:260:12: error: invalid conversion between vector type '__m64' (vector of 1 'long long' value) and integer type 'int' of different size
    return (__m64)__builtin_ia32_punpckhdq((__v2si)__m1, (__v2si)__m2);
           ^~~~~~~~~~~~~~~~~~~~~~~~~~~~~~~~~~~~~~~~~~~~~~~~~~~~~~~~~~~
/home/cx9ps3/Android/Sdk/ndk/23.1.7779620/toolchains/llvm/prebuilt/linux-x86_64/lib64/clang/12.0.8/include/mmintrin.h:287:12: error: invalid conversion between vector type '__m64' (vector of 1 'long long' value) and integer type 'int' of different size
    return (__m64)__builtin_ia32_punpcklbw((__v8qi)__m1, (__v8qi)__m2);
           ^~~~~~~~~~~~~~~~~~~~~~~~~~~~~~~~~~~~~~~~~~~~~~~~~~~~~~~~~~~
/home/cx9ps3/Android/Sdk/ndk/23.1.7779620/toolchains/llvm/prebuilt/linux-x86_64/lib64/clang/12.0.8/include/mmintrin.h:310:12: error: invalid conversion between vector type '__m64' (vector of 1 'long long' value) and integer type 'int' of different size
    return (__m64)__builtin_ia32_punpcklwd((__v4hi)__m1, (__v4hi)__m2);
           ^~~~~~~~~~~~~~~~~~~~~~~~~~~~~~~~~~~~~~~~~~~~~~~~~~~~~~~~~~~
/home/cx9ps3/Android/Sdk/ndk/23.1.7779620/toolchains/llvm/prebuilt/linux-x86_64/lib64/clang/12.0.8/include/mmintrin.h:331:12: error: invalid conversion between vector type '__m64' (vector of 1 'long long' value) and integer type 'int' of different size
    return (__m64)__builtin_ia32_punpckldq((__v2si)__m1, (__v2si)__m2);
           ^~~~~~~~~~~~~~~~~~~~~~~~~~~~~~~~~~~~~~~~~~~~~~~~~~~~~~~~~~~
/home/cx9ps3/Android/Sdk/ndk/23.1.7779620/toolchains/llvm/prebuilt/linux-x86_64/lib64/clang/12.0.8/include/mmintrin.h:352:12: error: invalid conversion between vector type '__m64' (vector of 1 'long long' value) and integer type 'int' of different size
    return (__m64)__builtin_ia32_paddb((__v8qi)__m1, (__v8qi)__m2);
           ^~~~~~~~~~~~~~~~~~~~~~~~~~~~~~~~~~~~~~~~~~~~~~~~~~~~~~~
/home/cx9ps3/Android/Sdk/ndk/23.1.7779620/toolchains/llvm/prebuilt/linux-x86_64/lib64/clang/12.0.8/include/mmintrin.h:373:12: error: invalid conversion between vector type '__m64' (vector of 1 'long long' value) and integer type 'int' of different size
    return (__m64)__builtin_ia32_paddw((__v4hi)__m1, (__v4hi)__m2);
           ^~~~~~~~~~~~~~~~~~~~~~~~~~~~~~~~~~~~~~~~~~~~~~~~~~~~~~~
/home/cx9ps3/Android/Sdk/ndk/23.1.7779620/toolchains/llvm/prebuilt/linux-x86_64/lib64/clang/12.0.8/include/mmintrin.h:394:12: error: invalid conversion between vector type '__m64' (vector of 1 'long long' value) and integer type 'int' of different size
    return (__m64)__builtin_ia32_paddd((__v2si)__m1, (__v2si)__m2);
           ^~~~~~~~~~~~~~~~~~~~~~~~~~~~~~~~~~~~~~~~~~~~~~~~~~~~~~~
/home/cx9ps3/Android/Sdk/ndk/23.1.7779620/toolchains/llvm/prebuilt/linux-x86_64/lib64/clang/12.0.8/include/mmintrin.h:416:12: error: invalid conversion between vector type '__m64' (vector of 1 'long long' value) and integer type 'int' of different size
    return (__m64)__builtin_ia32_paddsb((__v8qi)__m1, (__v8qi)__m2);
           ^~~~~~~~~~~~~~~~~~~~~~~~~~~~~~~~~~~~~~~~~~~~~~~~~~~~~~~~
/home/cx9ps3/Android/Sdk/ndk/23.1.7779620/toolchains/llvm/prebuilt/linux-x86_64/lib64/clang/12.0.8/include/mmintrin.h:439:12: error: invalid conversion between vector type '__m64' (vector of 1 'long long' value) and integer type 'int' of different size
    return (__m64)__builtin_ia32_paddsw((__v4hi)__m1, (__v4hi)__m2);
           ^~~~~~~~~~~~~~~~~~~~~~~~~~~~~~~~~~~~~~~~~~~~~~~~~~~~~~~~
/home/cx9ps3/Android/Sdk/ndk/23.1.7779620/toolchains/llvm/prebuilt/linux-x86_64/lib64/clang/12.0.8/include/mmintrin.h:461:12: error: invalid conversion between vector type '__m64' (vector of 1 'long long' value) and integer type 'int' of different size
    return (__m64)__builtin_ia32_paddusb((__v8qi)__m1, (__v8qi)__m2);
           ^~~~~~~~~~~~~~~~~~~~~~~~~~~~~~~~~~~~~~~~~~~~~~~~~~~~~~~~~
/home/cx9ps3/Android/Sdk/ndk/23.1.7779620/toolchains/llvm/prebuilt/linux-x86_64/lib64/clang/12.0.8/include/mmintrin.h:483:12: error: invalid conversion between vector type '__m64' (vector of 1 'long long' value) and integer type 'int' of different size
    return (__m64)__builtin_ia32_paddusw((__v4hi)__m1, (__v4hi)__m2);
           ^~~~~~~~~~~~~~~~~~~~~~~~~~~~~~~~~~~~~~~~~~~~~~~~~~~~~~~~~
/home/cx9ps3/Android/Sdk/ndk/23.1.7779620/toolchains/llvm/prebuilt/linux-x86_64/lib64/clang/12.0.8/include/mmintrin.h:504:12: error: invalid conversion between vector type '__m64' (vector of 1 'long long' value) and integer type 'int' of different size
    return (__m64)__builtin_ia32_psubb((__v8qi)__m1, (__v8qi)__m2);
           ^~~~~~~~~~~~~~~~~~~~~~~~~~~~~~~~~~~~~~~~~~~~~~~~~~~~~~~
/home/cx9ps3/Android/Sdk/ndk/23.1.7779620/toolchains/llvm/prebuilt/linux-x86_64/lib64/clang/12.0.8/include/mmintrin.h:525:12: error: invalid conversion between vector type '__m64' (vector of 1 'long long' value) and integer type 'int' of different size
    return (__m64)__builtin_ia32_psubw((__v4hi)__m1, (__v4hi)__m2);
           ^~~~~~~~~~~~~~~~~~~~~~~~~~~~~~~~~~~~~~~~~~~~~~~~~~~~~~~
fatal error: too many errors emitted, stopping now [-ferror-limit=]
20 errors generated.
ninja: build stopped: subcommand failed.


Source file was:

          #ifdef __MINGW32__
          #include <_mingw.h>
          #ifdef __MINGW64_VERSION_MAJOR
          #include <intrin.h>
          #else
          #include <mmintrin.h>
          #endif
          #else
          #include <mmintrin.h>
          #endif
          #ifndef __MMX__
          #error Assembler CPP flag not enabled
          #endif
          int main(int argc, char **argv) { return 0; }

Performing C SOURCE FILE Test HAVE_3DNOW failed with the following output:
Change Dir: /home/cx9ps3/android-project/app/.cxx/Debug/675l145p/armeabi-v7a/CMakeFiles/CMakeScratch/TryCompile-911jqu

Run Build Command(s):/usr/bin/ninja cmTC_1a4ac && [1/2] Building C object CMakeFiles/cmTC_1a4ac.dir/src.c.o
FAILED: CMakeFiles/cmTC_1a4ac.dir/src.c.o 
/home/cx9ps3/Android/Sdk/ndk/23.1.7779620/toolchains/llvm/prebuilt/linux-x86_64/bin/clang --target=armv7-none-linux-androideabi16 --sysroot=/home/cx9ps3/Android/Sdk/ndk/23.1.7779620/toolchains/llvm/prebuilt/linux-x86_64/sysroot -DHAVE_3DNOW  -DANDROID -fdata-sections -ffunction-sections -funwind-tables -fstack-protector-strong -no-canonical-prefixes -D_FORTIFY_SOURCE=2 -march=armv7-a -mthumb -Wformat -Werror=format-security -fexceptions -idirafter "/home/cx9ps3/android-project/app/jni/SDL2/src/video/khronos" -m3dnow -O2 -g -DNDEBUG -fPIE -MD -MT CMakeFiles/cmTC_1a4ac.dir/src.c.o -MF CMakeFiles/cmTC_1a4ac.dir/src.c.o.d -o CMakeFiles/cmTC_1a4ac.dir/src.c.o -c /home/cx9ps3/android-project/app/.cxx/Debug/675l145p/armeabi-v7a/CMakeFiles/CMakeScratch/TryCompile-911jqu/src.c
clang: warning: argument unused during compilation: '-m3dnow' [-Wunused-command-line-argument]
In file included from /home/cx9ps3/android-project/app/.cxx/Debug/675l145p/armeabi-v7a/CMakeFiles/CMakeScratch/TryCompile-911jqu/src.c:2:
In file included from /home/cx9ps3/Android/Sdk/ndk/23.1.7779620/toolchains/llvm/prebuilt/linux-x86_64/lib64/clang/12.0.8/include/mm3dnow.h:13:
/home/cx9ps3/Android/Sdk/ndk/23.1.7779620/toolchains/llvm/prebuilt/linux-x86_64/lib64/clang/12.0.8/include/mmintrin.h:50:12: error: invalid conversion between vector type '__m64' (vector of 1 'long long' value) and integer type 'int' of different size
    return (__m64)__builtin_ia32_vec_init_v2si(__i, 0);
           ^~~~~~~~~~~~~~~~~~~~~~~~~~~~~~~~~~~~~~~~~~~
/home/cx9ps3/Android/Sdk/ndk/23.1.7779620/toolchains/llvm/prebuilt/linux-x86_64/lib64/clang/12.0.8/include/mmintrin.h:129:12: error: invalid conversion between vector type '__m64' (vector of 1 'long long' value) and integer type 'int' of different size
    return (__m64)__builtin_ia32_packsswb((__v4hi)__m1, (__v4hi)__m2);
           ^~~~~~~~~~~~~~~~~~~~~~~~~~~~~~~~~~~~~~~~~~~~~~~~~~~~~~~~~~
/home/cx9ps3/Android/Sdk/ndk/23.1.7779620/toolchains/llvm/prebuilt/linux-x86_64/lib64/clang/12.0.8/include/mmintrin.h:159:12: error: invalid conversion between vector type '__m64' (vector of 1 'long long' value) and integer type 'int' of different size
    return (__m64)__builtin_ia32_packssdw((__v2si)__m1, (__v2si)__m2);
           ^~~~~~~~~~~~~~~~~~~~~~~~~~~~~~~~~~~~~~~~~~~~~~~~~~~~~~~~~~
/home/cx9ps3/Android/Sdk/ndk/23.1.7779620/toolchains/llvm/prebuilt/linux-x86_64/lib64/clang/12.0.8/include/mmintrin.h:189:12: error: invalid conversion between vector type '__m64' (vector of 1 'long long' value) and integer type 'int' of different size
    return (__m64)__builtin_ia32_packuswb((__v4hi)__m1, (__v4hi)__m2);
           ^~~~~~~~~~~~~~~~~~~~~~~~~~~~~~~~~~~~~~~~~~~~~~~~~~~~~~~~~~
/home/cx9ps3/Android/Sdk/ndk/23.1.7779620/toolchains/llvm/prebuilt/linux-x86_64/lib64/clang/12.0.8/include/mmintrin.h:216:12: error: invalid conversion between vector type '__m64' (vector of 1 'long long' value) and integer type 'int' of different size
    return (__m64)__builtin_ia32_punpckhbw((__v8qi)__m1, (__v8qi)__m2);
           ^~~~~~~~~~~~~~~~~~~~~~~~~~~~~~~~~~~~~~~~~~~~~~~~~~~~~~~~~~~
/home/cx9ps3/Android/Sdk/ndk/23.1.7779620/toolchains/llvm/prebuilt/linux-x86_64/lib64/clang/12.0.8/include/mmintrin.h:239:12: error: invalid conversion between vector type '__m64' (vector of 1 'long long' value) and integer type 'int' of different size
    return (__m64)__builtin_ia32_punpckhwd((__v4hi)__m1, (__v4hi)__m2);
           ^~~~~~~~~~~~~~~~~~~~~~~~~~~~~~~~~~~~~~~~~~~~~~~~~~~~~~~~~~~
/home/cx9ps3/Android/Sdk/ndk/23.1.7779620/toolchains/llvm/prebuilt/linux-x86_64/lib64/clang/12.0.8/include/mmintrin.h:260:12: error: invalid conversion between vector type '__m64' (vector of 1 'long long' value) and integer type 'int' of different size
    return (__m64)__builtin_ia32_punpckhdq((__v2si)__m1, (__v2si)__m2);
           ^~~~~~~~~~~~~~~~~~~~~~~~~~~~~~~~~~~~~~~~~~~~~~~~~~~~~~~~~~~
/home/cx9ps3/Android/Sdk/ndk/23.1.7779620/toolchains/llvm/prebuilt/linux-x86_64/lib64/clang/12.0.8/include/mmintrin.h:287:12: error: invalid conversion between vector type '__m64' (vector of 1 'long long' value) and integer type 'int' of different size
    return (__m64)__builtin_ia32_punpcklbw((__v8qi)__m1, (__v8qi)__m2);
           ^~~~~~~~~~~~~~~~~~~~~~~~~~~~~~~~~~~~~~~~~~~~~~~~~~~~~~~~~~~
/home/cx9ps3/Android/Sdk/ndk/23.1.7779620/toolchains/llvm/prebuilt/linux-x86_64/lib64/clang/12.0.8/include/mmintrin.h:310:12: error: invalid conversion between vector type '__m64' (vector of 1 'long long' value) and integer type 'int' of different size
    return (__m64)__builtin_ia32_punpcklwd((__v4hi)__m1, (__v4hi)__m2);
           ^~~~~~~~~~~~~~~~~~~~~~~~~~~~~~~~~~~~~~~~~~~~~~~~~~~~~~~~~~~
/home/cx9ps3/Android/Sdk/ndk/23.1.7779620/toolchains/llvm/prebuilt/linux-x86_64/lib64/clang/12.0.8/include/mmintrin.h:331:12: error: invalid conversion between vector type '__m64' (vector of 1 'long long' value) and integer type 'int' of different size
    return (__m64)__builtin_ia32_punpckldq((__v2si)__m1, (__v2si)__m2);
           ^~~~~~~~~~~~~~~~~~~~~~~~~~~~~~~~~~~~~~~~~~~~~~~~~~~~~~~~~~~
/home/cx9ps3/Android/Sdk/ndk/23.1.7779620/toolchains/llvm/prebuilt/linux-x86_64/lib64/clang/12.0.8/include/mmintrin.h:352:12: error: invalid conversion between vector type '__m64' (vector of 1 'long long' value) and integer type 'int' of different size
    return (__m64)__builtin_ia32_paddb((__v8qi)__m1, (__v8qi)__m2);
           ^~~~~~~~~~~~~~~~~~~~~~~~~~~~~~~~~~~~~~~~~~~~~~~~~~~~~~~
/home/cx9ps3/Android/Sdk/ndk/23.1.7779620/toolchains/llvm/prebuilt/linux-x86_64/lib64/clang/12.0.8/include/mmintrin.h:373:12: error: invalid conversion between vector type '__m64' (vector of 1 'long long' value) and integer type 'int' of different size
    return (__m64)__builtin_ia32_paddw((__v4hi)__m1, (__v4hi)__m2);
           ^~~~~~~~~~~~~~~~~~~~~~~~~~~~~~~~~~~~~~~~~~~~~~~~~~~~~~~
/home/cx9ps3/Android/Sdk/ndk/23.1.7779620/toolchains/llvm/prebuilt/linux-x86_64/lib64/clang/12.0.8/include/mmintrin.h:394:12: error: invalid conversion between vector type '__m64' (vector of 1 'long long' value) and integer type 'int' of different size
    return (__m64)__builtin_ia32_paddd((__v2si)__m1, (__v2si)__m2);
           ^~~~~~~~~~~~~~~~~~~~~~~~~~~~~~~~~~~~~~~~~~~~~~~~~~~~~~~
/home/cx9ps3/Android/Sdk/ndk/23.1.7779620/toolchains/llvm/prebuilt/linux-x86_64/lib64/clang/12.0.8/include/mmintrin.h:416:12: error: invalid conversion between vector type '__m64' (vector of 1 'long long' value) and integer type 'int' of different size
    return (__m64)__builtin_ia32_paddsb((__v8qi)__m1, (__v8qi)__m2);
           ^~~~~~~~~~~~~~~~~~~~~~~~~~~~~~~~~~~~~~~~~~~~~~~~~~~~~~~~
/home/cx9ps3/Android/Sdk/ndk/23.1.7779620/toolchains/llvm/prebuilt/linux-x86_64/lib64/clang/12.0.8/include/mmintrin.h:439:12: error: invalid conversion between vector type '__m64' (vector of 1 'long long' value) and integer type 'int' of different size
    return (__m64)__builtin_ia32_paddsw((__v4hi)__m1, (__v4hi)__m2);
           ^~~~~~~~~~~~~~~~~~~~~~~~~~~~~~~~~~~~~~~~~~~~~~~~~~~~~~~~
/home/cx9ps3/Android/Sdk/ndk/23.1.7779620/toolchains/llvm/prebuilt/linux-x86_64/lib64/clang/12.0.8/include/mmintrin.h:461:12: error: invalid conversion between vector type '__m64' (vector of 1 'long long' value) and integer type 'int' of different size
    return (__m64)__builtin_ia32_paddusb((__v8qi)__m1, (__v8qi)__m2);
           ^~~~~~~~~~~~~~~~~~~~~~~~~~~~~~~~~~~~~~~~~~~~~~~~~~~~~~~~~
/home/cx9ps3/Android/Sdk/ndk/23.1.7779620/toolchains/llvm/prebuilt/linux-x86_64/lib64/clang/12.0.8/include/mmintrin.h:483:12: error: invalid conversion between vector type '__m64' (vector of 1 'long long' value) and integer type 'int' of different size
    return (__m64)__builtin_ia32_paddusw((__v4hi)__m1, (__v4hi)__m2);
           ^~~~~~~~~~~~~~~~~~~~~~~~~~~~~~~~~~~~~~~~~~~~~~~~~~~~~~~~~
/home/cx9ps3/Android/Sdk/ndk/23.1.7779620/toolchains/llvm/prebuilt/linux-x86_64/lib64/clang/12.0.8/include/mmintrin.h:504:12: error: invalid conversion between vector type '__m64' (vector of 1 'long long' value) and integer type 'int' of different size
    return (__m64)__builtin_ia32_psubb((__v8qi)__m1, (__v8qi)__m2);
           ^~~~~~~~~~~~~~~~~~~~~~~~~~~~~~~~~~~~~~~~~~~~~~~~~~~~~~~
/home/cx9ps3/Android/Sdk/ndk/23.1.7779620/toolchains/llvm/prebuilt/linux-x86_64/lib64/clang/12.0.8/include/mmintrin.h:525:12: error: invalid conversion between vector type '__m64' (vector of 1 'long long' value) and integer type 'int' of different size
    return (__m64)__builtin_ia32_psubw((__v4hi)__m1, (__v4hi)__m2);
           ^~~~~~~~~~~~~~~~~~~~~~~~~~~~~~~~~~~~~~~~~~~~~~~~~~~~~~~
fatal error: too many errors emitted, stopping now [-ferror-limit=]
20 errors generated.
ninja: build stopped: subcommand failed.


Source file was:

          #include <mm3dnow.h>
          #ifndef __3dNOW__
          #error Assembler CPP flag not enabled
          #endif
          int main(int argc, char **argv) {
            void *p = 0;
            _m_prefetch(p);
            return 0;
          }

Performing C SOURCE FILE Test HAVE_SSE failed with the following output:
Change Dir: /home/cx9ps3/android-project/app/.cxx/Debug/675l145p/armeabi-v7a/CMakeFiles/CMakeScratch/TryCompile-YRlnuG

Run Build Command(s):/usr/bin/ninja cmTC_5160a && [1/2] Building C object CMakeFiles/cmTC_5160a.dir/src.c.o
FAILED: CMakeFiles/cmTC_5160a.dir/src.c.o 
/home/cx9ps3/Android/Sdk/ndk/23.1.7779620/toolchains/llvm/prebuilt/linux-x86_64/bin/clang --target=armv7-none-linux-androideabi16 --sysroot=/home/cx9ps3/Android/Sdk/ndk/23.1.7779620/toolchains/llvm/prebuilt/linux-x86_64/sysroot -DHAVE_SSE  -DANDROID -fdata-sections -ffunction-sections -funwind-tables -fstack-protector-strong -no-canonical-prefixes -D_FORTIFY_SOURCE=2 -march=armv7-a -mthumb -Wformat -Werror=format-security -fexceptions -idirafter "/home/cx9ps3/android-project/app/jni/SDL2/src/video/khronos" -msse -O2 -g -DNDEBUG -fPIE -MD -MT CMakeFiles/cmTC_5160a.dir/src.c.o -MF CMakeFiles/cmTC_5160a.dir/src.c.o.d -o CMakeFiles/cmTC_5160a.dir/src.c.o -c /home/cx9ps3/android-project/app/.cxx/Debug/675l145p/armeabi-v7a/CMakeFiles/CMakeScratch/TryCompile-YRlnuG/src.c
clang: warning: argument unused during compilation: '-msse' [-Wunused-command-line-argument]
In file included from /home/cx9ps3/android-project/app/.cxx/Debug/675l145p/armeabi-v7a/CMakeFiles/CMakeScratch/TryCompile-YRlnuG/src.c:10:
In file included from /home/cx9ps3/Android/Sdk/ndk/23.1.7779620/toolchains/llvm/prebuilt/linux-x86_64/lib64/clang/12.0.8/include/xmmintrin.h:13:
/home/cx9ps3/Android/Sdk/ndk/23.1.7779620/toolchains/llvm/prebuilt/linux-x86_64/lib64/clang/12.0.8/include/mmintrin.h:50:12: error: invalid conversion between vector type '__m64' (vector of 1 'long long' value) and integer type 'int' of different size
    return (__m64)__builtin_ia32_vec_init_v2si(__i, 0);
           ^~~~~~~~~~~~~~~~~~~~~~~~~~~~~~~~~~~~~~~~~~~
/home/cx9ps3/Android/Sdk/ndk/23.1.7779620/toolchains/llvm/prebuilt/linux-x86_64/lib64/clang/12.0.8/include/mmintrin.h:129:12: error: invalid conversion between vector type '__m64' (vector of 1 'long long' value) and integer type 'int' of different size
    return (__m64)__builtin_ia32_packsswb((__v4hi)__m1, (__v4hi)__m2);
           ^~~~~~~~~~~~~~~~~~~~~~~~~~~~~~~~~~~~~~~~~~~~~~~~~~~~~~~~~~
/home/cx9ps3/Android/Sdk/ndk/23.1.7779620/toolchains/llvm/prebuilt/linux-x86_64/lib64/clang/12.0.8/include/mmintrin.h:159:12: error: invalid conversion between vector type '__m64' (vector of 1 'long long' value) and integer type 'int' of different size
    return (__m64)__builtin_ia32_packssdw((__v2si)__m1, (__v2si)__m2);
           ^~~~~~~~~~~~~~~~~~~~~~~~~~~~~~~~~~~~~~~~~~~~~~~~~~~~~~~~~~
/home/cx9ps3/Android/Sdk/ndk/23.1.7779620/toolchains/llvm/prebuilt/linux-x86_64/lib64/clang/12.0.8/include/mmintrin.h:189:12: error: invalid conversion between vector type '__m64' (vector of 1 'long long' value) and integer type 'int' of different size
    return (__m64)__builtin_ia32_packuswb((__v4hi)__m1, (__v4hi)__m2);
           ^~~~~~~~~~~~~~~~~~~~~~~~~~~~~~~~~~~~~~~~~~~~~~~~~~~~~~~~~~
/home/cx9ps3/Android/Sdk/ndk/23.1.7779620/toolchains/llvm/prebuilt/linux-x86_64/lib64/clang/12.0.8/include/mmintrin.h:216:12: error: invalid conversion between vector type '__m64' (vector of 1 'long long' value) and integer type 'int' of different size
    return (__m64)__builtin_ia32_punpckhbw((__v8qi)__m1, (__v8qi)__m2);
           ^~~~~~~~~~~~~~~~~~~~~~~~~~~~~~~~~~~~~~~~~~~~~~~~~~~~~~~~~~~
/home/cx9ps3/Android/Sdk/ndk/23.1.7779620/toolchains/llvm/prebuilt/linux-x86_64/lib64/clang/12.0.8/include/mmintrin.h:239:12: error: invalid conversion between vector type '__m64' (vector of 1 'long long' value) and integer type 'int' of different size
    return (__m64)__builtin_ia32_punpckhwd((__v4hi)__m1, (__v4hi)__m2);
           ^~~~~~~~~~~~~~~~~~~~~~~~~~~~~~~~~~~~~~~~~~~~~~~~~~~~~~~~~~~
/home/cx9ps3/Android/Sdk/ndk/23.1.7779620/toolchains/llvm/prebuilt/linux-x86_64/lib64/clang/12.0.8/include/mmintrin.h:260:12: error: invalid conversion between vector type '__m64' (vector of 1 'long long' value) and integer type 'int' of different size
    return (__m64)__builtin_ia32_punpckhdq((__v2si)__m1, (__v2si)__m2);
           ^~~~~~~~~~~~~~~~~~~~~~~~~~~~~~~~~~~~~~~~~~~~~~~~~~~~~~~~~~~
/home/cx9ps3/Android/Sdk/ndk/23.1.7779620/toolchains/llvm/prebuilt/linux-x86_64/lib64/clang/12.0.8/include/mmintrin.h:287:12: error: invalid conversion between vector type '__m64' (vector of 1 'long long' value) and integer type 'int' of different size
    return (__m64)__builtin_ia32_punpcklbw((__v8qi)__m1, (__v8qi)__m2);
           ^~~~~~~~~~~~~~~~~~~~~~~~~~~~~~~~~~~~~~~~~~~~~~~~~~~~~~~~~~~
/home/cx9ps3/Android/Sdk/ndk/23.1.7779620/toolchains/llvm/prebuilt/linux-x86_64/lib64/clang/12.0.8/include/mmintrin.h:310:12: error: invalid conversion between vector type '__m64' (vector of 1 'long long' value) and integer type 'int' of different size
    return (__m64)__builtin_ia32_punpcklwd((__v4hi)__m1, (__v4hi)__m2);
           ^~~~~~~~~~~~~~~~~~~~~~~~~~~~~~~~~~~~~~~~~~~~~~~~~~~~~~~~~~~
/home/cx9ps3/Android/Sdk/ndk/23.1.7779620/toolchains/llvm/prebuilt/linux-x86_64/lib64/clang/12.0.8/include/mmintrin.h:331:12: error: invalid conversion between vector type '__m64' (vector of 1 'long long' value) and integer type 'int' of different size
    return (__m64)__builtin_ia32_punpckldq((__v2si)__m1, (__v2si)__m2);
           ^~~~~~~~~~~~~~~~~~~~~~~~~~~~~~~~~~~~~~~~~~~~~~~~~~~~~~~~~~~
/home/cx9ps3/Android/Sdk/ndk/23.1.7779620/toolchains/llvm/prebuilt/linux-x86_64/lib64/clang/12.0.8/include/mmintrin.h:352:12: error: invalid conversion between vector type '__m64' (vector of 1 'long long' value) and integer type 'int' of different size
    return (__m64)__builtin_ia32_paddb((__v8qi)__m1, (__v8qi)__m2);
           ^~~~~~~~~~~~~~~~~~~~~~~~~~~~~~~~~~~~~~~~~~~~~~~~~~~~~~~
/home/cx9ps3/Android/Sdk/ndk/23.1.7779620/toolchains/llvm/prebuilt/linux-x86_64/lib64/clang/12.0.8/include/mmintrin.h:373:12: error: invalid conversion between vector type '__m64' (vector of 1 'long long' value) and integer type 'int' of different size
    return (__m64)__builtin_ia32_paddw((__v4hi)__m1, (__v4hi)__m2);
           ^~~~~~~~~~~~~~~~~~~~~~~~~~~~~~~~~~~~~~~~~~~~~~~~~~~~~~~
/home/cx9ps3/Android/Sdk/ndk/23.1.7779620/toolchains/llvm/prebuilt/linux-x86_64/lib64/clang/12.0.8/include/mmintrin.h:394:12: error: invalid conversion between vector type '__m64' (vector of 1 'long long' value) and integer type 'int' of different size
    return (__m64)__builtin_ia32_paddd((__v2si)__m1, (__v2si)__m2);
           ^~~~~~~~~~~~~~~~~~~~~~~~~~~~~~~~~~~~~~~~~~~~~~~~~~~~~~~
/home/cx9ps3/Android/Sdk/ndk/23.1.7779620/toolchains/llvm/prebuilt/linux-x86_64/lib64/clang/12.0.8/include/mmintrin.h:416:12: error: invalid conversion between vector type '__m64' (vector of 1 'long long' value) and integer type 'int' of different size
    return (__m64)__builtin_ia32_paddsb((__v8qi)__m1, (__v8qi)__m2);
           ^~~~~~~~~~~~~~~~~~~~~~~~~~~~~~~~~~~~~~~~~~~~~~~~~~~~~~~~
/home/cx9ps3/Android/Sdk/ndk/23.1.7779620/toolchains/llvm/prebuilt/linux-x86_64/lib64/clang/12.0.8/include/mmintrin.h:439:12: error: invalid conversion between vector type '__m64' (vector of 1 'long long' value) and integer type 'int' of different size
    return (__m64)__builtin_ia32_paddsw((__v4hi)__m1, (__v4hi)__m2);
           ^~~~~~~~~~~~~~~~~~~~~~~~~~~~~~~~~~~~~~~~~~~~~~~~~~~~~~~~
/home/cx9ps3/Android/Sdk/ndk/23.1.7779620/toolchains/llvm/prebuilt/linux-x86_64/lib64/clang/12.0.8/include/mmintrin.h:461:12: error: invalid conversion between vector type '__m64' (vector of 1 'long long' value) and integer type 'int' of different size
    return (__m64)__builtin_ia32_paddusb((__v8qi)__m1, (__v8qi)__m2);
           ^~~~~~~~~~~~~~~~~~~~~~~~~~~~~~~~~~~~~~~~~~~~~~~~~~~~~~~~~
/home/cx9ps3/Android/Sdk/ndk/23.1.7779620/toolchains/llvm/prebuilt/linux-x86_64/lib64/clang/12.0.8/include/mmintrin.h:483:12: error: invalid conversion between vector type '__m64' (vector of 1 'long long' value) and integer type 'int' of different size
    return (__m64)__builtin_ia32_paddusw((__v4hi)__m1, (__v4hi)__m2);
           ^~~~~~~~~~~~~~~~~~~~~~~~~~~~~~~~~~~~~~~~~~~~~~~~~~~~~~~~~
/home/cx9ps3/Android/Sdk/ndk/23.1.7779620/toolchains/llvm/prebuilt/linux-x86_64/lib64/clang/12.0.8/include/mmintrin.h:504:12: error: invalid conversion between vector type '__m64' (vector of 1 'long long' value) and integer type 'int' of different size
    return (__m64)__builtin_ia32_psubb((__v8qi)__m1, (__v8qi)__m2);
           ^~~~~~~~~~~~~~~~~~~~~~~~~~~~~~~~~~~~~~~~~~~~~~~~~~~~~~~
/home/cx9ps3/Android/Sdk/ndk/23.1.7779620/toolchains/llvm/prebuilt/linux-x86_64/lib64/clang/12.0.8/include/mmintrin.h:525:12: error: invalid conversion between vector type '__m64' (vector of 1 'long long' value) and integer type 'int' of different size
    return (__m64)__builtin_ia32_psubw((__v4hi)__m1, (__v4hi)__m2);
           ^~~~~~~~~~~~~~~~~~~~~~~~~~~~~~~~~~~~~~~~~~~~~~~~~~~~~~~
fatal error: too many errors emitted, stopping now [-ferror-limit=]
20 errors generated.
ninja: build stopped: subcommand failed.


Source file was:

          #ifdef __MINGW32__
          #include <_mingw.h>
          #ifdef __MINGW64_VERSION_MAJOR
          #include <intrin.h>
          #else
          #include <xmmintrin.h>
          #endif
          #else
          #include <xmmintrin.h>
          #endif
          #ifndef __SSE__
          #error Assembler CPP flag not enabled
          #endif
          int main(int argc, char **argv) { return 0; }

Determining if the include file immintrin.h exists failed with the following output:
Change Dir: /home/cx9ps3/android-project/app/.cxx/Debug/675l145p/armeabi-v7a/CMakeFiles/CMakeScratch/TryCompile-DNB5Mj

Run Build Command(s):/usr/bin/ninja cmTC_992e7 && [1/2] Building C object CMakeFiles/cmTC_992e7.dir/CheckIncludeFile.c.o
FAILED: CMakeFiles/cmTC_992e7.dir/CheckIncludeFile.c.o 
/home/cx9ps3/Android/Sdk/ndk/23.1.7779620/toolchains/llvm/prebuilt/linux-x86_64/bin/clang --target=armv7-none-linux-androideabi16 --sysroot=/home/cx9ps3/Android/Sdk/ndk/23.1.7779620/toolchains/llvm/prebuilt/linux-x86_64/sysroot   -DANDROID -fdata-sections -ffunction-sections -funwind-tables -fstack-protector-strong -no-canonical-prefixes -D_FORTIFY_SOURCE=2 -march=armv7-a -mthumb -Wformat -Werror=format-security -fexceptions -idirafter "/home/cx9ps3/android-project/app/jni/SDL2/src/video/khronos"  -O2 -g -DNDEBUG -fPIE -MD -MT CMakeFiles/cmTC_992e7.dir/CheckIncludeFile.c.o -MF CMakeFiles/cmTC_992e7.dir/CheckIncludeFile.c.o.d -o CMakeFiles/cmTC_992e7.dir/CheckIncludeFile.c.o -c /home/cx9ps3/android-project/app/.cxx/Debug/675l145p/armeabi-v7a/CMakeFiles/CMakeScratch/TryCompile-DNB5Mj/CheckIncludeFile.c
In file included from /home/cx9ps3/android-project/app/.cxx/Debug/675l145p/armeabi-v7a/CMakeFiles/CMakeScratch/TryCompile-DNB5Mj/CheckIncludeFile.c:1:
In file included from /home/cx9ps3/Android/Sdk/ndk/23.1.7779620/toolchains/llvm/prebuilt/linux-x86_64/lib64/clang/12.0.8/include/immintrin.h:13:
In file included from /home/cx9ps3/Android/Sdk/ndk/23.1.7779620/toolchains/llvm/prebuilt/linux-x86_64/lib64/clang/12.0.8/include/x86gprintrin.h:15:
/home/cx9ps3/Android/Sdk/ndk/23.1.7779620/toolchains/llvm/prebuilt/linux-x86_64/lib64/clang/12.0.8/include/hresetintrin.h:42:27: error: invalid input constraint 'a' in asm
  __asm__ ("hreset $0" :: "a"(__eax));
                          ^
In file included from /home/cx9ps3/android-project/app/.cxx/Debug/675l145p/armeabi-v7a/CMakeFiles/CMakeScratch/TryCompile-DNB5Mj/CheckIncludeFile.c:1:
In file included from /home/cx9ps3/Android/Sdk/ndk/23.1.7779620/toolchains/llvm/prebuilt/linux-x86_64/lib64/clang/12.0.8/include/immintrin.h:17:
/home/cx9ps3/Android/Sdk/ndk/23.1.7779620/toolchains/llvm/prebuilt/linux-x86_64/lib64/clang/12.0.8/include/mmintrin.h:50:12: error: invalid conversion between vector type '__m64' (vector of 1 'long long' value) and integer type 'int' of different size
    return (__m64)__builtin_ia32_vec_init_v2si(__i, 0);
           ^~~~~~~~~~~~~~~~~~~~~~~~~~~~~~~~~~~~~~~~~~~
/home/cx9ps3/Android/Sdk/ndk/23.1.7779620/toolchains/llvm/prebuilt/linux-x86_64/lib64/clang/12.0.8/include/mmintrin.h:129:12: error: invalid conversion between vector type '__m64' (vector of 1 'long long' value) and integer type 'int' of different size
    return (__m64)__builtin_ia32_packsswb((__v4hi)__m1, (__v4hi)__m2);
           ^~~~~~~~~~~~~~~~~~~~~~~~~~~~~~~~~~~~~~~~~~~~~~~~~~~~~~~~~~
/home/cx9ps3/Android/Sdk/ndk/23.1.7779620/toolchains/llvm/prebuilt/linux-x86_64/lib64/clang/12.0.8/include/mmintrin.h:159:12: error: invalid conversion between vector type '__m64' (vector of 1 'long long' value) and integer type 'int' of different size
    return (__m64)__builtin_ia32_packssdw((__v2si)__m1, (__v2si)__m2);
           ^~~~~~~~~~~~~~~~~~~~~~~~~~~~~~~~~~~~~~~~~~~~~~~~~~~~~~~~~~
/home/cx9ps3/Android/Sdk/ndk/23.1.7779620/toolchains/llvm/prebuilt/linux-x86_64/lib64/clang/12.0.8/include/mmintrin.h:189:12: error: invalid conversion between vector type '__m64' (vector of 1 'long long' value) and integer type 'int' of different size
    return (__m64)__builtin_ia32_packuswb((__v4hi)__m1, (__v4hi)__m2);
           ^~~~~~~~~~~~~~~~~~~~~~~~~~~~~~~~~~~~~~~~~~~~~~~~~~~~~~~~~~
/home/cx9ps3/Android/Sdk/ndk/23.1.7779620/toolchains/llvm/prebuilt/linux-x86_64/lib64/clang/12.0.8/include/mmintrin.h:216:12: error: invalid conversion between vector type '__m64' (vector of 1 'long long' value) and integer type 'int' of different size
    return (__m64)__builtin_ia32_punpckhbw((__v8qi)__m1, (__v8qi)__m2);
           ^~~~~~~~~~~~~~~~~~~~~~~~~~~~~~~~~~~~~~~~~~~~~~~~~~~~~~~~~~~
/home/cx9ps3/Android/Sdk/ndk/23.1.7779620/toolchains/llvm/prebuilt/linux-x86_64/lib64/clang/12.0.8/include/mmintrin.h:239:12: error: invalid conversion between vector type '__m64' (vector of 1 'long long' value) and integer type 'int' of different size
    return (__m64)__builtin_ia32_punpckhwd((__v4hi)__m1, (__v4hi)__m2);
           ^~~~~~~~~~~~~~~~~~~~~~~~~~~~~~~~~~~~~~~~~~~~~~~~~~~~~~~~~~~
/home/cx9ps3/Android/Sdk/ndk/23.1.7779620/toolchains/llvm/prebuilt/linux-x86_64/lib64/clang/12.0.8/include/mmintrin.h:260:12: error: invalid conversion between vector type '__m64' (vector of 1 'long long' value) and integer type 'int' of different size
    return (__m64)__builtin_ia32_punpckhdq((__v2si)__m1, (__v2si)__m2);
           ^~~~~~~~~~~~~~~~~~~~~~~~~~~~~~~~~~~~~~~~~~~~~~~~~~~~~~~~~~~
/home/cx9ps3/Android/Sdk/ndk/23.1.7779620/toolchains/llvm/prebuilt/linux-x86_64/lib64/clang/12.0.8/include/mmintrin.h:287:12: error: invalid conversion between vector type '__m64' (vector of 1 'long long' value) and integer type 'int' of different size
    return (__m64)__builtin_ia32_punpcklbw((__v8qi)__m1, (__v8qi)__m2);
           ^~~~~~~~~~~~~~~~~~~~~~~~~~~~~~~~~~~~~~~~~~~~~~~~~~~~~~~~~~~
/home/cx9ps3/Android/Sdk/ndk/23.1.7779620/toolchains/llvm/prebuilt/linux-x86_64/lib64/clang/12.0.8/include/mmintrin.h:310:12: error: invalid conversion between vector type '__m64' (vector of 1 'long long' value) and integer type 'int' of different size
    return (__m64)__builtin_ia32_punpcklwd((__v4hi)__m1, (__v4hi)__m2);
           ^~~~~~~~~~~~~~~~~~~~~~~~~~~~~~~~~~~~~~~~~~~~~~~~~~~~~~~~~~~
/home/cx9ps3/Android/Sdk/ndk/23.1.7779620/toolchains/llvm/prebuilt/linux-x86_64/lib64/clang/12.0.8/include/mmintrin.h:331:12: error: invalid conversion between vector type '__m64' (vector of 1 'long long' value) and integer type 'int' of different size
    return (__m64)__builtin_ia32_punpckldq((__v2si)__m1, (__v2si)__m2);
           ^~~~~~~~~~~~~~~~~~~~~~~~~~~~~~~~~~~~~~~~~~~~~~~~~~~~~~~~~~~
/home/cx9ps3/Android/Sdk/ndk/23.1.7779620/toolchains/llvm/prebuilt/linux-x86_64/lib64/clang/12.0.8/include/mmintrin.h:352:12: error: invalid conversion between vector type '__m64' (vector of 1 'long long' value) and integer type 'int' of different size
    return (__m64)__builtin_ia32_paddb((__v8qi)__m1, (__v8qi)__m2);
           ^~~~~~~~~~~~~~~~~~~~~~~~~~~~~~~~~~~~~~~~~~~~~~~~~~~~~~~
/home/cx9ps3/Android/Sdk/ndk/23.1.7779620/toolchains/llvm/prebuilt/linux-x86_64/lib64/clang/12.0.8/include/mmintrin.h:373:12: error: invalid conversion between vector type '__m64' (vector of 1 'long long' value) and integer type 'int' of different size
    return (__m64)__builtin_ia32_paddw((__v4hi)__m1, (__v4hi)__m2);
           ^~~~~~~~~~~~~~~~~~~~~~~~~~~~~~~~~~~~~~~~~~~~~~~~~~~~~~~
/home/cx9ps3/Android/Sdk/ndk/23.1.7779620/toolchains/llvm/prebuilt/linux-x86_64/lib64/clang/12.0.8/include/mmintrin.h:394:12: error: invalid conversion between vector type '__m64' (vector of 1 'long long' value) and integer type 'int' of different size
    return (__m64)__builtin_ia32_paddd((__v2si)__m1, (__v2si)__m2);
           ^~~~~~~~~~~~~~~~~~~~~~~~~~~~~~~~~~~~~~~~~~~~~~~~~~~~~~~
/home/cx9ps3/Android/Sdk/ndk/23.1.7779620/toolchains/llvm/prebuilt/linux-x86_64/lib64/clang/12.0.8/include/mmintrin.h:416:12: error: invalid conversion between vector type '__m64' (vector of 1 'long long' value) and integer type 'int' of different size
    return (__m64)__builtin_ia32_paddsb((__v8qi)__m1, (__v8qi)__m2);
           ^~~~~~~~~~~~~~~~~~~~~~~~~~~~~~~~~~~~~~~~~~~~~~~~~~~~~~~~
/home/cx9ps3/Android/Sdk/ndk/23.1.7779620/toolchains/llvm/prebuilt/linux-x86_64/lib64/clang/12.0.8/include/mmintrin.h:439:12: error: invalid conversion between vector type '__m64' (vector of 1 'long long' value) and integer type 'int' of different size
    return (__m64)__builtin_ia32_paddsw((__v4hi)__m1, (__v4hi)__m2);
           ^~~~~~~~~~~~~~~~~~~~~~~~~~~~~~~~~~~~~~~~~~~~~~~~~~~~~~~~
/home/cx9ps3/Android/Sdk/ndk/23.1.7779620/toolchains/llvm/prebuilt/linux-x86_64/lib64/clang/12.0.8/include/mmintrin.h:461:12: error: invalid conversion between vector type '__m64' (vector of 1 'long long' value) and integer type 'int' of different size
    return (__m64)__builtin_ia32_paddusb((__v8qi)__m1, (__v8qi)__m2);
           ^~~~~~~~~~~~~~~~~~~~~~~~~~~~~~~~~~~~~~~~~~~~~~~~~~~~~~~~~
/home/cx9ps3/Android/Sdk/ndk/23.1.7779620/toolchains/llvm/prebuilt/linux-x86_64/lib64/clang/12.0.8/include/mmintrin.h:483:12: error: invalid conversion between vector type '__m64' (vector of 1 'long long' value) and integer type 'int' of different size
    return (__m64)__builtin_ia32_paddusw((__v4hi)__m1, (__v4hi)__m2);
           ^~~~~~~~~~~~~~~~~~~~~~~~~~~~~~~~~~~~~~~~~~~~~~~~~~~~~~~~~
/home/cx9ps3/Android/Sdk/ndk/23.1.7779620/toolchains/llvm/prebuilt/linux-x86_64/lib64/clang/12.0.8/include/mmintrin.h:504:12: error: invalid conversion between vector type '__m64' (vector of 1 'long long' value) and integer type 'int' of different size
    return (__m64)__builtin_ia32_psubb((__v8qi)__m1, (__v8qi)__m2);
           ^~~~~~~~~~~~~~~~~~~~~~~~~~~~~~~~~~~~~~~~~~~~~~~~~~~~~~~
fatal error: too many errors emitted, stopping now [-ferror-limit=]
20 errors generated.
ninja: build stopped: subcommand failed.



Performing C SOURCE FILE Test HAVE_ALTIVEC_H_HDR failed with the following output:
Change Dir: /home/cx9ps3/android-project/app/.cxx/Debug/675l145p/armeabi-v7a/CMakeFiles/CMakeScratch/TryCompile-rbRT0i

Run Build Command(s):/usr/bin/ninja cmTC_f08f0 && [1/2] Building C object CMakeFiles/cmTC_f08f0.dir/src.c.o
FAILED: CMakeFiles/cmTC_f08f0.dir/src.c.o 
/home/cx9ps3/Android/Sdk/ndk/23.1.7779620/toolchains/llvm/prebuilt/linux-x86_64/bin/clang --target=armv7-none-linux-androideabi16 --sysroot=/home/cx9ps3/Android/Sdk/ndk/23.1.7779620/toolchains/llvm/prebuilt/linux-x86_64/sysroot -DHAVE_ALTIVEC_H_HDR  -DANDROID -fdata-sections -ffunction-sections -funwind-tables -fstack-protector-strong -no-canonical-prefixes -D_FORTIFY_SOURCE=2 -march=armv7-a -mthumb -Wformat -Werror=format-security -fexceptions -idirafter "/home/cx9ps3/android-project/app/jni/SDL2/src/video/khronos" -maltivec -O2 -g -DNDEBUG -fPIE -MD -MT CMakeFiles/cmTC_f08f0.dir/src.c.o -MF CMakeFiles/cmTC_f08f0.dir/src.c.o.d -o CMakeFiles/cmTC_f08f0.dir/src.c.o -c /home/cx9ps3/android-project/app/.cxx/Debug/675l145p/armeabi-v7a/CMakeFiles/CMakeScratch/TryCompile-rbRT0i/src.c
clang: warning: argument unused during compilation: '-maltivec' [-Wunused-command-line-argument]
In file included from /home/cx9ps3/android-project/app/.cxx/Debug/675l145p/armeabi-v7a/CMakeFiles/CMakeScratch/TryCompile-rbRT0i/src.c:2:
/home/cx9ps3/Android/Sdk/ndk/23.1.7779620/toolchains/llvm/prebuilt/linux-x86_64/lib64/clang/12.0.8/include/altivec.h:13:2: error: "AltiVec support not enabled"
#error "AltiVec support not enabled"
 ^
/home/cx9ps3/Android/Sdk/ndk/23.1.7779620/toolchains/llvm/prebuilt/linux-x86_64/lib64/clang/12.0.8/include/altivec.h:48:19: error: unknown type name 'vector'
static __inline__ vector signed char __ATTRS_o_ai vec_perm(
                  ^
/home/cx9ps3/Android/Sdk/ndk/23.1.7779620/toolchains/llvm/prebuilt/linux-x86_64/lib64/clang/12.0.8/include/altivec.h:49:5: error: unknown type name 'vector'
    vector signed char __a, vector signed char __b, vector unsigned char __c);
    ^
/home/cx9ps3/Android/Sdk/ndk/23.1.7779620/toolchains/llvm/prebuilt/linux-x86_64/lib64/clang/12.0.8/include/altivec.h:49:29: error: unknown type name 'vector'
    vector signed char __a, vector signed char __b, vector unsigned char __c);
                            ^
/home/cx9ps3/Android/Sdk/ndk/23.1.7779620/toolchains/llvm/prebuilt/linux-x86_64/lib64/clang/12.0.8/include/altivec.h:49:53: error: unknown type name 'vector'
    vector signed char __a, vector signed char __b, vector unsigned char __c);
                                                    ^
/home/cx9ps3/Android/Sdk/ndk/23.1.7779620/toolchains/llvm/prebuilt/linux-x86_64/lib64/clang/12.0.8/include/altivec.h:51:19: error: unknown type name 'vector'
static __inline__ vector unsigned char __ATTRS_o_ai
                  ^
/home/cx9ps3/Android/Sdk/ndk/23.1.7779620/toolchains/llvm/prebuilt/linux-x86_64/lib64/clang/12.0.8/include/altivec.h:52:10: error: unknown type name 'vector'
vec_perm(vector unsigned char __a, vector unsigned char __b,
         ^
/home/cx9ps3/Android/Sdk/ndk/23.1.7779620/toolchains/llvm/prebuilt/linux-x86_64/lib64/clang/12.0.8/include/altivec.h:52:36: error: unknown type name 'vector'
vec_perm(vector unsigned char __a, vector unsigned char __b,
                                   ^
/home/cx9ps3/Android/Sdk/ndk/23.1.7779620/toolchains/llvm/prebuilt/linux-x86_64/lib64/clang/12.0.8/include/altivec.h:53:10: error: unknown type name 'vector'
         vector unsigned char __c);
         ^
/home/cx9ps3/Android/Sdk/ndk/23.1.7779620/toolchains/llvm/prebuilt/linux-x86_64/lib64/clang/12.0.8/include/altivec.h:55:19: error: unknown type name 'vector'
static __inline__ vector bool char __ATTRS_o_ai
                  ^
/home/cx9ps3/Android/Sdk/ndk/23.1.7779620/toolchains/llvm/prebuilt/linux-x86_64/lib64/clang/12.0.8/include/altivec.h:55:8: error: 'inline' can only appear on functions
static __inline__ vector bool char __ATTRS_o_ai
       ^
/home/cx9ps3/Android/Sdk/ndk/23.1.7779620/toolchains/llvm/prebuilt/linux-x86_64/lib64/clang/12.0.8/include/altivec.h:55:30: error: expected ';' after top level declarator
static __inline__ vector bool char __ATTRS_o_ai
                             ^
/home/cx9ps3/Android/Sdk/ndk/23.1.7779620/toolchains/llvm/prebuilt/linux-x86_64/lib64/clang/12.0.8/include/altivec.h:56:10: error: unknown type name 'vector'
vec_perm(vector bool char __a, vector bool char __b, vector unsigned char __c);
         ^
/home/cx9ps3/Android/Sdk/ndk/23.1.7779620/toolchains/llvm/prebuilt/linux-x86_64/lib64/clang/12.0.8/include/altivec.h:56:22: error: expected ')'
vec_perm(vector bool char __a, vector bool char __b, vector unsigned char __c);
                     ^
/home/cx9ps3/Android/Sdk/ndk/23.1.7779620/toolchains/llvm/prebuilt/linux-x86_64/lib64/clang/12.0.8/include/altivec.h:56:9: note: to match this '('
vec_perm(vector bool char __a, vector bool char __b, vector unsigned char __c);
        ^
/home/cx9ps3/Android/Sdk/ndk/23.1.7779620/toolchains/llvm/prebuilt/linux-x86_64/lib64/clang/12.0.8/include/altivec.h:58:19: error: unknown type name 'vector'
static __inline__ vector short __ATTRS_o_ai vec_perm(vector signed short __a,
                  ^
/home/cx9ps3/Android/Sdk/ndk/23.1.7779620/toolchains/llvm/prebuilt/linux-x86_64/lib64/clang/12.0.8/include/altivec.h:58:54: error: unknown type name 'vector'
static __inline__ vector short __ATTRS_o_ai vec_perm(vector signed short __a,
                                                     ^
/home/cx9ps3/Android/Sdk/ndk/23.1.7779620/toolchains/llvm/prebuilt/linux-x86_64/lib64/clang/12.0.8/include/altivec.h:59:54: error: unknown type name 'vector'
                                                     vector signed short __b,
                                                     ^
/home/cx9ps3/Android/Sdk/ndk/23.1.7779620/toolchains/llvm/prebuilt/linux-x86_64/lib64/clang/12.0.8/include/altivec.h:60:54: error: unknown type name 'vector'
                                                     vector unsigned char __c);
                                                     ^
/home/cx9ps3/Android/Sdk/ndk/23.1.7779620/toolchains/llvm/prebuilt/linux-x86_64/lib64/clang/12.0.8/include/altivec.h:62:19: error: unknown type name 'vector'
static __inline__ vector unsigned short __ATTRS_o_ai
                  ^
fatal error: too many errors emitted, stopping now [-ferror-limit=]
20 errors generated.
ninja: build stopped: subcommand failed.


Source file was:

          #include <altivec.h>
          vector unsigned int vzero() {
              return vec_splat_u32(0);
          }
          int main(int argc, char **argv) { return 0; }

Performing C SOURCE FILE Test HAVE_ALTIVEC failed with the following output:
Change Dir: /home/cx9ps3/android-project/app/.cxx/Debug/675l145p/armeabi-v7a/CMakeFiles/CMakeScratch/TryCompile-errvX6

Run Build Command(s):/usr/bin/ninja cmTC_ca83c && [1/2] Building C object CMakeFiles/cmTC_ca83c.dir/src.c.o
FAILED: CMakeFiles/cmTC_ca83c.dir/src.c.o 
/home/cx9ps3/Android/Sdk/ndk/23.1.7779620/toolchains/llvm/prebuilt/linux-x86_64/bin/clang --target=armv7-none-linux-androideabi16 --sysroot=/home/cx9ps3/Android/Sdk/ndk/23.1.7779620/toolchains/llvm/prebuilt/linux-x86_64/sysroot -DHAVE_ALTIVEC  -DANDROID -fdata-sections -ffunction-sections -funwind-tables -fstack-protector-strong -no-canonical-prefixes -D_FORTIFY_SOURCE=2 -march=armv7-a -mthumb -Wformat -Werror=format-security -fexceptions -idirafter "/home/cx9ps3/android-project/app/jni/SDL2/src/video/khronos" -maltivec -O2 -g -DNDEBUG -fPIE -MD -MT CMakeFiles/cmTC_ca83c.dir/src.c.o -MF CMakeFiles/cmTC_ca83c.dir/src.c.o.d -o CMakeFiles/cmTC_ca83c.dir/src.c.o -c /home/cx9ps3/android-project/app/.cxx/Debug/675l145p/armeabi-v7a/CMakeFiles/CMakeScratch/TryCompile-errvX6/src.c
clang: warning: argument unused during compilation: '-maltivec' [-Wunused-command-line-argument]
/home/cx9ps3/android-project/app/.cxx/Debug/675l145p/armeabi-v7a/CMakeFiles/CMakeScratch/TryCompile-errvX6/src.c:2:11: error: unknown type name 'vector'
          vector unsigned int vzero() {
          ^
/home/cx9ps3/android-project/app/.cxx/Debug/675l145p/armeabi-v7a/CMakeFiles/CMakeScratch/TryCompile-errvX6/src.c:3:22: warning: implicit declaration of function 'vec_splat_u32' is invalid in C99 [-Wimplicit-function-declaration]
              return vec_splat_u32(0);
                     ^
1 warning and 1 error generated.
ninja: build stopped: subcommand failed.


Source file was:

          vector unsigned int vzero() {
              return vec_splat_u32(0);
          }
          int main(int argc, char **argv) { return 0; }

Determining if the include file libunwind.h exists failed with the following output:
Change Dir: /home/cx9ps3/android-project/app/.cxx/Debug/675l145p/armeabi-v7a/CMakeFiles/CMakeScratch/TryCompile-cQahEm

Run Build Command(s):/usr/bin/ninja cmTC_88a83 && [1/2] Building C object CMakeFiles/cmTC_88a83.dir/CheckIncludeFile.c.o
FAILED: CMakeFiles/cmTC_88a83.dir/CheckIncludeFile.c.o 
/home/cx9ps3/Android/Sdk/ndk/23.1.7779620/toolchains/llvm/prebuilt/linux-x86_64/bin/clang --target=armv7-none-linux-androideabi16 --sysroot=/home/cx9ps3/Android/Sdk/ndk/23.1.7779620/toolchains/llvm/prebuilt/linux-x86_64/sysroot   -DANDROID -fdata-sections -ffunction-sections -funwind-tables -fstack-protector-strong -no-canonical-prefixes -D_FORTIFY_SOURCE=2 -march=armv7-a -mthumb -Wformat -Werror=format-security -fexceptions -idirafter "/home/cx9ps3/android-project/app/jni/SDL2/src/video/khronos"  -O2 -g -DNDEBUG -fPIE -MD -MT CMakeFiles/cmTC_88a83.dir/CheckIncludeFile.c.o -MF CMakeFiles/cmTC_88a83.dir/CheckIncludeFile.c.o.d -o CMakeFiles/cmTC_88a83.dir/CheckIncludeFile.c.o -c /home/cx9ps3/android-project/app/.cxx/Debug/675l145p/armeabi-v7a/CMakeFiles/CMakeScratch/TryCompile-cQahEm/CheckIncludeFile.c
/home/cx9ps3/android-project/app/.cxx/Debug/675l145p/armeabi-v7a/CMakeFiles/CMakeScratch/TryCompile-cQahEm/CheckIncludeFile.c:1:10: fatal error: 'libunwind.h' file not found
#include <libunwind.h>
         ^~~~~~~~~~~~~
1 error generated.
ninja: build stopped: subcommand failed.



Determining if the bcopy exist failed with the following output:
Change Dir: /home/cx9ps3/android-project/app/.cxx/Debug/675l145p/armeabi-v7a/CMakeFiles/CMakeScratch/TryCompile-wn3FzF

Run Build Command(s):/usr/bin/ninja cmTC_29cc2 && [1/2] Building C object CMakeFiles/cmTC_29cc2.dir/CheckSymbolExists.c.o
FAILED: CMakeFiles/cmTC_29cc2.dir/CheckSymbolExists.c.o 
/home/cx9ps3/Android/Sdk/ndk/23.1.7779620/toolchains/llvm/prebuilt/linux-x86_64/bin/clang --target=armv7-none-linux-androideabi16 --sysroot=/home/cx9ps3/Android/Sdk/ndk/23.1.7779620/toolchains/llvm/prebuilt/linux-x86_64/sysroot   -DANDROID -fdata-sections -ffunction-sections -funwind-tables -fstack-protector-strong -no-canonical-prefixes -D_FORTIFY_SOURCE=2 -march=armv7-a -mthumb -Wformat -fexceptions -idirafter "/home/cx9ps3/android-project/app/jni/SDL2/src/video/khronos"  -O2 -g -DNDEBUG -fPIE -MD -MT CMakeFiles/cmTC_29cc2.dir/CheckSymbolExists.c.o -MF CMakeFiles/cmTC_29cc2.dir/CheckSymbolExists.c.o.d -o CMakeFiles/cmTC_29cc2.dir/CheckSymbolExists.c.o -c /home/cx9ps3/android-project/app/.cxx/Debug/675l145p/armeabi-v7a/CMakeFiles/CMakeScratch/TryCompile-wn3FzF/CheckSymbolExists.c
/home/cx9ps3/android-project/app/.cxx/Debug/675l145p/armeabi-v7a/CMakeFiles/CMakeScratch/TryCompile-wn3FzF/CheckSymbolExists.c:14:19: error: use of undeclared identifier 'bcopy'
  return ((int*)(&bcopy))[argc];
                  ^
1 error generated.
ninja: build stopped: subcommand failed.


File CheckSymbolExists.c:
/* */
#include <stddef.h>
#include <stdarg.h>
#include <stdlib.h>
#include <string.h>
#include <stdio.h>
#include <wchar.h>
#include <float.h>

int main(int argc, char** argv)
{
  (void)argv;
#ifndef bcopy
  return ((int*)(&bcopy))[argc];
#else
  (void)argc;
  return 0;
#endif
}
Determining if the _strrev exist failed with the following output:
Change Dir: /home/cx9ps3/android-project/app/.cxx/Debug/675l145p/armeabi-v7a/CMakeFiles/CMakeScratch/TryCompile-5mWCHO

Run Build Command(s):/usr/bin/ninja cmTC_97286 && [1/2] Building C object CMakeFiles/cmTC_97286.dir/CheckSymbolExists.c.o
FAILED: CMakeFiles/cmTC_97286.dir/CheckSymbolExists.c.o 
/home/cx9ps3/Android/Sdk/ndk/23.1.7779620/toolchains/llvm/prebuilt/linux-x86_64/bin/clang --target=armv7-none-linux-androideabi16 --sysroot=/home/cx9ps3/Android/Sdk/ndk/23.1.7779620/toolchains/llvm/prebuilt/linux-x86_64/sysroot   -DANDROID -fdata-sections -ffunction-sections -funwind-tables -fstack-protector-strong -no-canonical-prefixes -D_FORTIFY_SOURCE=2 -march=armv7-a -mthumb -Wformat -fexceptions -idirafter "/home/cx9ps3/android-project/app/jni/SDL2/src/video/khronos"  -O2 -g -DNDEBUG -fPIE -MD -MT CMakeFiles/cmTC_97286.dir/CheckSymbolExists.c.o -MF CMakeFiles/cmTC_97286.dir/CheckSymbolExists.c.o.d -o CMakeFiles/cmTC_97286.dir/CheckSymbolExists.c.o -c /home/cx9ps3/android-project/app/.cxx/Debug/675l145p/armeabi-v7a/CMakeFiles/CMakeScratch/TryCompile-5mWCHO/CheckSymbolExists.c
/home/cx9ps3/android-project/app/.cxx/Debug/675l145p/armeabi-v7a/CMakeFiles/CMakeScratch/TryCompile-5mWCHO/CheckSymbolExists.c:14:19: error: use of undeclared identifier '_strrev'
  return ((int*)(&_strrev))[argc];
                  ^
1 error generated.
ninja: build stopped: subcommand failed.


File CheckSymbolExists.c:
/* */
#include <stddef.h>
#include <stdarg.h>
#include <stdlib.h>
#include <string.h>
#include <stdio.h>
#include <wchar.h>
#include <float.h>

int main(int argc, char** argv)
{
  (void)argv;
#ifndef _strrev
  return ((int*)(&_strrev))[argc];
#else
  (void)argc;
  return 0;
#endif
}
Determining if the _strupr exist failed with the following output:
Change Dir: /home/cx9ps3/android-project/app/.cxx/Debug/675l145p/armeabi-v7a/CMakeFiles/CMakeScratch/TryCompile-trUz2R

Run Build Command(s):/usr/bin/ninja cmTC_b6863 && [1/2] Building C object CMakeFiles/cmTC_b6863.dir/CheckSymbolExists.c.o
FAILED: CMakeFiles/cmTC_b6863.dir/CheckSymbolExists.c.o 
/home/cx9ps3/Android/Sdk/ndk/23.1.7779620/toolchains/llvm/prebuilt/linux-x86_64/bin/clang --target=armv7-none-linux-androideabi16 --sysroot=/home/cx9ps3/Android/Sdk/ndk/23.1.7779620/toolchains/llvm/prebuilt/linux-x86_64/sysroot   -DANDROID -fdata-sections -ffunction-sections -funwind-tables -fstack-protector-strong -no-canonical-prefixes -D_FORTIFY_SOURCE=2 -march=armv7-a -mthumb -Wformat -fexceptions -idirafter "/home/cx9ps3/android-project/app/jni/SDL2/src/video/khronos"  -O2 -g -DNDEBUG -fPIE -MD -MT CMakeFiles/cmTC_b6863.dir/CheckSymbolExists.c.o -MF CMakeFiles/cmTC_b6863.dir/CheckSymbolExists.c.o.d -o CMakeFiles/cmTC_b6863.dir/CheckSymbolExists.c.o -c /home/cx9ps3/android-project/app/.cxx/Debug/675l145p/armeabi-v7a/CMakeFiles/CMakeScratch/TryCompile-trUz2R/CheckSymbolExists.c
/home/cx9ps3/android-project/app/.cxx/Debug/675l145p/armeabi-v7a/CMakeFiles/CMakeScratch/TryCompile-trUz2R/CheckSymbolExists.c:14:19: error: use of undeclared identifier '_strupr'
  return ((int*)(&_strupr))[argc];
                  ^
1 error generated.
ninja: build stopped: subcommand failed.


File CheckSymbolExists.c:
/* */
#include <stddef.h>
#include <stdarg.h>
#include <stdlib.h>
#include <string.h>
#include <stdio.h>
#include <wchar.h>
#include <float.h>

int main(int argc, char** argv)
{
  (void)argv;
#ifndef _strupr
  return ((int*)(&_strupr))[argc];
#else
  (void)argc;
  return 0;
#endif
}
Determining if the _strlwr exist failed with the following output:
Change Dir: /home/cx9ps3/android-project/app/.cxx/Debug/675l145p/armeabi-v7a/CMakeFiles/CMakeScratch/TryCompile-GQgVPu

Run Build Command(s):/usr/bin/ninja cmTC_33fd3 && [1/2] Building C object CMakeFiles/cmTC_33fd3.dir/CheckSymbolExists.c.o
FAILED: CMakeFiles/cmTC_33fd3.dir/CheckSymbolExists.c.o 
/home/cx9ps3/Android/Sdk/ndk/23.1.7779620/toolchains/llvm/prebuilt/linux-x86_64/bin/clang --target=armv7-none-linux-androideabi16 --sysroot=/home/cx9ps3/Android/Sdk/ndk/23.1.7779620/toolchains/llvm/prebuilt/linux-x86_64/sysroot   -DANDROID -fdata-sections -ffunction-sections -funwind-tables -fstack-protector-strong -no-canonical-prefixes -D_FORTIFY_SOURCE=2 -march=armv7-a -mthumb -Wformat -fexceptions -idirafter "/home/cx9ps3/android-project/app/jni/SDL2/src/video/khronos"  -O2 -g -DNDEBUG -fPIE -MD -MT CMakeFiles/cmTC_33fd3.dir/CheckSymbolExists.c.o -MF CMakeFiles/cmTC_33fd3.dir/CheckSymbolExists.c.o.d -o CMakeFiles/cmTC_33fd3.dir/CheckSymbolExists.c.o -c /home/cx9ps3/android-project/app/.cxx/Debug/675l145p/armeabi-v7a/CMakeFiles/CMakeScratch/TryCompile-GQgVPu/CheckSymbolExists.c
/home/cx9ps3/android-project/app/.cxx/Debug/675l145p/armeabi-v7a/CMakeFiles/CMakeScratch/TryCompile-GQgVPu/CheckSymbolExists.c:14:19: error: use of undeclared identifier '_strlwr'
  return ((int*)(&_strlwr))[argc];
                  ^
1 error generated.
ninja: build stopped: subcommand failed.


File CheckSymbolExists.c:
/* */
#include <stddef.h>
#include <stdarg.h>
#include <stdlib.h>
#include <string.h>
#include <stdio.h>
#include <wchar.h>
#include <float.h>

int main(int argc, char** argv)
{
  (void)argv;
#ifndef _strlwr
  return ((int*)(&_strlwr))[argc];
#else
  (void)argc;
  return 0;
#endif
}
Determining if the index exist failed with the following output:
Change Dir: /home/cx9ps3/android-project/app/.cxx/Debug/675l145p/armeabi-v7a/CMakeFiles/CMakeScratch/TryCompile-s2IcN4

Run Build Command(s):/usr/bin/ninja cmTC_db026 && [1/2] Building C object CMakeFiles/cmTC_db026.dir/CheckSymbolExists.c.o
/home/cx9ps3/android-project/app/.cxx/Debug/675l145p/armeabi-v7a/CMakeFiles/CMakeScratch/TryCompile-s2IcN4/CheckSymbolExists.c:14:19: warning: implicitly declaring library function 'index' with type 'char *(const char *, int)' [-Wimplicit-function-declaration]
  return ((int*)(&index))[argc];
                  ^
/home/cx9ps3/android-project/app/.cxx/Debug/675l145p/armeabi-v7a/CMakeFiles/CMakeScratch/TryCompile-s2IcN4/CheckSymbolExists.c:14:19: note: include the header <strings.h> or explicitly provide a declaration for 'index'
1 warning generated.
[2/2] Linking C executable cmTC_db026
FAILED: cmTC_db026 
: && /home/cx9ps3/Android/Sdk/ndk/23.1.7779620/toolchains/llvm/prebuilt/linux-x86_64/bin/clang --target=armv7-none-linux-androideabi16 --sysroot=/home/cx9ps3/Android/Sdk/ndk/23.1.7779620/toolchains/llvm/prebuilt/linux-x86_64/sysroot -DANDROID -fdata-sections -ffunction-sections -funwind-tables -fstack-protector-strong -no-canonical-prefixes -D_FORTIFY_SOURCE=2 -march=armv7-a -mthumb -Wformat -fexceptions -idirafter "/home/cx9ps3/android-project/app/jni/SDL2/src/video/khronos"  -O2 -g -DNDEBUG -Wl,--build-id=sha1 -Wl,--no-rosegment -Wl,--fatal-warnings -Qunused-arguments -Wl,--no-undefined  -Wl,--gc-sections CMakeFiles/cmTC_db026.dir/CheckSymbolExists.c.o -o cmTC_db026  -latomic -lm && :
ld: error: undefined symbol: index
>>> referenced by CheckSymbolExists.c:0
>>>               CMakeFiles/cmTC_db026.dir/CheckSymbolExists.c.o:(main)
clang: error: linker command failed with exit code 1 (use -v to see invocation)
ninja: build stopped: subcommand failed.


File CheckSymbolExists.c:
/* */
#include <stddef.h>
#include <stdarg.h>
#include <stdlib.h>
#include <string.h>
#include <stdio.h>
#include <wchar.h>
#include <float.h>

int main(int argc, char** argv)
{
  (void)argv;
#ifndef index
  return ((int*)(&index))[argc];
#else
  (void)argc;
  return 0;
#endif
}
Determining if the rindex exist failed with the following output:
Change Dir: /home/cx9ps3/android-project/app/.cxx/Debug/675l145p/armeabi-v7a/CMakeFiles/CMakeScratch/TryCompile-xpq1UZ

Run Build Command(s):/usr/bin/ninja cmTC_fd9c8 && [1/2] Building C object CMakeFiles/cmTC_fd9c8.dir/CheckSymbolExists.c.o
/home/cx9ps3/android-project/app/.cxx/Debug/675l145p/armeabi-v7a/CMakeFiles/CMakeScratch/TryCompile-xpq1UZ/CheckSymbolExists.c:14:19: warning: implicitly declaring library function 'rindex' with type 'char *(const char *, int)' [-Wimplicit-function-declaration]
  return ((int*)(&rindex))[argc];
                  ^
/home/cx9ps3/android-project/app/.cxx/Debug/675l145p/armeabi-v7a/CMakeFiles/CMakeScratch/TryCompile-xpq1UZ/CheckSymbolExists.c:14:19: note: include the header <strings.h> or explicitly provide a declaration for 'rindex'
1 warning generated.
[2/2] Linking C executable cmTC_fd9c8
FAILED: cmTC_fd9c8 
: && /home/cx9ps3/Android/Sdk/ndk/23.1.7779620/toolchains/llvm/prebuilt/linux-x86_64/bin/clang --target=armv7-none-linux-androideabi16 --sysroot=/home/cx9ps3/Android/Sdk/ndk/23.1.7779620/toolchains/llvm/prebuilt/linux-x86_64/sysroot -DANDROID -fdata-sections -ffunction-sections -funwind-tables -fstack-protector-strong -no-canonical-prefixes -D_FORTIFY_SOURCE=2 -march=armv7-a -mthumb -Wformat -fexceptions -idirafter "/home/cx9ps3/android-project/app/jni/SDL2/src/video/khronos"  -O2 -g -DNDEBUG -Wl,--build-id=sha1 -Wl,--no-rosegment -Wl,--fatal-warnings -Qunused-arguments -Wl,--no-undefined  -Wl,--gc-sections CMakeFiles/cmTC_fd9c8.dir/CheckSymbolExists.c.o -o cmTC_fd9c8  -latomic -lm && :
ld: error: undefined symbol: rindex
>>> referenced by CheckSymbolExists.c:0
>>>               CMakeFiles/cmTC_fd9c8.dir/CheckSymbolExists.c.o:(main)
clang: error: linker command failed with exit code 1 (use -v to see invocation)
ninja: build stopped: subcommand failed.


File CheckSymbolExists.c:
/* */
#include <stddef.h>
#include <stdarg.h>
#include <stdlib.h>
#include <string.h>
#include <stdio.h>
#include <wchar.h>
#include <float.h>

int main(int argc, char** argv)
{
  (void)argv;
#ifndef rindex
  return ((int*)(&rindex))[argc];
#else
  (void)argc;
  return 0;
#endif
}
Determining if the itoa exist failed with the following output:
Change Dir: /home/cx9ps3/android-project/app/.cxx/Debug/675l145p/armeabi-v7a/CMakeFiles/CMakeScratch/TryCompile-bGivH6

Run Build Command(s):/usr/bin/ninja cmTC_1d07e && [1/2] Building C object CMakeFiles/cmTC_1d07e.dir/CheckSymbolExists.c.o
FAILED: CMakeFiles/cmTC_1d07e.dir/CheckSymbolExists.c.o 
/home/cx9ps3/Android/Sdk/ndk/23.1.7779620/toolchains/llvm/prebuilt/linux-x86_64/bin/clang --target=armv7-none-linux-androideabi16 --sysroot=/home/cx9ps3/Android/Sdk/ndk/23.1.7779620/toolchains/llvm/prebuilt/linux-x86_64/sysroot   -DANDROID -fdata-sections -ffunction-sections -funwind-tables -fstack-protector-strong -no-canonical-prefixes -D_FORTIFY_SOURCE=2 -march=armv7-a -mthumb -Wformat -fexceptions -idirafter "/home/cx9ps3/android-project/app/jni/SDL2/src/video/khronos"  -O2 -g -DNDEBUG -fPIE -MD -MT CMakeFiles/cmTC_1d07e.dir/CheckSymbolExists.c.o -MF CMakeFiles/cmTC_1d07e.dir/CheckSymbolExists.c.o.d -o CMakeFiles/cmTC_1d07e.dir/CheckSymbolExists.c.o -c /home/cx9ps3/android-project/app/.cxx/Debug/675l145p/armeabi-v7a/CMakeFiles/CMakeScratch/TryCompile-bGivH6/CheckSymbolExists.c
/home/cx9ps3/android-project/app/.cxx/Debug/675l145p/armeabi-v7a/CMakeFiles/CMakeScratch/TryCompile-bGivH6/CheckSymbolExists.c:14:19: error: use of undeclared identifier 'itoa'
  return ((int*)(&itoa))[argc];
                  ^
1 error generated.
ninja: build stopped: subcommand failed.


File CheckSymbolExists.c:
/* */
#include <stddef.h>
#include <stdarg.h>
#include <stdlib.h>
#include <string.h>
#include <stdio.h>
#include <wchar.h>
#include <float.h>

int main(int argc, char** argv)
{
  (void)argv;
#ifndef itoa
  return ((int*)(&itoa))[argc];
#else
  (void)argc;
  return 0;
#endif
}
Determining if the _ltoa exist failed with the following output:
Change Dir: /home/cx9ps3/android-project/app/.cxx/Debug/675l145p/armeabi-v7a/CMakeFiles/CMakeScratch/TryCompile-ajpgf8

Run Build Command(s):/usr/bin/ninja cmTC_c798a && [1/2] Building C object CMakeFiles/cmTC_c798a.dir/CheckSymbolExists.c.o
FAILED: CMakeFiles/cmTC_c798a.dir/CheckSymbolExists.c.o 
/home/cx9ps3/Android/Sdk/ndk/23.1.7779620/toolchains/llvm/prebuilt/linux-x86_64/bin/clang --target=armv7-none-linux-androideabi16 --sysroot=/home/cx9ps3/Android/Sdk/ndk/23.1.7779620/toolchains/llvm/prebuilt/linux-x86_64/sysroot   -DANDROID -fdata-sections -ffunction-sections -funwind-tables -fstack-protector-strong -no-canonical-prefixes -D_FORTIFY_SOURCE=2 -march=armv7-a -mthumb -Wformat -fexceptions -idirafter "/home/cx9ps3/android-project/app/jni/SDL2/src/video/khronos"  -O2 -g -DNDEBUG -fPIE -MD -MT CMakeFiles/cmTC_c798a.dir/CheckSymbolExists.c.o -MF CMakeFiles/cmTC_c798a.dir/CheckSymbolExists.c.o.d -o CMakeFiles/cmTC_c798a.dir/CheckSymbolExists.c.o -c /home/cx9ps3/android-project/app/.cxx/Debug/675l145p/armeabi-v7a/CMakeFiles/CMakeScratch/TryCompile-ajpgf8/CheckSymbolExists.c
/home/cx9ps3/android-project/app/.cxx/Debug/675l145p/armeabi-v7a/CMakeFiles/CMakeScratch/TryCompile-ajpgf8/CheckSymbolExists.c:14:19: error: use of undeclared identifier '_ltoa'
  return ((int*)(&_ltoa))[argc];
                  ^
1 error generated.
ninja: build stopped: subcommand failed.


File CheckSymbolExists.c:
/* */
#include <stddef.h>
#include <stdarg.h>
#include <stdlib.h>
#include <string.h>
#include <stdio.h>
#include <wchar.h>
#include <float.h>

int main(int argc, char** argv)
{
  (void)argv;
#ifndef _ltoa
  return ((int*)(&_ltoa))[argc];
#else
  (void)argc;
  return 0;
#endif
}
Determining if the _uitoa exist failed with the following output:
Change Dir: /home/cx9ps3/android-project/app/.cxx/Debug/675l145p/armeabi-v7a/CMakeFiles/CMakeScratch/TryCompile-29KYzR

Run Build Command(s):/usr/bin/ninja cmTC_ee619 && [1/2] Building C object CMakeFiles/cmTC_ee619.dir/CheckSymbolExists.c.o
FAILED: CMakeFiles/cmTC_ee619.dir/CheckSymbolExists.c.o 
/home/cx9ps3/Android/Sdk/ndk/23.1.7779620/toolchains/llvm/prebuilt/linux-x86_64/bin/clang --target=armv7-none-linux-androideabi16 --sysroot=/home/cx9ps3/Android/Sdk/ndk/23.1.7779620/toolchains/llvm/prebuilt/linux-x86_64/sysroot   -DANDROID -fdata-sections -ffunction-sections -funwind-tables -fstack-protector-strong -no-canonical-prefixes -D_FORTIFY_SOURCE=2 -march=armv7-a -mthumb -Wformat -fexceptions -idirafter "/home/cx9ps3/android-project/app/jni/SDL2/src/video/khronos"  -O2 -g -DNDEBUG -fPIE -MD -MT CMakeFiles/cmTC_ee619.dir/CheckSymbolExists.c.o -MF CMakeFiles/cmTC_ee619.dir/CheckSymbolExists.c.o.d -o CMakeFiles/cmTC_ee619.dir/CheckSymbolExists.c.o -c /home/cx9ps3/android-project/app/.cxx/Debug/675l145p/armeabi-v7a/CMakeFiles/CMakeScratch/TryCompile-29KYzR/CheckSymbolExists.c
/home/cx9ps3/android-project/app/.cxx/Debug/675l145p/armeabi-v7a/CMakeFiles/CMakeScratch/TryCompile-29KYzR/CheckSymbolExists.c:14:19: error: use of undeclared identifier '_uitoa'
  return ((int*)(&_uitoa))[argc];
                  ^
1 error generated.
ninja: build stopped: subcommand failed.


File CheckSymbolExists.c:
/* */
#include <stddef.h>
#include <stdarg.h>
#include <stdlib.h>
#include <string.h>
#include <stdio.h>
#include <wchar.h>
#include <float.h>

int main(int argc, char** argv)
{
  (void)argv;
#ifndef _uitoa
  return ((int*)(&_uitoa))[argc];
#else
  (void)argc;
  return 0;
#endif
}
Determining if the _ultoa exist failed with the following output:
Change Dir: /home/cx9ps3/android-project/app/.cxx/Debug/675l145p/armeabi-v7a/CMakeFiles/CMakeScratch/TryCompile-atBenZ

Run Build Command(s):/usr/bin/ninja cmTC_7598b && [1/2] Building C object CMakeFiles/cmTC_7598b.dir/CheckSymbolExists.c.o
FAILED: CMakeFiles/cmTC_7598b.dir/CheckSymbolExists.c.o 
/home/cx9ps3/Android/Sdk/ndk/23.1.7779620/toolchains/llvm/prebuilt/linux-x86_64/bin/clang --target=armv7-none-linux-androideabi16 --sysroot=/home/cx9ps3/Android/Sdk/ndk/23.1.7779620/toolchains/llvm/prebuilt/linux-x86_64/sysroot   -DANDROID -fdata-sections -ffunction-sections -funwind-tables -fstack-protector-strong -no-canonical-prefixes -D_FORTIFY_SOURCE=2 -march=armv7-a -mthumb -Wformat -fexceptions -idirafter "/home/cx9ps3/android-project/app/jni/SDL2/src/video/khronos"  -O2 -g -DNDEBUG -fPIE -MD -MT CMakeFiles/cmTC_7598b.dir/CheckSymbolExists.c.o -MF CMakeFiles/cmTC_7598b.dir/CheckSymbolExists.c.o.d -o CMakeFiles/cmTC_7598b.dir/CheckSymbolExists.c.o -c /home/cx9ps3/android-project/app/.cxx/Debug/675l145p/armeabi-v7a/CMakeFiles/CMakeScratch/TryCompile-atBenZ/CheckSymbolExists.c
/home/cx9ps3/android-project/app/.cxx/Debug/675l145p/armeabi-v7a/CMakeFiles/CMakeScratch/TryCompile-atBenZ/CheckSymbolExists.c:14:19: error: use of undeclared identifier '_ultoa'
  return ((int*)(&_ultoa))[argc];
                  ^
1 error generated.
ninja: build stopped: subcommand failed.


File CheckSymbolExists.c:
/* */
#include <stddef.h>
#include <stdarg.h>
#include <stdlib.h>
#include <string.h>
#include <stdio.h>
#include <wchar.h>
#include <float.h>

int main(int argc, char** argv)
{
  (void)argv;
#ifndef _ultoa
  return ((int*)(&_ultoa))[argc];
#else
  (void)argc;
  return 0;
#endif
}
Determining if the _i64toa exist failed with the following output:
Change Dir: /home/cx9ps3/android-project/app/.cxx/Debug/675l145p/armeabi-v7a/CMakeFiles/CMakeScratch/TryCompile-Ab0Doa

Run Build Command(s):/usr/bin/ninja cmTC_52f29 && [1/2] Building C object CMakeFiles/cmTC_52f29.dir/CheckSymbolExists.c.o
FAILED: CMakeFiles/cmTC_52f29.dir/CheckSymbolExists.c.o 
/home/cx9ps3/Android/Sdk/ndk/23.1.7779620/toolchains/llvm/prebuilt/linux-x86_64/bin/clang --target=armv7-none-linux-androideabi16 --sysroot=/home/cx9ps3/Android/Sdk/ndk/23.1.7779620/toolchains/llvm/prebuilt/linux-x86_64/sysroot   -DANDROID -fdata-sections -ffunction-sections -funwind-tables -fstack-protector-strong -no-canonical-prefixes -D_FORTIFY_SOURCE=2 -march=armv7-a -mthumb -Wformat -fexceptions -idirafter "/home/cx9ps3/android-project/app/jni/SDL2/src/video/khronos"  -O2 -g -DNDEBUG -fPIE -MD -MT CMakeFiles/cmTC_52f29.dir/CheckSymbolExists.c.o -MF CMakeFiles/cmTC_52f29.dir/CheckSymbolExists.c.o.d -o CMakeFiles/cmTC_52f29.dir/CheckSymbolExists.c.o -c /home/cx9ps3/android-project/app/.cxx/Debug/675l145p/armeabi-v7a/CMakeFiles/CMakeScratch/TryCompile-Ab0Doa/CheckSymbolExists.c
/home/cx9ps3/android-project/app/.cxx/Debug/675l145p/armeabi-v7a/CMakeFiles/CMakeScratch/TryCompile-Ab0Doa/CheckSymbolExists.c:14:19: error: use of undeclared identifier '_i64toa'
  return ((int*)(&_i64toa))[argc];
                  ^
1 error generated.
ninja: build stopped: subcommand failed.


File CheckSymbolExists.c:
/* */
#include <stddef.h>
#include <stdarg.h>
#include <stdlib.h>
#include <string.h>
#include <stdio.h>
#include <wchar.h>
#include <float.h>

int main(int argc, char** argv)
{
  (void)argv;
#ifndef _i64toa
  return ((int*)(&_i64toa))[argc];
#else
  (void)argc;
  return 0;
#endif
}
Determining if the _ui64toa exist failed with the following output:
Change Dir: /home/cx9ps3/android-project/app/.cxx/Debug/675l145p/armeabi-v7a/CMakeFiles/CMakeScratch/TryCompile-iYk8Dm

Run Build Command(s):/usr/bin/ninja cmTC_37097 && [1/2] Building C object CMakeFiles/cmTC_37097.dir/CheckSymbolExists.c.o
FAILED: CMakeFiles/cmTC_37097.dir/CheckSymbolExists.c.o 
/home/cx9ps3/Android/Sdk/ndk/23.1.7779620/toolchains/llvm/prebuilt/linux-x86_64/bin/clang --target=armv7-none-linux-androideabi16 --sysroot=/home/cx9ps3/Android/Sdk/ndk/23.1.7779620/toolchains/llvm/prebuilt/linux-x86_64/sysroot   -DANDROID -fdata-sections -ffunction-sections -funwind-tables -fstack-protector-strong -no-canonical-prefixes -D_FORTIFY_SOURCE=2 -march=armv7-a -mthumb -Wformat -fexceptions -idirafter "/home/cx9ps3/android-project/app/jni/SDL2/src/video/khronos"  -O2 -g -DNDEBUG -fPIE -MD -MT CMakeFiles/cmTC_37097.dir/CheckSymbolExists.c.o -MF CMakeFiles/cmTC_37097.dir/CheckSymbolExists.c.o.d -o CMakeFiles/cmTC_37097.dir/CheckSymbolExists.c.o -c /home/cx9ps3/android-project/app/.cxx/Debug/675l145p/armeabi-v7a/CMakeFiles/CMakeScratch/TryCompile-iYk8Dm/CheckSymbolExists.c
/home/cx9ps3/android-project/app/.cxx/Debug/675l145p/armeabi-v7a/CMakeFiles/CMakeScratch/TryCompile-iYk8Dm/CheckSymbolExists.c:14:19: error: use of undeclared identifier '_ui64toa'
  return ((int*)(&_ui64toa))[argc];
                  ^
1 error generated.
ninja: build stopped: subcommand failed.


File CheckSymbolExists.c:
/* */
#include <stddef.h>
#include <stdarg.h>
#include <stdlib.h>
#include <string.h>
#include <stdio.h>
#include <wchar.h>
#include <float.h>

int main(int argc, char** argv)
{
  (void)argv;
#ifndef _ui64toa
  return ((int*)(&_ui64toa))[argc];
#else
  (void)argc;
  return 0;
#endif
}
Determining if the _stricmp exist failed with the following output:
Change Dir: /home/cx9ps3/android-project/app/.cxx/Debug/675l145p/armeabi-v7a/CMakeFiles/CMakeScratch/TryCompile-BT6VM1

Run Build Command(s):/usr/bin/ninja cmTC_f2c6e && [1/2] Building C object CMakeFiles/cmTC_f2c6e.dir/CheckSymbolExists.c.o
FAILED: CMakeFiles/cmTC_f2c6e.dir/CheckSymbolExists.c.o 
/home/cx9ps3/Android/Sdk/ndk/23.1.7779620/toolchains/llvm/prebuilt/linux-x86_64/bin/clang --target=armv7-none-linux-androideabi16 --sysroot=/home/cx9ps3/Android/Sdk/ndk/23.1.7779620/toolchains/llvm/prebuilt/linux-x86_64/sysroot   -DANDROID -fdata-sections -ffunction-sections -funwind-tables -fstack-protector-strong -no-canonical-prefixes -D_FORTIFY_SOURCE=2 -march=armv7-a -mthumb -Wformat -fexceptions -idirafter "/home/cx9ps3/android-project/app/jni/SDL2/src/video/khronos"  -O2 -g -DNDEBUG -fPIE -MD -MT CMakeFiles/cmTC_f2c6e.dir/CheckSymbolExists.c.o -MF CMakeFiles/cmTC_f2c6e.dir/CheckSymbolExists.c.o.d -o CMakeFiles/cmTC_f2c6e.dir/CheckSymbolExists.c.o -c /home/cx9ps3/android-project/app/.cxx/Debug/675l145p/armeabi-v7a/CMakeFiles/CMakeScratch/TryCompile-BT6VM1/CheckSymbolExists.c
/home/cx9ps3/android-project/app/.cxx/Debug/675l145p/armeabi-v7a/CMakeFiles/CMakeScratch/TryCompile-BT6VM1/CheckSymbolExists.c:14:19: error: use of undeclared identifier '_stricmp'
  return ((int*)(&_stricmp))[argc];
                  ^
1 error generated.
ninja: build stopped: subcommand failed.


File CheckSymbolExists.c:
/* */
#include <stddef.h>
#include <stdarg.h>
#include <stdlib.h>
#include <string.h>
#include <stdio.h>
#include <wchar.h>
#include <float.h>

int main(int argc, char** argv)
{
  (void)argv;
#ifndef _stricmp
  return ((int*)(&_stricmp))[argc];
#else
  (void)argc;
  return 0;
#endif
}
Determining if the _strnicmp exist failed with the following output:
Change Dir: /home/cx9ps3/android-project/app/.cxx/Debug/675l145p/armeabi-v7a/CMakeFiles/CMakeScratch/TryCompile-L5tlsu

Run Build Command(s):/usr/bin/ninja cmTC_07668 && [1/2] Building C object CMakeFiles/cmTC_07668.dir/CheckSymbolExists.c.o
FAILED: CMakeFiles/cmTC_07668.dir/CheckSymbolExists.c.o 
/home/cx9ps3/Android/Sdk/ndk/23.1.7779620/toolchains/llvm/prebuilt/linux-x86_64/bin/clang --target=armv7-none-linux-androideabi16 --sysroot=/home/cx9ps3/Android/Sdk/ndk/23.1.7779620/toolchains/llvm/prebuilt/linux-x86_64/sysroot   -DANDROID -fdata-sections -ffunction-sections -funwind-tables -fstack-protector-strong -no-canonical-prefixes -D_FORTIFY_SOURCE=2 -march=armv7-a -mthumb -Wformat -fexceptions -idirafter "/home/cx9ps3/android-project/app/jni/SDL2/src/video/khronos"  -O2 -g -DNDEBUG -fPIE -MD -MT CMakeFiles/cmTC_07668.dir/CheckSymbolExists.c.o -MF CMakeFiles/cmTC_07668.dir/CheckSymbolExists.c.o.d -o CMakeFiles/cmTC_07668.dir/CheckSymbolExists.c.o -c /home/cx9ps3/android-project/app/.cxx/Debug/675l145p/armeabi-v7a/CMakeFiles/CMakeScratch/TryCompile-L5tlsu/CheckSymbolExists.c
/home/cx9ps3/android-project/app/.cxx/Debug/675l145p/armeabi-v7a/CMakeFiles/CMakeScratch/TryCompile-L5tlsu/CheckSymbolExists.c:14:19: error: use of undeclared identifier '_strnicmp'; did you mean 'strncmp'?
  return ((int*)(&_strnicmp))[argc];
                  ^~~~~~~~~
                  strncmp
/home/cx9ps3/Android/Sdk/ndk/23.1.7779620/toolchains/llvm/prebuilt/linux-x86_64/sysroot/usr/include/string.h:137:5: note: 'strncmp' declared here
int strncmp(const char* __lhs, const char* __rhs, size_t __n) __attribute_pure__;
    ^
1 error generated.
ninja: build stopped: subcommand failed.


File CheckSymbolExists.c:
/* */
#include <stddef.h>
#include <stdarg.h>
#include <stdlib.h>
#include <string.h>
#include <stdio.h>
#include <wchar.h>
#include <float.h>

int main(int argc, char** argv)
{
  (void)argv;
#ifndef _strnicmp
  return ((int*)(&_strnicmp))[argc];
#else
  (void)argc;
  return 0;
#endif
}
Determining if the _wcsdup exist failed with the following output:
Change Dir: /home/cx9ps3/android-project/app/.cxx/Debug/675l145p/armeabi-v7a/CMakeFiles/CMakeScratch/TryCompile-vyDvvE

Run Build Command(s):/usr/bin/ninja cmTC_63cd8 && [1/2] Building C object CMakeFiles/cmTC_63cd8.dir/CheckSymbolExists.c.o
FAILED: CMakeFiles/cmTC_63cd8.dir/CheckSymbolExists.c.o 
/home/cx9ps3/Android/Sdk/ndk/23.1.7779620/toolchains/llvm/prebuilt/linux-x86_64/bin/clang --target=armv7-none-linux-androideabi16 --sysroot=/home/cx9ps3/Android/Sdk/ndk/23.1.7779620/toolchains/llvm/prebuilt/linux-x86_64/sysroot   -DANDROID -fdata-sections -ffunction-sections -funwind-tables -fstack-protector-strong -no-canonical-prefixes -D_FORTIFY_SOURCE=2 -march=armv7-a -mthumb -Wformat -fexceptions -idirafter "/home/cx9ps3/android-project/app/jni/SDL2/src/video/khronos"  -O2 -g -DNDEBUG -fPIE -MD -MT CMakeFiles/cmTC_63cd8.dir/CheckSymbolExists.c.o -MF CMakeFiles/cmTC_63cd8.dir/CheckSymbolExists.c.o.d -o CMakeFiles/cmTC_63cd8.dir/CheckSymbolExists.c.o -c /home/cx9ps3/android-project/app/.cxx/Debug/675l145p/armeabi-v7a/CMakeFiles/CMakeScratch/TryCompile-vyDvvE/CheckSymbolExists.c
/home/cx9ps3/android-project/app/.cxx/Debug/675l145p/armeabi-v7a/CMakeFiles/CMakeScratch/TryCompile-vyDvvE/CheckSymbolExists.c:14:19: error: use of undeclared identifier '_wcsdup'; did you mean 'wcsdup'?
  return ((int*)(&_wcsdup))[argc];
                  ^~~~~~~
                  wcsdup
/home/cx9ps3/Android/Sdk/ndk/23.1.7779620/toolchains/llvm/prebuilt/linux-x86_64/sysroot/usr/include/wchar.h:208:10: note: 'wcsdup' declared here
wchar_t* wcsdup(const wchar_t* __s);
         ^
1 error generated.
ninja: build stopped: subcommand failed.


File CheckSymbolExists.c:
/* */
#include <stddef.h>
#include <stdarg.h>
#include <stdlib.h>
#include <string.h>
#include <stdio.h>
#include <wchar.h>
#include <float.h>

int main(int argc, char** argv)
{
  (void)argv;
#ifndef _wcsdup
  return ((int*)(&_wcsdup))[argc];
#else
  (void)argc;
  return 0;
#endif
}
Determining if the _wcsicmp exist failed with the following output:
Change Dir: /home/cx9ps3/android-project/app/.cxx/Debug/675l145p/armeabi-v7a/CMakeFiles/CMakeScratch/TryCompile-Z55p1W

Run Build Command(s):/usr/bin/ninja cmTC_61094 && [1/2] Building C object CMakeFiles/cmTC_61094.dir/CheckSymbolExists.c.o
FAILED: CMakeFiles/cmTC_61094.dir/CheckSymbolExists.c.o 
/home/cx9ps3/Android/Sdk/ndk/23.1.7779620/toolchains/llvm/prebuilt/linux-x86_64/bin/clang --target=armv7-none-linux-androideabi16 --sysroot=/home/cx9ps3/Android/Sdk/ndk/23.1.7779620/toolchains/llvm/prebuilt/linux-x86_64/sysroot   -DANDROID -fdata-sections -ffunction-sections -funwind-tables -fstack-protector-strong -no-canonical-prefixes -D_FORTIFY_SOURCE=2 -march=armv7-a -mthumb -Wformat -fexceptions -idirafter "/home/cx9ps3/android-project/app/jni/SDL2/src/video/khronos"  -O2 -g -DNDEBUG -fPIE -MD -MT CMakeFiles/cmTC_61094.dir/CheckSymbolExists.c.o -MF CMakeFiles/cmTC_61094.dir/CheckSymbolExists.c.o.d -o CMakeFiles/cmTC_61094.dir/CheckSymbolExists.c.o -c /home/cx9ps3/android-project/app/.cxx/Debug/675l145p/armeabi-v7a/CMakeFiles/CMakeScratch/TryCompile-Z55p1W/CheckSymbolExists.c
/home/cx9ps3/android-project/app/.cxx/Debug/675l145p/armeabi-v7a/CMakeFiles/CMakeScratch/TryCompile-Z55p1W/CheckSymbolExists.c:14:19: error: use of undeclared identifier '_wcsicmp'
  return ((int*)(&_wcsicmp))[argc];
                  ^
1 error generated.
ninja: build stopped: subcommand failed.


File CheckSymbolExists.c:
/* */
#include <stddef.h>
#include <stdarg.h>
#include <stdlib.h>
#include <string.h>
#include <stdio.h>
#include <wchar.h>
#include <float.h>

int main(int argc, char** argv)
{
  (void)argv;
#ifndef _wcsicmp
  return ((int*)(&_wcsicmp))[argc];
#else
  (void)argc;
  return 0;
#endif
}
Determining if the _wcsnicmp exist failed with the following output:
Change Dir: /home/cx9ps3/android-project/app/.cxx/Debug/675l145p/armeabi-v7a/CMakeFiles/CMakeScratch/TryCompile-dl9SdC

Run Build Command(s):/usr/bin/ninja cmTC_bc243 && [1/2] Building C object CMakeFiles/cmTC_bc243.dir/CheckSymbolExists.c.o
FAILED: CMakeFiles/cmTC_bc243.dir/CheckSymbolExists.c.o 
/home/cx9ps3/Android/Sdk/ndk/23.1.7779620/toolchains/llvm/prebuilt/linux-x86_64/bin/clang --target=armv7-none-linux-androideabi16 --sysroot=/home/cx9ps3/Android/Sdk/ndk/23.1.7779620/toolchains/llvm/prebuilt/linux-x86_64/sysroot   -DANDROID -fdata-sections -ffunction-sections -funwind-tables -fstack-protector-strong -no-canonical-prefixes -D_FORTIFY_SOURCE=2 -march=armv7-a -mthumb -Wformat -fexceptions -idirafter "/home/cx9ps3/android-project/app/jni/SDL2/src/video/khronos"  -O2 -g -DNDEBUG -fPIE -MD -MT CMakeFiles/cmTC_bc243.dir/CheckSymbolExists.c.o -MF CMakeFiles/cmTC_bc243.dir/CheckSymbolExists.c.o.d -o CMakeFiles/cmTC_bc243.dir/CheckSymbolExists.c.o -c /home/cx9ps3/android-project/app/.cxx/Debug/675l145p/armeabi-v7a/CMakeFiles/CMakeScratch/TryCompile-dl9SdC/CheckSymbolExists.c
/home/cx9ps3/android-project/app/.cxx/Debug/675l145p/armeabi-v7a/CMakeFiles/CMakeScratch/TryCompile-dl9SdC/CheckSymbolExists.c:14:19: error: use of undeclared identifier '_wcsnicmp'; did you mean 'wcsncmp'?
  return ((int*)(&_wcsnicmp))[argc];
                  ^~~~~~~~~
                  wcsncmp
/home/cx9ps3/Android/Sdk/ndk/23.1.7779620/toolchains/llvm/prebuilt/linux-x86_64/sysroot/usr/include/wchar.h:117:5: note: 'wcsncmp' declared here
int wcsncmp(const wchar_t* __lhs, const wchar_t* __rhs, size_t __n);
    ^
1 error generated.
ninja: build stopped: subcommand failed.


File CheckSymbolExists.c:
/* */
#include <stddef.h>
#include <stdarg.h>
#include <stdlib.h>
#include <string.h>
#include <stdio.h>
#include <wchar.h>
#include <float.h>

int main(int argc, char** argv)
{
  (void)argv;
#ifndef _wcsnicmp
  return ((int*)(&_wcsnicmp))[argc];
#else
  (void)argc;
  return 0;
#endif
}
Determining if the fopen64 exist failed with the following output:
Change Dir: /home/cx9ps3/android-project/app/.cxx/Debug/675l145p/armeabi-v7a/CMakeFiles/CMakeScratch/TryCompile-zgJlY9

Run Build Command(s):/usr/bin/ninja cmTC_18d1d && [1/2] Building C object CMakeFiles/cmTC_18d1d.dir/CheckSymbolExists.c.o
FAILED: CMakeFiles/cmTC_18d1d.dir/CheckSymbolExists.c.o 
/home/cx9ps3/Android/Sdk/ndk/23.1.7779620/toolchains/llvm/prebuilt/linux-x86_64/bin/clang --target=armv7-none-linux-androideabi16 --sysroot=/home/cx9ps3/Android/Sdk/ndk/23.1.7779620/toolchains/llvm/prebuilt/linux-x86_64/sysroot   -DANDROID -fdata-sections -ffunction-sections -funwind-tables -fstack-protector-strong -no-canonical-prefixes -D_FORTIFY_SOURCE=2 -march=armv7-a -mthumb -Wformat -fexceptions -idirafter "/home/cx9ps3/android-project/app/jni/SDL2/src/video/khronos"  -O2 -g -DNDEBUG -fPIE -MD -MT CMakeFiles/cmTC_18d1d.dir/CheckSymbolExists.c.o -MF CMakeFiles/cmTC_18d1d.dir/CheckSymbolExists.c.o.d -o CMakeFiles/cmTC_18d1d.dir/CheckSymbolExists.c.o -c /home/cx9ps3/android-project/app/.cxx/Debug/675l145p/armeabi-v7a/CMakeFiles/CMakeScratch/TryCompile-zgJlY9/CheckSymbolExists.c
/home/cx9ps3/android-project/app/.cxx/Debug/675l145p/armeabi-v7a/CMakeFiles/CMakeScratch/TryCompile-zgJlY9/CheckSymbolExists.c:14:19: error: use of undeclared identifier 'fopen64'; did you mean 'fopen'?
  return ((int*)(&fopen64))[argc];
                  ^~~~~~~
                  fopen
/home/cx9ps3/Android/Sdk/ndk/23.1.7779620/toolchains/llvm/prebuilt/linux-x86_64/sysroot/usr/include/stdio.h:280:7: note: 'fopen' declared here
FILE* fopen(const char* __path, const char* __mode);
      ^
1 error generated.
ninja: build stopped: subcommand failed.


File CheckSymbolExists.c:
/* */
#include <stddef.h>
#include <stdarg.h>
#include <stdlib.h>
#include <string.h>
#include <stdio.h>
#include <wchar.h>
#include <float.h>

int main(int argc, char** argv)
{
  (void)argv;
#ifndef fopen64
  return ((int*)(&fopen64))[argc];
#else
  (void)argc;
  return 0;
#endif
}
Determining if the fseeko64 exist failed with the following output:
Change Dir: /home/cx9ps3/android-project/app/.cxx/Debug/675l145p/armeabi-v7a/CMakeFiles/CMakeScratch/TryCompile-qkVKyI

Run Build Command(s):/usr/bin/ninja cmTC_34997 && [1/2] Building C object CMakeFiles/cmTC_34997.dir/CheckSymbolExists.c.o
FAILED: CMakeFiles/cmTC_34997.dir/CheckSymbolExists.c.o 
/home/cx9ps3/Android/Sdk/ndk/23.1.7779620/toolchains/llvm/prebuilt/linux-x86_64/bin/clang --target=armv7-none-linux-androideabi16 --sysroot=/home/cx9ps3/Android/Sdk/ndk/23.1.7779620/toolchains/llvm/prebuilt/linux-x86_64/sysroot   -DANDROID -fdata-sections -ffunction-sections -funwind-tables -fstack-protector-strong -no-canonical-prefixes -D_FORTIFY_SOURCE=2 -march=armv7-a -mthumb -Wformat -fexceptions -idirafter "/home/cx9ps3/android-project/app/jni/SDL2/src/video/khronos"  -O2 -g -DNDEBUG -fPIE -MD -MT CMakeFiles/cmTC_34997.dir/CheckSymbolExists.c.o -MF CMakeFiles/cmTC_34997.dir/CheckSymbolExists.c.o.d -o CMakeFiles/cmTC_34997.dir/CheckSymbolExists.c.o -c /home/cx9ps3/android-project/app/.cxx/Debug/675l145p/armeabi-v7a/CMakeFiles/CMakeScratch/TryCompile-qkVKyI/CheckSymbolExists.c
/home/cx9ps3/android-project/app/.cxx/Debug/675l145p/armeabi-v7a/CMakeFiles/CMakeScratch/TryCompile-qkVKyI/CheckSymbolExists.c:14:19: error: use of undeclared identifier 'fseeko64'; did you mean 'fseeko'?
  return ((int*)(&fseeko64))[argc];
                  ^~~~~~~~
                  fseeko
/home/cx9ps3/Android/Sdk/ndk/23.1.7779620/toolchains/llvm/prebuilt/linux-x86_64/sysroot/usr/include/stdio.h:250:5: note: 'fseeko' declared here
int fseeko(FILE* __fp, off_t __offset, int __whence);
    ^
1 error generated.
ninja: build stopped: subcommand failed.


File CheckSymbolExists.c:
/* */
#include <stddef.h>
#include <stdarg.h>
#include <stdlib.h>
#include <string.h>
#include <stdio.h>
#include <wchar.h>
#include <float.h>

int main(int argc, char** argv)
{
  (void)argv;
#ifndef fseeko64
  return ((int*)(&fseeko64))[argc];
#else
  (void)argc;
  return 0;
#endif
}
Determining if the sysctlbyname exist failed with the following output:
Change Dir: /home/cx9ps3/android-project/app/.cxx/Debug/675l145p/armeabi-v7a/CMakeFiles/CMakeScratch/TryCompile-lxHyWk

Run Build Command(s):/usr/bin/ninja cmTC_bcf4a && [1/2] Building C object CMakeFiles/cmTC_bcf4a.dir/CheckSymbolExists.c.o
FAILED: CMakeFiles/cmTC_bcf4a.dir/CheckSymbolExists.c.o 
/home/cx9ps3/Android/Sdk/ndk/23.1.7779620/toolchains/llvm/prebuilt/linux-x86_64/bin/clang --target=armv7-none-linux-androideabi16 --sysroot=/home/cx9ps3/Android/Sdk/ndk/23.1.7779620/toolchains/llvm/prebuilt/linux-x86_64/sysroot   -DANDROID -fdata-sections -ffunction-sections -funwind-tables -fstack-protector-strong -no-canonical-prefixes -D_FORTIFY_SOURCE=2 -march=armv7-a -mthumb -Wformat -fexceptions -idirafter "/home/cx9ps3/android-project/app/jni/SDL2/src/video/khronos"  -O2 -g -DNDEBUG -fPIE -MD -MT CMakeFiles/cmTC_bcf4a.dir/CheckSymbolExists.c.o -MF CMakeFiles/cmTC_bcf4a.dir/CheckSymbolExists.c.o.d -o CMakeFiles/cmTC_bcf4a.dir/CheckSymbolExists.c.o -c /home/cx9ps3/android-project/app/.cxx/Debug/675l145p/armeabi-v7a/CMakeFiles/CMakeScratch/TryCompile-lxHyWk/CheckSymbolExists.c
/home/cx9ps3/android-project/app/.cxx/Debug/675l145p/armeabi-v7a/CMakeFiles/CMakeScratch/TryCompile-lxHyWk/CheckSymbolExists.c:3:10: fatal error: 'sys/sysctl.h' file not found
#include <sys/sysctl.h>
         ^~~~~~~~~~~~~~
1 error generated.
ninja: build stopped: subcommand failed.


File CheckSymbolExists.c:
/* */
#include <sys/types.h>
#include <sys/sysctl.h>

int main(int argc, char** argv)
{
  (void)argv;
#ifndef sysctlbyname
  return ((int*)(&sysctlbyname))[argc];
#else
  (void)argc;
  return 0;
#endif
}
Determining if the getauxval exist failed with the following output:
Change Dir: /home/cx9ps3/android-project/app/.cxx/Debug/675l145p/armeabi-v7a/CMakeFiles/CMakeScratch/TryCompile-Hh18Yg

Run Build Command(s):/usr/bin/ninja cmTC_d8abb && [1/2] Building C object CMakeFiles/cmTC_d8abb.dir/CheckSymbolExists.c.o
FAILED: CMakeFiles/cmTC_d8abb.dir/CheckSymbolExists.c.o 
/home/cx9ps3/Android/Sdk/ndk/23.1.7779620/toolchains/llvm/prebuilt/linux-x86_64/bin/clang --target=armv7-none-linux-androideabi16 --sysroot=/home/cx9ps3/Android/Sdk/ndk/23.1.7779620/toolchains/llvm/prebuilt/linux-x86_64/sysroot   -DANDROID -fdata-sections -ffunction-sections -funwind-tables -fstack-protector-strong -no-canonical-prefixes -D_FORTIFY_SOURCE=2 -march=armv7-a -mthumb -Wformat -fexceptions -idirafter "/home/cx9ps3/android-project/app/jni/SDL2/src/video/khronos"  -O2 -g -DNDEBUG -fPIE -MD -MT CMakeFiles/cmTC_d8abb.dir/CheckSymbolExists.c.o -MF CMakeFiles/cmTC_d8abb.dir/CheckSymbolExists.c.o.d -o CMakeFiles/cmTC_d8abb.dir/CheckSymbolExists.c.o -c /home/cx9ps3/android-project/app/.cxx/Debug/675l145p/armeabi-v7a/CMakeFiles/CMakeScratch/TryCompile-Hh18Yg/CheckSymbolExists.c
/home/cx9ps3/android-project/app/.cxx/Debug/675l145p/armeabi-v7a/CMakeFiles/CMakeScratch/TryCompile-Hh18Yg/CheckSymbolExists.c:8:19: error: use of undeclared identifier 'getauxval'
  return ((int*)(&getauxval))[argc];
                  ^
1 error generated.
ninja: build stopped: subcommand failed.


File CheckSymbolExists.c:
/* */
#include <sys/auxv.h>

int main(int argc, char** argv)
{
  (void)argv;
#ifndef getauxval
  return ((int*)(&getauxval))[argc];
#else
  (void)argc;
  return 0;
#endif
}
Determining if the elf_aux_info exist failed with the following output:
Change Dir: /home/cx9ps3/android-project/app/.cxx/Debug/675l145p/armeabi-v7a/CMakeFiles/CMakeScratch/TryCompile-PkJh3M

Run Build Command(s):/usr/bin/ninja cmTC_066b5 && [1/2] Building C object CMakeFiles/cmTC_066b5.dir/CheckSymbolExists.c.o
FAILED: CMakeFiles/cmTC_066b5.dir/CheckSymbolExists.c.o 
/home/cx9ps3/Android/Sdk/ndk/23.1.7779620/toolchains/llvm/prebuilt/linux-x86_64/bin/clang --target=armv7-none-linux-androideabi16 --sysroot=/home/cx9ps3/Android/Sdk/ndk/23.1.7779620/toolchains/llvm/prebuilt/linux-x86_64/sysroot   -DANDROID -fdata-sections -ffunction-sections -funwind-tables -fstack-protector-strong -no-canonical-prefixes -D_FORTIFY_SOURCE=2 -march=armv7-a -mthumb -Wformat -fexceptions -idirafter "/home/cx9ps3/android-project/app/jni/SDL2/src/video/khronos"  -O2 -g -DNDEBUG -fPIE -MD -MT CMakeFiles/cmTC_066b5.dir/CheckSymbolExists.c.o -MF CMakeFiles/cmTC_066b5.dir/CheckSymbolExists.c.o.d -o CMakeFiles/cmTC_066b5.dir/CheckSymbolExists.c.o -c /home/cx9ps3/android-project/app/.cxx/Debug/675l145p/armeabi-v7a/CMakeFiles/CMakeScratch/TryCompile-PkJh3M/CheckSymbolExists.c
/home/cx9ps3/android-project/app/.cxx/Debug/675l145p/armeabi-v7a/CMakeFiles/CMakeScratch/TryCompile-PkJh3M/CheckSymbolExists.c:8:19: error: use of undeclared identifier 'elf_aux_info'
  return ((int*)(&elf_aux_info))[argc];
                  ^
1 error generated.
ninja: build stopped: subcommand failed.


File CheckSymbolExists.c:
/* */
#include <sys/auxv.h>

int main(int argc, char** argv)
{
  (void)argv;
#ifndef elf_aux_info
  return ((int*)(&elf_aux_info))[argc];
#else
  (void)argc;
  return 0;
#endif
}
Determining if the function iconv_open exists in the iconv failed with the following output:
Change Dir: /home/cx9ps3/android-project/app/.cxx/Debug/675l145p/armeabi-v7a/CMakeFiles/CMakeScratch/TryCompile-FEmdwa

Run Build Command(s):/usr/bin/ninja cmTC_27750 && [1/2] Building C object CMakeFiles/cmTC_27750.dir/CheckFunctionExists.c.o
[2/2] Linking C executable cmTC_27750
FAILED: cmTC_27750 
: && /home/cx9ps3/Android/Sdk/ndk/23.1.7779620/toolchains/llvm/prebuilt/linux-x86_64/bin/clang --target=armv7-none-linux-androideabi16 --sysroot=/home/cx9ps3/Android/Sdk/ndk/23.1.7779620/toolchains/llvm/prebuilt/linux-x86_64/sysroot -DANDROID -fdata-sections -ffunction-sections -funwind-tables -fstack-protector-strong -no-canonical-prefixes -D_FORTIFY_SOURCE=2 -march=armv7-a -mthumb -Wformat -Werror=format-security -fexceptions -idirafter "/home/cx9ps3/android-project/app/jni/SDL2/src/video/khronos" -DCHECK_FUNCTION_EXISTS=iconv_open -O2 -g -DNDEBUG -Wl,--build-id=sha1 -Wl,--no-rosegment -Wl,--fatal-warnings -Qunused-arguments -Wl,--no-undefined  -Wl,--gc-sections CMakeFiles/cmTC_27750.dir/CheckFunctionExists.c.o -o cmTC_27750  -liconv   -latomic -lm && :
ld: error: unable to find library -liconv
clang: error: linker command failed with exit code 1 (use -v to see invocation)
ninja: build stopped: subcommand failed.



Determining if the function iconv_open exists in the c failed with the following output:
Change Dir: /home/cx9ps3/android-project/app/.cxx/Debug/675l145p/armeabi-v7a/CMakeFiles/CMakeScratch/TryCompile-eJyD1o

Run Build Command(s):/usr/bin/ninja cmTC_5f54b && [1/2] Building C object CMakeFiles/cmTC_5f54b.dir/CheckFunctionExists.c.o
[2/2] Linking C executable cmTC_5f54b
FAILED: cmTC_5f54b 
: && /home/cx9ps3/Android/Sdk/ndk/23.1.7779620/toolchains/llvm/prebuilt/linux-x86_64/bin/clang --target=armv7-none-linux-androideabi16 --sysroot=/home/cx9ps3/Android/Sdk/ndk/23.1.7779620/toolchains/llvm/prebuilt/linux-x86_64/sysroot -DANDROID -fdata-sections -ffunction-sections -funwind-tables -fstack-protector-strong -no-canonical-prefixes -D_FORTIFY_SOURCE=2 -march=armv7-a -mthumb -Wformat -Werror=format-security -fexceptions -idirafter "/home/cx9ps3/android-project/app/jni/SDL2/src/video/khronos" -DCHECK_FUNCTION_EXISTS=iconv_open -O2 -g -DNDEBUG -Wl,--build-id=sha1 -Wl,--no-rosegment -Wl,--fatal-warnings -Qunused-arguments -Wl,--no-undefined  -Wl,--gc-sections CMakeFiles/cmTC_5f54b.dir/CheckFunctionExists.c.o -o cmTC_5f54b  -lc   -latomic -lm && :
ld: error: undefined symbol: iconv_open
>>> referenced by CheckFunctionExists.c:17
>>>               CMakeFiles/cmTC_5f54b.dir/CheckFunctionExists.c.o:(main)
clang: error: linker command failed with exit code 1 (use -v to see invocation)
ninja: build stopped: subcommand failed.



Determining if the alloca exist failed with the following output:
Change Dir: /home/cx9ps3/android-project/app/.cxx/Debug/675l145p/armeabi-v7a/CMakeFiles/CMakeScratch/TryCompile-AgA5iQ

Run Build Command(s):/usr/bin/ninja cmTC_8b500 && [1/2] Building C object CMakeFiles/cmTC_8b500.dir/CheckSymbolExists.c.o
/home/cx9ps3/android-project/app/.cxx/Debug/675l145p/armeabi-v7a/CMakeFiles/CMakeScratch/TryCompile-AgA5iQ/CheckSymbolExists.c:8:19: warning: implicitly declaring library function 'alloca' with type 'void *(unsigned int)' [-Wimplicit-function-declaration]
  return ((int*)(&alloca))[argc];
                  ^
/home/cx9ps3/android-project/app/.cxx/Debug/675l145p/armeabi-v7a/CMakeFiles/CMakeScratch/TryCompile-AgA5iQ/CheckSymbolExists.c:8:19: note: include the header <stdlib.h> or explicitly provide a declaration for 'alloca'
1 warning generated.
[2/2] Linking C executable cmTC_8b500
FAILED: cmTC_8b500 
: && /home/cx9ps3/Android/Sdk/ndk/23.1.7779620/toolchains/llvm/prebuilt/linux-x86_64/bin/clang --target=armv7-none-linux-androideabi16 --sysroot=/home/cx9ps3/Android/Sdk/ndk/23.1.7779620/toolchains/llvm/prebuilt/linux-x86_64/sysroot -DANDROID -fdata-sections -ffunction-sections -funwind-tables -fstack-protector-strong -no-canonical-prefixes -D_FORTIFY_SOURCE=2 -march=armv7-a -mthumb -Wformat -fexceptions -idirafter "/home/cx9ps3/android-project/app/jni/SDL2/src/video/khronos"  -O2 -g -DNDEBUG -Wl,--build-id=sha1 -Wl,--no-rosegment -Wl,--fatal-warnings -Qunused-arguments -Wl,--no-undefined  -Wl,--gc-sections CMakeFiles/cmTC_8b500.dir/CheckSymbolExists.c.o -o cmTC_8b500  -latomic -lm && :
ld: error: undefined symbol: alloca
>>> referenced by CheckSymbolExists.c:0
>>>               CMakeFiles/cmTC_8b500.dir/CheckSymbolExists.c.o:(main)
clang: error: linker command failed with exit code 1 (use -v to see invocation)
ninja: build stopped: subcommand failed.


File CheckSymbolExists.c:
/* */
#include <malloc.h>

int main(int argc, char** argv)
{
  (void)argv;
#ifndef alloca
  return ((int*)(&alloca))[argc];
#else
  (void)argc;
  return 0;
#endif
}
Determining if files pthread_np.h exist failed with the following output:
Change Dir: /home/cx9ps3/android-project/app/.cxx/Debug/675l145p/armeabi-v7a/CMakeFiles/CMakeScratch/TryCompile-7sBW6A

Run Build Command(s):/usr/bin/ninja cmTC_062cd && [1/2] Building C object CMakeFiles/cmTC_062cd.dir/HAVE_PTHREAD_NP_H.c.o
FAILED: CMakeFiles/cmTC_062cd.dir/HAVE_PTHREAD_NP_H.c.o 
/home/cx9ps3/Android/Sdk/ndk/23.1.7779620/toolchains/llvm/prebuilt/linux-x86_64/bin/clang --target=armv7-none-linux-androideabi16 --sysroot=/home/cx9ps3/Android/Sdk/ndk/23.1.7779620/toolchains/llvm/prebuilt/linux-x86_64/sysroot   -DANDROID -fdata-sections -ffunction-sections -funwind-tables -fstack-protector-strong -no-canonical-prefixes -D_FORTIFY_SOURCE=2 -march=armv7-a -mthumb -Wformat -Werror=format-security -fexceptions -idirafter "/home/cx9ps3/android-project/app/jni/SDL2/src/video/khronos"    -O2 -g -DNDEBUG -fPIE -MD -MT CMakeFiles/cmTC_062cd.dir/HAVE_PTHREAD_NP_H.c.o -MF CMakeFiles/cmTC_062cd.dir/HAVE_PTHREAD_NP_H.c.o.d -o CMakeFiles/cmTC_062cd.dir/HAVE_PTHREAD_NP_H.c.o -c /home/cx9ps3/android-project/app/.cxx/Debug/675l145p/armeabi-v7a/CMakeFiles/CMakeScratch/TryCompile-7sBW6A/HAVE_PTHREAD_NP_H.c
/home/cx9ps3/android-project/app/.cxx/Debug/675l145p/armeabi-v7a/CMakeFiles/CMakeScratch/TryCompile-7sBW6A/HAVE_PTHREAD_NP_H.c:2:10: fatal error: 'pthread_np.h' file not found
#include <pthread_np.h>
         ^~~~~~~~~~~~~~
1 error generated.
ninja: build stopped: subcommand failed.


Source:
/* */
#include <pthread_np.h>


int main(void){return 0;}

