Determining if the __GLIBC__ exist failed with the following output:
Change Dir: /home/cx9ps3/android-project/app/.cxx/Debug/675l145p/x86_64/CMakeFiles/CMakeScratch/TryCompile-xDvi63

Run Build Command(s):/usr/bin/ninja cmTC_a8410 && [1/2] Building C object CMakeFiles/cmTC_a8410.dir/CheckSymbolExists.c.o
FAILED: CMakeFiles/cmTC_a8410.dir/CheckSymbolExists.c.o 
/home/cx9ps3/Android/Sdk/ndk/23.1.7779620/toolchains/llvm/prebuilt/linux-x86_64/bin/clang --target=x86_64-none-linux-android21 --sysroot=/home/cx9ps3/Android/Sdk/ndk/23.1.7779620/toolchains/llvm/prebuilt/linux-x86_64/sysroot   -DANDROID -fdata-sections -ffunction-sections -funwind-tables -fstack-protector-strong -no-canonical-prefixes -D_FORTIFY_SOURCE=2 -Wformat -fexceptions  -O2 -g -DNDEBUG -fPIE -MD -MT CMakeFiles/cmTC_a8410.dir/CheckSymbolExists.c.o -MF CMakeFiles/cmTC_a8410.dir/CheckSymbolExists.c.o.d -o CMakeFiles/cmTC_a8410.dir/CheckSymbolExists.c.o -c /home/cx9ps3/android-project/app/.cxx/Debug/675l145p/x86_64/CMakeFiles/CMakeScratch/TryCompile-xDvi63/CheckSymbolExists.c
/home/cx9ps3/android-project/app/.cxx/Debug/675l145p/x86_64/CMakeFiles/CMakeScratch/TryCompile-xDvi63/CheckSymbolExists.c:8:19: error: use of undeclared identifier '__GLIBC__'
  return ((int*)(&__GLIBC__))[argc];
                  ^
1 error generated.
ninja: build stopped: subcommand failed.


File CheckSymbolExists.c:
/* */
#include <stdlib.h>

int main(int argc, char** argv)
{
  (void)argv;
#ifndef __GLIBC__
  return ((int*)(&__GLIBC__))[argc];
#else
  (void)argc;
  return 0;
#endif
}
Performing C SOURCE FILE Test HAVE_GCC_PREFERRED_STACK_BOUNDARY failed with the following output:
Change Dir: /home/cx9ps3/android-project/app/.cxx/Debug/675l145p/x86_64/CMakeFiles/CMakeScratch/TryCompile-pmsgsk

Run Build Command(s):/usr/bin/ninja cmTC_e8175 && [1/2] Building C object CMakeFiles/cmTC_e8175.dir/src.c.o
FAILED: CMakeFiles/cmTC_e8175.dir/src.c.o 
/home/cx9ps3/Android/Sdk/ndk/23.1.7779620/toolchains/llvm/prebuilt/linux-x86_64/bin/clang --target=x86_64-none-linux-android21 --sysroot=/home/cx9ps3/Android/Sdk/ndk/23.1.7779620/toolchains/llvm/prebuilt/linux-x86_64/sysroot -DHAVE_GCC_PREFERRED_STACK_BOUNDARY  -DANDROID -fdata-sections -ffunction-sections -funwind-tables -fstack-protector-strong -no-canonical-prefixes -D_FORTIFY_SOURCE=2 -Wformat -Werror=format-security -fexceptions -idirafter "/home/cx9ps3/android-project/app/jni/SDL2/src/video/khronos" -mpreferred-stack-boundary=2 -O2 -g -DNDEBUG -fPIE -MD -MT CMakeFiles/cmTC_e8175.dir/src.c.o -MF CMakeFiles/cmTC_e8175.dir/src.c.o.d -o CMakeFiles/cmTC_e8175.dir/src.c.o -c /home/cx9ps3/android-project/app/.cxx/Debug/675l145p/x86_64/CMakeFiles/CMakeScratch/TryCompile-pmsgsk/src.c
clang: error: unknown argument: '-mpreferred-stack-boundary=2'
ninja: build stopped: subcommand failed.


Source file was:
int x = 0; int main(int argc, char **argv) { return 0; }

Performing C SOURCE FILE Test HAVE_ALTIVEC_H_HDR failed with the following output:
Change Dir: /home/cx9ps3/android-project/app/.cxx/Debug/675l145p/x86_64/CMakeFiles/CMakeScratch/TryCompile-6bA51H

Run Build Command(s):/usr/bin/ninja cmTC_33a10 && [1/2] Building C object CMakeFiles/cmTC_33a10.dir/src.c.o
FAILED: CMakeFiles/cmTC_33a10.dir/src.c.o 
/home/cx9ps3/Android/Sdk/ndk/23.1.7779620/toolchains/llvm/prebuilt/linux-x86_64/bin/clang --target=x86_64-none-linux-android21 --sysroot=/home/cx9ps3/Android/Sdk/ndk/23.1.7779620/toolchains/llvm/prebuilt/linux-x86_64/sysroot -DHAVE_ALTIVEC_H_HDR  -DANDROID -fdata-sections -ffunction-sections -funwind-tables -fstack-protector-strong -no-canonical-prefixes -D_FORTIFY_SOURCE=2 -Wformat -Werror=format-security -fexceptions -idirafter "/home/cx9ps3/android-project/app/jni/SDL2/src/video/khronos" -maltivec -O2 -g -DNDEBUG -fPIE -MD -MT CMakeFiles/cmTC_33a10.dir/src.c.o -MF CMakeFiles/cmTC_33a10.dir/src.c.o.d -o CMakeFiles/cmTC_33a10.dir/src.c.o -c /home/cx9ps3/android-project/app/.cxx/Debug/675l145p/x86_64/CMakeFiles/CMakeScratch/TryCompile-6bA51H/src.c
clang: warning: argument unused during compilation: '-maltivec' [-Wunused-command-line-argument]
In file included from /home/cx9ps3/android-project/app/.cxx/Debug/675l145p/x86_64/CMakeFiles/CMakeScratch/TryCompile-6bA51H/src.c:2:
/home/cx9ps3/Android/Sdk/ndk/23.1.7779620/toolchains/llvm/prebuilt/linux-x86_64/lib64/clang/12.0.8/include/altivec.h:13:2: error: "AltiVec support not enabled"
#error "AltiVec support not enabled"
 ^
/home/cx9ps3/Android/Sdk/ndk/23.1.7779620/toolchains/llvm/prebuilt/linux-x86_64/lib64/clang/12.0.8/include/altivec.h:48:19: error: unknown type name 'vector'
static __inline__ vector signed char __ATTRS_o_ai vec_perm(
                  ^
/home/cx9ps3/Android/Sdk/ndk/23.1.7779620/toolchains/llvm/prebuilt/linux-x86_64/lib64/clang/12.0.8/include/altivec.h:49:5: error: unknown type name 'vector'
    vector signed char __a, vector signed char __b, vector unsigned char __c);
    ^
/home/cx9ps3/Android/Sdk/ndk/23.1.7779620/toolchains/llvm/prebuilt/linux-x86_64/lib64/clang/12.0.8/include/altivec.h:49:29: error: unknown type name 'vector'
    vector signed char __a, vector signed char __b, vector unsigned char __c);
                            ^
/home/cx9ps3/Android/Sdk/ndk/23.1.7779620/toolchains/llvm/prebuilt/linux-x86_64/lib64/clang/12.0.8/include/altivec.h:49:53: error: unknown type name 'vector'
    vector signed char __a, vector signed char __b, vector unsigned char __c);
                                                    ^
/home/cx9ps3/Android/Sdk/ndk/23.1.7779620/toolchains/llvm/prebuilt/linux-x86_64/lib64/clang/12.0.8/include/altivec.h:51:19: error: unknown type name 'vector'
static __inline__ vector unsigned char __ATTRS_o_ai
                  ^
/home/cx9ps3/Android/Sdk/ndk/23.1.7779620/toolchains/llvm/prebuilt/linux-x86_64/lib64/clang/12.0.8/include/altivec.h:52:10: error: unknown type name 'vector'
vec_perm(vector unsigned char __a, vector unsigned char __b,
         ^
/home/cx9ps3/Android/Sdk/ndk/23.1.7779620/toolchains/llvm/prebuilt/linux-x86_64/lib64/clang/12.0.8/include/altivec.h:52:36: error: unknown type name 'vector'
vec_perm(vector unsigned char __a, vector unsigned char __b,
                                   ^
/home/cx9ps3/Android/Sdk/ndk/23.1.7779620/toolchains/llvm/prebuilt/linux-x86_64/lib64/clang/12.0.8/include/altivec.h:53:10: error: unknown type name 'vector'
         vector unsigned char __c);
         ^
/home/cx9ps3/Android/Sdk/ndk/23.1.7779620/toolchains/llvm/prebuilt/linux-x86_64/lib64/clang/12.0.8/include/altivec.h:55:19: error: unknown type name 'vector'
static __inline__ vector bool char __ATTRS_o_ai
                  ^
/home/cx9ps3/Android/Sdk/ndk/23.1.7779620/toolchains/llvm/prebuilt/linux-x86_64/lib64/clang/12.0.8/include/altivec.h:55:8: error: 'inline' can only appear on functions
static __inline__ vector bool char __ATTRS_o_ai
       ^
/home/cx9ps3/Android/Sdk/ndk/23.1.7779620/toolchains/llvm/prebuilt/linux-x86_64/lib64/clang/12.0.8/include/altivec.h:55:30: error: expected ';' after top level declarator
static __inline__ vector bool char __ATTRS_o_ai
                             ^
/home/cx9ps3/Android/Sdk/ndk/23.1.7779620/toolchains/llvm/prebuilt/linux-x86_64/lib64/clang/12.0.8/include/altivec.h:56:10: error: unknown type name 'vector'
vec_perm(vector bool char __a, vector bool char __b, vector unsigned char __c);
         ^
/home/cx9ps3/Android/Sdk/ndk/23.1.7779620/toolchains/llvm/prebuilt/linux-x86_64/lib64/clang/12.0.8/include/altivec.h:56:22: error: expected ')'
vec_perm(vector bool char __a, vector bool char __b, vector unsigned char __c);
                     ^
/home/cx9ps3/Android/Sdk/ndk/23.1.7779620/toolchains/llvm/prebuilt/linux-x86_64/lib64/clang/12.0.8/include/altivec.h:56:9: note: to match this '('
vec_perm(vector bool char __a, vector bool char __b, vector unsigned char __c);
        ^
/home/cx9ps3/Android/Sdk/ndk/23.1.7779620/toolchains/llvm/prebuilt/linux-x86_64/lib64/clang/12.0.8/include/altivec.h:58:19: error: unknown type name 'vector'
static __inline__ vector short __ATTRS_o_ai vec_perm(vector signed short __a,
                  ^
/home/cx9ps3/Android/Sdk/ndk/23.1.7779620/toolchains/llvm/prebuilt/linux-x86_64/lib64/clang/12.0.8/include/altivec.h:58:54: error: unknown type name 'vector'
static __inline__ vector short __ATTRS_o_ai vec_perm(vector signed short __a,
                                                     ^
/home/cx9ps3/Android/Sdk/ndk/23.1.7779620/toolchains/llvm/prebuilt/linux-x86_64/lib64/clang/12.0.8/include/altivec.h:59:54: error: unknown type name 'vector'
                                                     vector signed short __b,
                                                     ^
/home/cx9ps3/Android/Sdk/ndk/23.1.7779620/toolchains/llvm/prebuilt/linux-x86_64/lib64/clang/12.0.8/include/altivec.h:60:54: error: unknown type name 'vector'
                                                     vector unsigned char __c);
                                                     ^
/home/cx9ps3/Android/Sdk/ndk/23.1.7779620/toolchains/llvm/prebuilt/linux-x86_64/lib64/clang/12.0.8/include/altivec.h:62:19: error: unknown type name 'vector'
static __inline__ vector unsigned short __ATTRS_o_ai
                  ^
fatal error: too many errors emitted, stopping now [-ferror-limit=]
20 errors generated.
ninja: build stopped: subcommand failed.


Source file was:

          #include <altivec.h>
          vector unsigned int vzero() {
              return vec_splat_u32(0);
          }
          int main(int argc, char **argv) { return 0; }

Performing C SOURCE FILE Test HAVE_ALTIVEC failed with the following output:
Change Dir: /home/cx9ps3/android-project/app/.cxx/Debug/675l145p/x86_64/CMakeFiles/CMakeScratch/TryCompile-wGyR3K

Run Build Command(s):/usr/bin/ninja cmTC_a9db5 && [1/2] Building C object CMakeFiles/cmTC_a9db5.dir/src.c.o
FAILED: CMakeFiles/cmTC_a9db5.dir/src.c.o 
/home/cx9ps3/Android/Sdk/ndk/23.1.7779620/toolchains/llvm/prebuilt/linux-x86_64/bin/clang --target=x86_64-none-linux-android21 --sysroot=/home/cx9ps3/Android/Sdk/ndk/23.1.7779620/toolchains/llvm/prebuilt/linux-x86_64/sysroot -DHAVE_ALTIVEC  -DANDROID -fdata-sections -ffunction-sections -funwind-tables -fstack-protector-strong -no-canonical-prefixes -D_FORTIFY_SOURCE=2 -Wformat -Werror=format-security -fexceptions -idirafter "/home/cx9ps3/android-project/app/jni/SDL2/src/video/khronos" -maltivec -O2 -g -DNDEBUG -fPIE -MD -MT CMakeFiles/cmTC_a9db5.dir/src.c.o -MF CMakeFiles/cmTC_a9db5.dir/src.c.o.d -o CMakeFiles/cmTC_a9db5.dir/src.c.o -c /home/cx9ps3/android-project/app/.cxx/Debug/675l145p/x86_64/CMakeFiles/CMakeScratch/TryCompile-wGyR3K/src.c
clang: warning: argument unused during compilation: '-maltivec' [-Wunused-command-line-argument]
/home/cx9ps3/android-project/app/.cxx/Debug/675l145p/x86_64/CMakeFiles/CMakeScratch/TryCompile-wGyR3K/src.c:2:11: error: unknown type name 'vector'
          vector unsigned int vzero() {
          ^
/home/cx9ps3/android-project/app/.cxx/Debug/675l145p/x86_64/CMakeFiles/CMakeScratch/TryCompile-wGyR3K/src.c:3:22: warning: implicit declaration of function 'vec_splat_u32' is invalid in C99 [-Wimplicit-function-declaration]
              return vec_splat_u32(0);
                     ^
1 warning and 1 error generated.
ninja: build stopped: subcommand failed.


Source file was:

          vector unsigned int vzero() {
              return vec_splat_u32(0);
          }
          int main(int argc, char **argv) { return 0; }

Determining if the include file libunwind.h exists failed with the following output:
Change Dir: /home/cx9ps3/android-project/app/.cxx/Debug/675l145p/x86_64/CMakeFiles/CMakeScratch/TryCompile-bcD9KZ

Run Build Command(s):/usr/bin/ninja cmTC_3865b && [1/2] Building C object CMakeFiles/cmTC_3865b.dir/CheckIncludeFile.c.o
FAILED: CMakeFiles/cmTC_3865b.dir/CheckIncludeFile.c.o 
/home/cx9ps3/Android/Sdk/ndk/23.1.7779620/toolchains/llvm/prebuilt/linux-x86_64/bin/clang --target=x86_64-none-linux-android21 --sysroot=/home/cx9ps3/Android/Sdk/ndk/23.1.7779620/toolchains/llvm/prebuilt/linux-x86_64/sysroot   -DANDROID -fdata-sections -ffunction-sections -funwind-tables -fstack-protector-strong -no-canonical-prefixes -D_FORTIFY_SOURCE=2 -Wformat -Werror=format-security -fexceptions -idirafter "/home/cx9ps3/android-project/app/jni/SDL2/src/video/khronos"  -O2 -g -DNDEBUG -fPIE -MD -MT CMakeFiles/cmTC_3865b.dir/CheckIncludeFile.c.o -MF CMakeFiles/cmTC_3865b.dir/CheckIncludeFile.c.o.d -o CMakeFiles/cmTC_3865b.dir/CheckIncludeFile.c.o -c /home/cx9ps3/android-project/app/.cxx/Debug/675l145p/x86_64/CMakeFiles/CMakeScratch/TryCompile-bcD9KZ/CheckIncludeFile.c
/home/cx9ps3/android-project/app/.cxx/Debug/675l145p/x86_64/CMakeFiles/CMakeScratch/TryCompile-bcD9KZ/CheckIncludeFile.c:1:10: fatal error: 'libunwind.h' file not found
#include <libunwind.h>
         ^~~~~~~~~~~~~
1 error generated.
ninja: build stopped: subcommand failed.



Determining if the bcopy exist failed with the following output:
Change Dir: /home/cx9ps3/android-project/app/.cxx/Debug/675l145p/x86_64/CMakeFiles/CMakeScratch/TryCompile-ORRv1a

Run Build Command(s):/usr/bin/ninja cmTC_afca8 && [1/2] Building C object CMakeFiles/cmTC_afca8.dir/CheckSymbolExists.c.o
FAILED: CMakeFiles/cmTC_afca8.dir/CheckSymbolExists.c.o 
/home/cx9ps3/Android/Sdk/ndk/23.1.7779620/toolchains/llvm/prebuilt/linux-x86_64/bin/clang --target=x86_64-none-linux-android21 --sysroot=/home/cx9ps3/Android/Sdk/ndk/23.1.7779620/toolchains/llvm/prebuilt/linux-x86_64/sysroot   -DANDROID -fdata-sections -ffunction-sections -funwind-tables -fstack-protector-strong -no-canonical-prefixes -D_FORTIFY_SOURCE=2 -Wformat -fexceptions -idirafter "/home/cx9ps3/android-project/app/jni/SDL2/src/video/khronos"  -O2 -g -DNDEBUG -fPIE -MD -MT CMakeFiles/cmTC_afca8.dir/CheckSymbolExists.c.o -MF CMakeFiles/cmTC_afca8.dir/CheckSymbolExists.c.o.d -o CMakeFiles/cmTC_afca8.dir/CheckSymbolExists.c.o -c /home/cx9ps3/android-project/app/.cxx/Debug/675l145p/x86_64/CMakeFiles/CMakeScratch/TryCompile-ORRv1a/CheckSymbolExists.c
/home/cx9ps3/android-project/app/.cxx/Debug/675l145p/x86_64/CMakeFiles/CMakeScratch/TryCompile-ORRv1a/CheckSymbolExists.c:14:19: error: use of undeclared identifier 'bcopy'
  return ((int*)(&bcopy))[argc];
                  ^
1 error generated.
ninja: build stopped: subcommand failed.


File CheckSymbolExists.c:
/* */
#include <stddef.h>
#include <stdarg.h>
#include <stdlib.h>
#include <string.h>
#include <stdio.h>
#include <wchar.h>
#include <float.h>

int main(int argc, char** argv)
{
  (void)argv;
#ifndef bcopy
  return ((int*)(&bcopy))[argc];
#else
  (void)argc;
  return 0;
#endif
}
Determining if the _strrev exist failed with the following output:
Change Dir: /home/cx9ps3/android-project/app/.cxx/Debug/675l145p/x86_64/CMakeFiles/CMakeScratch/TryCompile-V20Zj0

Run Build Command(s):/usr/bin/ninja cmTC_bf4fb && [1/2] Building C object CMakeFiles/cmTC_bf4fb.dir/CheckSymbolExists.c.o
FAILED: CMakeFiles/cmTC_bf4fb.dir/CheckSymbolExists.c.o 
/home/cx9ps3/Android/Sdk/ndk/23.1.7779620/toolchains/llvm/prebuilt/linux-x86_64/bin/clang --target=x86_64-none-linux-android21 --sysroot=/home/cx9ps3/Android/Sdk/ndk/23.1.7779620/toolchains/llvm/prebuilt/linux-x86_64/sysroot   -DANDROID -fdata-sections -ffunction-sections -funwind-tables -fstack-protector-strong -no-canonical-prefixes -D_FORTIFY_SOURCE=2 -Wformat -fexceptions -idirafter "/home/cx9ps3/android-project/app/jni/SDL2/src/video/khronos"  -O2 -g -DNDEBUG -fPIE -MD -MT CMakeFiles/cmTC_bf4fb.dir/CheckSymbolExists.c.o -MF CMakeFiles/cmTC_bf4fb.dir/CheckSymbolExists.c.o.d -o CMakeFiles/cmTC_bf4fb.dir/CheckSymbolExists.c.o -c /home/cx9ps3/android-project/app/.cxx/Debug/675l145p/x86_64/CMakeFiles/CMakeScratch/TryCompile-V20Zj0/CheckSymbolExists.c
/home/cx9ps3/android-project/app/.cxx/Debug/675l145p/x86_64/CMakeFiles/CMakeScratch/TryCompile-V20Zj0/CheckSymbolExists.c:14:19: error: use of undeclared identifier '_strrev'; did you mean 'strsep'?
  return ((int*)(&_strrev))[argc];
                  ^~~~~~~
                  strsep
/home/cx9ps3/Android/Sdk/ndk/23.1.7779620/toolchains/llvm/prebuilt/linux-x86_64/sysroot/usr/include/string.h:150:7: note: 'strsep' declared here
char* strsep(char** __s_ptr, const char* __delimiter);
      ^
1 error generated.
ninja: build stopped: subcommand failed.


File CheckSymbolExists.c:
/* */
#include <stddef.h>
#include <stdarg.h>
#include <stdlib.h>
#include <string.h>
#include <stdio.h>
#include <wchar.h>
#include <float.h>

int main(int argc, char** argv)
{
  (void)argv;
#ifndef _strrev
  return ((int*)(&_strrev))[argc];
#else
  (void)argc;
  return 0;
#endif
}
Determining if the _strupr exist failed with the following output:
Change Dir: /home/cx9ps3/android-project/app/.cxx/Debug/675l145p/x86_64/CMakeFiles/CMakeScratch/TryCompile-rZC0ge

Run Build Command(s):/usr/bin/ninja cmTC_70849 && [1/2] Building C object CMakeFiles/cmTC_70849.dir/CheckSymbolExists.c.o
FAILED: CMakeFiles/cmTC_70849.dir/CheckSymbolExists.c.o 
/home/cx9ps3/Android/Sdk/ndk/23.1.7779620/toolchains/llvm/prebuilt/linux-x86_64/bin/clang --target=x86_64-none-linux-android21 --sysroot=/home/cx9ps3/Android/Sdk/ndk/23.1.7779620/toolchains/llvm/prebuilt/linux-x86_64/sysroot   -DANDROID -fdata-sections -ffunction-sections -funwind-tables -fstack-protector-strong -no-canonical-prefixes -D_FORTIFY_SOURCE=2 -Wformat -fexceptions -idirafter "/home/cx9ps3/android-project/app/jni/SDL2/src/video/khronos"  -O2 -g -DNDEBUG -fPIE -MD -MT CMakeFiles/cmTC_70849.dir/CheckSymbolExists.c.o -MF CMakeFiles/cmTC_70849.dir/CheckSymbolExists.c.o.d -o CMakeFiles/cmTC_70849.dir/CheckSymbolExists.c.o -c /home/cx9ps3/android-project/app/.cxx/Debug/675l145p/x86_64/CMakeFiles/CMakeScratch/TryCompile-rZC0ge/CheckSymbolExists.c
/home/cx9ps3/android-project/app/.cxx/Debug/675l145p/x86_64/CMakeFiles/CMakeScratch/TryCompile-rZC0ge/CheckSymbolExists.c:14:19: error: use of undeclared identifier '_strupr'
  return ((int*)(&_strupr))[argc];
                  ^
1 error generated.
ninja: build stopped: subcommand failed.


File CheckSymbolExists.c:
/* */
#include <stddef.h>
#include <stdarg.h>
#include <stdlib.h>
#include <string.h>
#include <stdio.h>
#include <wchar.h>
#include <float.h>

int main(int argc, char** argv)
{
  (void)argv;
#ifndef _strupr
  return ((int*)(&_strupr))[argc];
#else
  (void)argc;
  return 0;
#endif
}
Determining if the _strlwr exist failed with the following output:
Change Dir: /home/cx9ps3/android-project/app/.cxx/Debug/675l145p/x86_64/CMakeFiles/CMakeScratch/TryCompile-hZ2DLD

Run Build Command(s):/usr/bin/ninja cmTC_1db40 && [1/2] Building C object CMakeFiles/cmTC_1db40.dir/CheckSymbolExists.c.o
FAILED: CMakeFiles/cmTC_1db40.dir/CheckSymbolExists.c.o 
/home/cx9ps3/Android/Sdk/ndk/23.1.7779620/toolchains/llvm/prebuilt/linux-x86_64/bin/clang --target=x86_64-none-linux-android21 --sysroot=/home/cx9ps3/Android/Sdk/ndk/23.1.7779620/toolchains/llvm/prebuilt/linux-x86_64/sysroot   -DANDROID -fdata-sections -ffunction-sections -funwind-tables -fstack-protector-strong -no-canonical-prefixes -D_FORTIFY_SOURCE=2 -Wformat -fexceptions -idirafter "/home/cx9ps3/android-project/app/jni/SDL2/src/video/khronos"  -O2 -g -DNDEBUG -fPIE -MD -MT CMakeFiles/cmTC_1db40.dir/CheckSymbolExists.c.o -MF CMakeFiles/cmTC_1db40.dir/CheckSymbolExists.c.o.d -o CMakeFiles/cmTC_1db40.dir/CheckSymbolExists.c.o -c /home/cx9ps3/android-project/app/.cxx/Debug/675l145p/x86_64/CMakeFiles/CMakeScratch/TryCompile-hZ2DLD/CheckSymbolExists.c
/home/cx9ps3/android-project/app/.cxx/Debug/675l145p/x86_64/CMakeFiles/CMakeScratch/TryCompile-hZ2DLD/CheckSymbolExists.c:14:19: error: use of undeclared identifier '_strlwr'; did you mean 'strstr'?
  return ((int*)(&_strlwr))[argc];
                  ^~~~~~~
                  strstr
/home/cx9ps3/Android/Sdk/ndk/23.1.7779620/toolchains/llvm/prebuilt/linux-x86_64/sysroot/usr/include/string.h:112:7: note: 'strstr' declared here
char* strstr(const char* __haystack, const char* __needle) __attribute_pure__;
      ^
1 error generated.
ninja: build stopped: subcommand failed.


File CheckSymbolExists.c:
/* */
#include <stddef.h>
#include <stdarg.h>
#include <stdlib.h>
#include <string.h>
#include <stdio.h>
#include <wchar.h>
#include <float.h>

int main(int argc, char** argv)
{
  (void)argv;
#ifndef _strlwr
  return ((int*)(&_strlwr))[argc];
#else
  (void)argc;
  return 0;
#endif
}
Determining if the index exist failed with the following output:
Change Dir: /home/cx9ps3/android-project/app/.cxx/Debug/675l145p/x86_64/CMakeFiles/CMakeScratch/TryCompile-rF6VbW

Run Build Command(s):/usr/bin/ninja cmTC_940c6 && [1/2] Building C object CMakeFiles/cmTC_940c6.dir/CheckSymbolExists.c.o
/home/cx9ps3/android-project/app/.cxx/Debug/675l145p/x86_64/CMakeFiles/CMakeScratch/TryCompile-rF6VbW/CheckSymbolExists.c:14:19: warning: implicitly declaring library function 'index' with type 'char *(const char *, int)' [-Wimplicit-function-declaration]
  return ((int*)(&index))[argc];
                  ^
/home/cx9ps3/android-project/app/.cxx/Debug/675l145p/x86_64/CMakeFiles/CMakeScratch/TryCompile-rF6VbW/CheckSymbolExists.c:14:19: note: include the header <strings.h> or explicitly provide a declaration for 'index'
1 warning generated.
[2/2] Linking C executable cmTC_940c6
FAILED: cmTC_940c6 
: && /home/cx9ps3/Android/Sdk/ndk/23.1.7779620/toolchains/llvm/prebuilt/linux-x86_64/bin/clang --target=x86_64-none-linux-android21 --sysroot=/home/cx9ps3/Android/Sdk/ndk/23.1.7779620/toolchains/llvm/prebuilt/linux-x86_64/sysroot -DANDROID -fdata-sections -ffunction-sections -funwind-tables -fstack-protector-strong -no-canonical-prefixes -D_FORTIFY_SOURCE=2 -Wformat -fexceptions -idirafter "/home/cx9ps3/android-project/app/jni/SDL2/src/video/khronos"  -O2 -g -DNDEBUG -Wl,--build-id=sha1 -Wl,--no-rosegment -Wl,--fatal-warnings -Qunused-arguments -Wl,--no-undefined  -Wl,--gc-sections CMakeFiles/cmTC_940c6.dir/CheckSymbolExists.c.o -o cmTC_940c6  -latomic -lm && :
ld: error: undefined symbol: index
>>> referenced by CheckSymbolExists.c:14
>>>               CMakeFiles/cmTC_940c6.dir/CheckSymbolExists.c.o:(main)
clang: error: linker command failed with exit code 1 (use -v to see invocation)
ninja: build stopped: subcommand failed.


File CheckSymbolExists.c:
/* */
#include <stddef.h>
#include <stdarg.h>
#include <stdlib.h>
#include <string.h>
#include <stdio.h>
#include <wchar.h>
#include <float.h>

int main(int argc, char** argv)
{
  (void)argv;
#ifndef index
  return ((int*)(&index))[argc];
#else
  (void)argc;
  return 0;
#endif
}
Determining if the rindex exist failed with the following output:
Change Dir: /home/cx9ps3/android-project/app/.cxx/Debug/675l145p/x86_64/CMakeFiles/CMakeScratch/TryCompile-4uEWgs

Run Build Command(s):/usr/bin/ninja cmTC_b59d2 && [1/2] Building C object CMakeFiles/cmTC_b59d2.dir/CheckSymbolExists.c.o
/home/cx9ps3/android-project/app/.cxx/Debug/675l145p/x86_64/CMakeFiles/CMakeScratch/TryCompile-4uEWgs/CheckSymbolExists.c:14:19: warning: implicitly declaring library function 'rindex' with type 'char *(const char *, int)' [-Wimplicit-function-declaration]
  return ((int*)(&rindex))[argc];
                  ^
/home/cx9ps3/android-project/app/.cxx/Debug/675l145p/x86_64/CMakeFiles/CMakeScratch/TryCompile-4uEWgs/CheckSymbolExists.c:14:19: note: include the header <strings.h> or explicitly provide a declaration for 'rindex'
1 warning generated.
[2/2] Linking C executable cmTC_b59d2
FAILED: cmTC_b59d2 
: && /home/cx9ps3/Android/Sdk/ndk/23.1.7779620/toolchains/llvm/prebuilt/linux-x86_64/bin/clang --target=x86_64-none-linux-android21 --sysroot=/home/cx9ps3/Android/Sdk/ndk/23.1.7779620/toolchains/llvm/prebuilt/linux-x86_64/sysroot -DANDROID -fdata-sections -ffunction-sections -funwind-tables -fstack-protector-strong -no-canonical-prefixes -D_FORTIFY_SOURCE=2 -Wformat -fexceptions -idirafter "/home/cx9ps3/android-project/app/jni/SDL2/src/video/khronos"  -O2 -g -DNDEBUG -Wl,--build-id=sha1 -Wl,--no-rosegment -Wl,--fatal-warnings -Qunused-arguments -Wl,--no-undefined  -Wl,--gc-sections CMakeFiles/cmTC_b59d2.dir/CheckSymbolExists.c.o -o cmTC_b59d2  -latomic -lm && :
ld: error: undefined symbol: rindex
>>> referenced by CheckSymbolExists.c:14
>>>               CMakeFiles/cmTC_b59d2.dir/CheckSymbolExists.c.o:(main)
clang: error: linker command failed with exit code 1 (use -v to see invocation)
ninja: build stopped: subcommand failed.


File CheckSymbolExists.c:
/* */
#include <stddef.h>
#include <stdarg.h>
#include <stdlib.h>
#include <string.h>
#include <stdio.h>
#include <wchar.h>
#include <float.h>

int main(int argc, char** argv)
{
  (void)argv;
#ifndef rindex
  return ((int*)(&rindex))[argc];
#else
  (void)argc;
  return 0;
#endif
}
Determining if the itoa exist failed with the following output:
Change Dir: /home/cx9ps3/android-project/app/.cxx/Debug/675l145p/x86_64/CMakeFiles/CMakeScratch/TryCompile-qSZ4jl

Run Build Command(s):/usr/bin/ninja cmTC_053c3 && [1/2] Building C object CMakeFiles/cmTC_053c3.dir/CheckSymbolExists.c.o
FAILED: CMakeFiles/cmTC_053c3.dir/CheckSymbolExists.c.o 
/home/cx9ps3/Android/Sdk/ndk/23.1.7779620/toolchains/llvm/prebuilt/linux-x86_64/bin/clang --target=x86_64-none-linux-android21 --sysroot=/home/cx9ps3/Android/Sdk/ndk/23.1.7779620/toolchains/llvm/prebuilt/linux-x86_64/sysroot   -DANDROID -fdata-sections -ffunction-sections -funwind-tables -fstack-protector-strong -no-canonical-prefixes -D_FORTIFY_SOURCE=2 -Wformat -fexceptions -idirafter "/home/cx9ps3/android-project/app/jni/SDL2/src/video/khronos"  -O2 -g -DNDEBUG -fPIE -MD -MT CMakeFiles/cmTC_053c3.dir/CheckSymbolExists.c.o -MF CMakeFiles/cmTC_053c3.dir/CheckSymbolExists.c.o.d -o CMakeFiles/cmTC_053c3.dir/CheckSymbolExists.c.o -c /home/cx9ps3/android-project/app/.cxx/Debug/675l145p/x86_64/CMakeFiles/CMakeScratch/TryCompile-qSZ4jl/CheckSymbolExists.c
/home/cx9ps3/android-project/app/.cxx/Debug/675l145p/x86_64/CMakeFiles/CMakeScratch/TryCompile-qSZ4jl/CheckSymbolExists.c:14:19: error: use of undeclared identifier 'itoa'
  return ((int*)(&itoa))[argc];
                  ^
1 error generated.
ninja: build stopped: subcommand failed.


File CheckSymbolExists.c:
/* */
#include <stddef.h>
#include <stdarg.h>
#include <stdlib.h>
#include <string.h>
#include <stdio.h>
#include <wchar.h>
#include <float.h>

int main(int argc, char** argv)
{
  (void)argv;
#ifndef itoa
  return ((int*)(&itoa))[argc];
#else
  (void)argc;
  return 0;
#endif
}
Determining if the _ltoa exist failed with the following output:
Change Dir: /home/cx9ps3/android-project/app/.cxx/Debug/675l145p/x86_64/CMakeFiles/CMakeScratch/TryCompile-GYuoCH

Run Build Command(s):/usr/bin/ninja cmTC_83998 && [1/2] Building C object CMakeFiles/cmTC_83998.dir/CheckSymbolExists.c.o
FAILED: CMakeFiles/cmTC_83998.dir/CheckSymbolExists.c.o 
/home/cx9ps3/Android/Sdk/ndk/23.1.7779620/toolchains/llvm/prebuilt/linux-x86_64/bin/clang --target=x86_64-none-linux-android21 --sysroot=/home/cx9ps3/Android/Sdk/ndk/23.1.7779620/toolchains/llvm/prebuilt/linux-x86_64/sysroot   -DANDROID -fdata-sections -ffunction-sections -funwind-tables -fstack-protector-strong -no-canonical-prefixes -D_FORTIFY_SOURCE=2 -Wformat -fexceptions -idirafter "/home/cx9ps3/android-project/app/jni/SDL2/src/video/khronos"  -O2 -g -DNDEBUG -fPIE -MD -MT CMakeFiles/cmTC_83998.dir/CheckSymbolExists.c.o -MF CMakeFiles/cmTC_83998.dir/CheckSymbolExists.c.o.d -o CMakeFiles/cmTC_83998.dir/CheckSymbolExists.c.o -c /home/cx9ps3/android-project/app/.cxx/Debug/675l145p/x86_64/CMakeFiles/CMakeScratch/TryCompile-GYuoCH/CheckSymbolExists.c
/home/cx9ps3/android-project/app/.cxx/Debug/675l145p/x86_64/CMakeFiles/CMakeScratch/TryCompile-GYuoCH/CheckSymbolExists.c:14:19: error: use of undeclared identifier '_ltoa'
  return ((int*)(&_ltoa))[argc];
                  ^
1 error generated.
ninja: build stopped: subcommand failed.


File CheckSymbolExists.c:
/* */
#include <stddef.h>
#include <stdarg.h>
#include <stdlib.h>
#include <string.h>
#include <stdio.h>
#include <wchar.h>
#include <float.h>

int main(int argc, char** argv)
{
  (void)argv;
#ifndef _ltoa
  return ((int*)(&_ltoa))[argc];
#else
  (void)argc;
  return 0;
#endif
}
Determining if the _uitoa exist failed with the following output:
Change Dir: /home/cx9ps3/android-project/app/.cxx/Debug/675l145p/x86_64/CMakeFiles/CMakeScratch/TryCompile-Dwl8Ub

Run Build Command(s):/usr/bin/ninja cmTC_930e9 && [1/2] Building C object CMakeFiles/cmTC_930e9.dir/CheckSymbolExists.c.o
FAILED: CMakeFiles/cmTC_930e9.dir/CheckSymbolExists.c.o 
/home/cx9ps3/Android/Sdk/ndk/23.1.7779620/toolchains/llvm/prebuilt/linux-x86_64/bin/clang --target=x86_64-none-linux-android21 --sysroot=/home/cx9ps3/Android/Sdk/ndk/23.1.7779620/toolchains/llvm/prebuilt/linux-x86_64/sysroot   -DANDROID -fdata-sections -ffunction-sections -funwind-tables -fstack-protector-strong -no-canonical-prefixes -D_FORTIFY_SOURCE=2 -Wformat -fexceptions -idirafter "/home/cx9ps3/android-project/app/jni/SDL2/src/video/khronos"  -O2 -g -DNDEBUG -fPIE -MD -MT CMakeFiles/cmTC_930e9.dir/CheckSymbolExists.c.o -MF CMakeFiles/cmTC_930e9.dir/CheckSymbolExists.c.o.d -o CMakeFiles/cmTC_930e9.dir/CheckSymbolExists.c.o -c /home/cx9ps3/android-project/app/.cxx/Debug/675l145p/x86_64/CMakeFiles/CMakeScratch/TryCompile-Dwl8Ub/CheckSymbolExists.c
/home/cx9ps3/android-project/app/.cxx/Debug/675l145p/x86_64/CMakeFiles/CMakeScratch/TryCompile-Dwl8Ub/CheckSymbolExists.c:14:19: error: use of undeclared identifier '_uitoa'
  return ((int*)(&_uitoa))[argc];
                  ^
1 error generated.
ninja: build stopped: subcommand failed.


File CheckSymbolExists.c:
/* */
#include <stddef.h>
#include <stdarg.h>
#include <stdlib.h>
#include <string.h>
#include <stdio.h>
#include <wchar.h>
#include <float.h>

int main(int argc, char** argv)
{
  (void)argv;
#ifndef _uitoa
  return ((int*)(&_uitoa))[argc];
#else
  (void)argc;
  return 0;
#endif
}
Determining if the _ultoa exist failed with the following output:
Change Dir: /home/cx9ps3/android-project/app/.cxx/Debug/675l145p/x86_64/CMakeFiles/CMakeScratch/TryCompile-dNbXPJ

Run Build Command(s):/usr/bin/ninja cmTC_00cc4 && [1/2] Building C object CMakeFiles/cmTC_00cc4.dir/CheckSymbolExists.c.o
FAILED: CMakeFiles/cmTC_00cc4.dir/CheckSymbolExists.c.o 
/home/cx9ps3/Android/Sdk/ndk/23.1.7779620/toolchains/llvm/prebuilt/linux-x86_64/bin/clang --target=x86_64-none-linux-android21 --sysroot=/home/cx9ps3/Android/Sdk/ndk/23.1.7779620/toolchains/llvm/prebuilt/linux-x86_64/sysroot   -DANDROID -fdata-sections -ffunction-sections -funwind-tables -fstack-protector-strong -no-canonical-prefixes -D_FORTIFY_SOURCE=2 -Wformat -fexceptions -idirafter "/home/cx9ps3/android-project/app/jni/SDL2/src/video/khronos"  -O2 -g -DNDEBUG -fPIE -MD -MT CMakeFiles/cmTC_00cc4.dir/CheckSymbolExists.c.o -MF CMakeFiles/cmTC_00cc4.dir/CheckSymbolExists.c.o.d -o CMakeFiles/cmTC_00cc4.dir/CheckSymbolExists.c.o -c /home/cx9ps3/android-project/app/.cxx/Debug/675l145p/x86_64/CMakeFiles/CMakeScratch/TryCompile-dNbXPJ/CheckSymbolExists.c
/home/cx9ps3/android-project/app/.cxx/Debug/675l145p/x86_64/CMakeFiles/CMakeScratch/TryCompile-dNbXPJ/CheckSymbolExists.c:14:19: error: use of undeclared identifier '_ultoa'
  return ((int*)(&_ultoa))[argc];
                  ^
1 error generated.
ninja: build stopped: subcommand failed.


File CheckSymbolExists.c:
/* */
#include <stddef.h>
#include <stdarg.h>
#include <stdlib.h>
#include <string.h>
#include <stdio.h>
#include <wchar.h>
#include <float.h>

int main(int argc, char** argv)
{
  (void)argv;
#ifndef _ultoa
  return ((int*)(&_ultoa))[argc];
#else
  (void)argc;
  return 0;
#endif
}
Determining if the _i64toa exist failed with the following output:
Change Dir: /home/cx9ps3/android-project/app/.cxx/Debug/675l145p/x86_64/CMakeFiles/CMakeScratch/TryCompile-BOm71T

Run Build Command(s):/usr/bin/ninja cmTC_01414 && [1/2] Building C object CMakeFiles/cmTC_01414.dir/CheckSymbolExists.c.o
FAILED: CMakeFiles/cmTC_01414.dir/CheckSymbolExists.c.o 
/home/cx9ps3/Android/Sdk/ndk/23.1.7779620/toolchains/llvm/prebuilt/linux-x86_64/bin/clang --target=x86_64-none-linux-android21 --sysroot=/home/cx9ps3/Android/Sdk/ndk/23.1.7779620/toolchains/llvm/prebuilt/linux-x86_64/sysroot   -DANDROID -fdata-sections -ffunction-sections -funwind-tables -fstack-protector-strong -no-canonical-prefixes -D_FORTIFY_SOURCE=2 -Wformat -fexceptions -idirafter "/home/cx9ps3/android-project/app/jni/SDL2/src/video/khronos"  -O2 -g -DNDEBUG -fPIE -MD -MT CMakeFiles/cmTC_01414.dir/CheckSymbolExists.c.o -MF CMakeFiles/cmTC_01414.dir/CheckSymbolExists.c.o.d -o CMakeFiles/cmTC_01414.dir/CheckSymbolExists.c.o -c /home/cx9ps3/android-project/app/.cxx/Debug/675l145p/x86_64/CMakeFiles/CMakeScratch/TryCompile-BOm71T/CheckSymbolExists.c
/home/cx9ps3/android-project/app/.cxx/Debug/675l145p/x86_64/CMakeFiles/CMakeScratch/TryCompile-BOm71T/CheckSymbolExists.c:14:19: error: use of undeclared identifier '_i64toa'
  return ((int*)(&_i64toa))[argc];
                  ^
1 error generated.
ninja: build stopped: subcommand failed.


File CheckSymbolExists.c:
/* */
#include <stddef.h>
#include <stdarg.h>
#include <stdlib.h>
#include <string.h>
#include <stdio.h>
#include <wchar.h>
#include <float.h>

int main(int argc, char** argv)
{
  (void)argv;
#ifndef _i64toa
  return ((int*)(&_i64toa))[argc];
#else
  (void)argc;
  return 0;
#endif
}
Determining if the _ui64toa exist failed with the following output:
Change Dir: /home/cx9ps3/android-project/app/.cxx/Debug/675l145p/x86_64/CMakeFiles/CMakeScratch/TryCompile-Y1SbgD

Run Build Command(s):/usr/bin/ninja cmTC_8995b && [1/2] Building C object CMakeFiles/cmTC_8995b.dir/CheckSymbolExists.c.o
FAILED: CMakeFiles/cmTC_8995b.dir/CheckSymbolExists.c.o 
/home/cx9ps3/Android/Sdk/ndk/23.1.7779620/toolchains/llvm/prebuilt/linux-x86_64/bin/clang --target=x86_64-none-linux-android21 --sysroot=/home/cx9ps3/Android/Sdk/ndk/23.1.7779620/toolchains/llvm/prebuilt/linux-x86_64/sysroot   -DANDROID -fdata-sections -ffunction-sections -funwind-tables -fstack-protector-strong -no-canonical-prefixes -D_FORTIFY_SOURCE=2 -Wformat -fexceptions -idirafter "/home/cx9ps3/android-project/app/jni/SDL2/src/video/khronos"  -O2 -g -DNDEBUG -fPIE -MD -MT CMakeFiles/cmTC_8995b.dir/CheckSymbolExists.c.o -MF CMakeFiles/cmTC_8995b.dir/CheckSymbolExists.c.o.d -o CMakeFiles/cmTC_8995b.dir/CheckSymbolExists.c.o -c /home/cx9ps3/android-project/app/.cxx/Debug/675l145p/x86_64/CMakeFiles/CMakeScratch/TryCompile-Y1SbgD/CheckSymbolExists.c
/home/cx9ps3/android-project/app/.cxx/Debug/675l145p/x86_64/CMakeFiles/CMakeScratch/TryCompile-Y1SbgD/CheckSymbolExists.c:14:19: error: use of undeclared identifier '_ui64toa'
  return ((int*)(&_ui64toa))[argc];
                  ^
1 error generated.
ninja: build stopped: subcommand failed.


File CheckSymbolExists.c:
/* */
#include <stddef.h>
#include <stdarg.h>
#include <stdlib.h>
#include <string.h>
#include <stdio.h>
#include <wchar.h>
#include <float.h>

int main(int argc, char** argv)
{
  (void)argv;
#ifndef _ui64toa
  return ((int*)(&_ui64toa))[argc];
#else
  (void)argc;
  return 0;
#endif
}
Determining if the _stricmp exist failed with the following output:
Change Dir: /home/cx9ps3/android-project/app/.cxx/Debug/675l145p/x86_64/CMakeFiles/CMakeScratch/TryCompile-cNyGQP

Run Build Command(s):/usr/bin/ninja cmTC_40bdb && [1/2] Building C object CMakeFiles/cmTC_40bdb.dir/CheckSymbolExists.c.o
FAILED: CMakeFiles/cmTC_40bdb.dir/CheckSymbolExists.c.o 
/home/cx9ps3/Android/Sdk/ndk/23.1.7779620/toolchains/llvm/prebuilt/linux-x86_64/bin/clang --target=x86_64-none-linux-android21 --sysroot=/home/cx9ps3/Android/Sdk/ndk/23.1.7779620/toolchains/llvm/prebuilt/linux-x86_64/sysroot   -DANDROID -fdata-sections -ffunction-sections -funwind-tables -fstack-protector-strong -no-canonical-prefixes -D_FORTIFY_SOURCE=2 -Wformat -fexceptions -idirafter "/home/cx9ps3/android-project/app/jni/SDL2/src/video/khronos"  -O2 -g -DNDEBUG -fPIE -MD -MT CMakeFiles/cmTC_40bdb.dir/CheckSymbolExists.c.o -MF CMakeFiles/cmTC_40bdb.dir/CheckSymbolExists.c.o.d -o CMakeFiles/cmTC_40bdb.dir/CheckSymbolExists.c.o -c /home/cx9ps3/android-project/app/.cxx/Debug/675l145p/x86_64/CMakeFiles/CMakeScratch/TryCompile-cNyGQP/CheckSymbolExists.c
/home/cx9ps3/android-project/app/.cxx/Debug/675l145p/x86_64/CMakeFiles/CMakeScratch/TryCompile-cNyGQP/CheckSymbolExists.c:14:19: error: use of undeclared identifier '_stricmp'
  return ((int*)(&_stricmp))[argc];
                  ^
1 error generated.
ninja: build stopped: subcommand failed.


File CheckSymbolExists.c:
/* */
#include <stddef.h>
#include <stdarg.h>
#include <stdlib.h>
#include <string.h>
#include <stdio.h>
#include <wchar.h>
#include <float.h>

int main(int argc, char** argv)
{
  (void)argv;
#ifndef _stricmp
  return ((int*)(&_stricmp))[argc];
#else
  (void)argc;
  return 0;
#endif
}
Determining if the _strnicmp exist failed with the following output:
Change Dir: /home/cx9ps3/android-project/app/.cxx/Debug/675l145p/x86_64/CMakeFiles/CMakeScratch/TryCompile-yZGq4f

Run Build Command(s):/usr/bin/ninja cmTC_3b2c8 && [1/2] Building C object CMakeFiles/cmTC_3b2c8.dir/CheckSymbolExists.c.o
FAILED: CMakeFiles/cmTC_3b2c8.dir/CheckSymbolExists.c.o 
/home/cx9ps3/Android/Sdk/ndk/23.1.7779620/toolchains/llvm/prebuilt/linux-x86_64/bin/clang --target=x86_64-none-linux-android21 --sysroot=/home/cx9ps3/Android/Sdk/ndk/23.1.7779620/toolchains/llvm/prebuilt/linux-x86_64/sysroot   -DANDROID -fdata-sections -ffunction-sections -funwind-tables -fstack-protector-strong -no-canonical-prefixes -D_FORTIFY_SOURCE=2 -Wformat -fexceptions -idirafter "/home/cx9ps3/android-project/app/jni/SDL2/src/video/khronos"  -O2 -g -DNDEBUG -fPIE -MD -MT CMakeFiles/cmTC_3b2c8.dir/CheckSymbolExists.c.o -MF CMakeFiles/cmTC_3b2c8.dir/CheckSymbolExists.c.o.d -o CMakeFiles/cmTC_3b2c8.dir/CheckSymbolExists.c.o -c /home/cx9ps3/android-project/app/.cxx/Debug/675l145p/x86_64/CMakeFiles/CMakeScratch/TryCompile-yZGq4f/CheckSymbolExists.c
/home/cx9ps3/android-project/app/.cxx/Debug/675l145p/x86_64/CMakeFiles/CMakeScratch/TryCompile-yZGq4f/CheckSymbolExists.c:14:19: error: use of undeclared identifier '_strnicmp'; did you mean 'strncmp'?
  return ((int*)(&_strnicmp))[argc];
                  ^~~~~~~~~
                  strncmp
/home/cx9ps3/Android/Sdk/ndk/23.1.7779620/toolchains/llvm/prebuilt/linux-x86_64/sysroot/usr/include/string.h:137:5: note: 'strncmp' declared here
int strncmp(const char* __lhs, const char* __rhs, size_t __n) __attribute_pure__;
    ^
1 error generated.
ninja: build stopped: subcommand failed.


File CheckSymbolExists.c:
/* */
#include <stddef.h>
#include <stdarg.h>
#include <stdlib.h>
#include <string.h>
#include <stdio.h>
#include <wchar.h>
#include <float.h>

int main(int argc, char** argv)
{
  (void)argv;
#ifndef _strnicmp
  return ((int*)(&_strnicmp))[argc];
#else
  (void)argc;
  return 0;
#endif
}
Determining if the _wcsdup exist failed with the following output:
Change Dir: /home/cx9ps3/android-project/app/.cxx/Debug/675l145p/x86_64/CMakeFiles/CMakeScratch/TryCompile-JKX16l

Run Build Command(s):/usr/bin/ninja cmTC_72f87 && [1/2] Building C object CMakeFiles/cmTC_72f87.dir/CheckSymbolExists.c.o
FAILED: CMakeFiles/cmTC_72f87.dir/CheckSymbolExists.c.o 
/home/cx9ps3/Android/Sdk/ndk/23.1.7779620/toolchains/llvm/prebuilt/linux-x86_64/bin/clang --target=x86_64-none-linux-android21 --sysroot=/home/cx9ps3/Android/Sdk/ndk/23.1.7779620/toolchains/llvm/prebuilt/linux-x86_64/sysroot   -DANDROID -fdata-sections -ffunction-sections -funwind-tables -fstack-protector-strong -no-canonical-prefixes -D_FORTIFY_SOURCE=2 -Wformat -fexceptions -idirafter "/home/cx9ps3/android-project/app/jni/SDL2/src/video/khronos"  -O2 -g -DNDEBUG -fPIE -MD -MT CMakeFiles/cmTC_72f87.dir/CheckSymbolExists.c.o -MF CMakeFiles/cmTC_72f87.dir/CheckSymbolExists.c.o.d -o CMakeFiles/cmTC_72f87.dir/CheckSymbolExists.c.o -c /home/cx9ps3/android-project/app/.cxx/Debug/675l145p/x86_64/CMakeFiles/CMakeScratch/TryCompile-JKX16l/CheckSymbolExists.c
/home/cx9ps3/android-project/app/.cxx/Debug/675l145p/x86_64/CMakeFiles/CMakeScratch/TryCompile-JKX16l/CheckSymbolExists.c:14:19: error: use of undeclared identifier '_wcsdup'; did you mean 'wcsdup'?
  return ((int*)(&_wcsdup))[argc];
                  ^~~~~~~
                  wcsdup
/home/cx9ps3/Android/Sdk/ndk/23.1.7779620/toolchains/llvm/prebuilt/linux-x86_64/sysroot/usr/include/wchar.h:208:10: note: 'wcsdup' declared here
wchar_t* wcsdup(const wchar_t* __s);
         ^
1 error generated.
ninja: build stopped: subcommand failed.


File CheckSymbolExists.c:
/* */
#include <stddef.h>
#include <stdarg.h>
#include <stdlib.h>
#include <string.h>
#include <stdio.h>
#include <wchar.h>
#include <float.h>

int main(int argc, char** argv)
{
  (void)argv;
#ifndef _wcsdup
  return ((int*)(&_wcsdup))[argc];
#else
  (void)argc;
  return 0;
#endif
}
Determining if the _wcsicmp exist failed with the following output:
Change Dir: /home/cx9ps3/android-project/app/.cxx/Debug/675l145p/x86_64/CMakeFiles/CMakeScratch/TryCompile-xcQfOU

Run Build Command(s):/usr/bin/ninja cmTC_743a8 && [1/2] Building C object CMakeFiles/cmTC_743a8.dir/CheckSymbolExists.c.o
FAILED: CMakeFiles/cmTC_743a8.dir/CheckSymbolExists.c.o 
/home/cx9ps3/Android/Sdk/ndk/23.1.7779620/toolchains/llvm/prebuilt/linux-x86_64/bin/clang --target=x86_64-none-linux-android21 --sysroot=/home/cx9ps3/Android/Sdk/ndk/23.1.7779620/toolchains/llvm/prebuilt/linux-x86_64/sysroot   -DANDROID -fdata-sections -ffunction-sections -funwind-tables -fstack-protector-strong -no-canonical-prefixes -D_FORTIFY_SOURCE=2 -Wformat -fexceptions -idirafter "/home/cx9ps3/android-project/app/jni/SDL2/src/video/khronos"  -O2 -g -DNDEBUG -fPIE -MD -MT CMakeFiles/cmTC_743a8.dir/CheckSymbolExists.c.o -MF CMakeFiles/cmTC_743a8.dir/CheckSymbolExists.c.o.d -o CMakeFiles/cmTC_743a8.dir/CheckSymbolExists.c.o -c /home/cx9ps3/android-project/app/.cxx/Debug/675l145p/x86_64/CMakeFiles/CMakeScratch/TryCompile-xcQfOU/CheckSymbolExists.c
/home/cx9ps3/android-project/app/.cxx/Debug/675l145p/x86_64/CMakeFiles/CMakeScratch/TryCompile-xcQfOU/CheckSymbolExists.c:14:19: error: use of undeclared identifier '_wcsicmp'
  return ((int*)(&_wcsicmp))[argc];
                  ^
1 error generated.
ninja: build stopped: subcommand failed.


File CheckSymbolExists.c:
/* */
#include <stddef.h>
#include <stdarg.h>
#include <stdlib.h>
#include <string.h>
#include <stdio.h>
#include <wchar.h>
#include <float.h>

int main(int argc, char** argv)
{
  (void)argv;
#ifndef _wcsicmp
  return ((int*)(&_wcsicmp))[argc];
#else
  (void)argc;
  return 0;
#endif
}
Determining if the _wcsnicmp exist failed with the following output:
Change Dir: /home/cx9ps3/android-project/app/.cxx/Debug/675l145p/x86_64/CMakeFiles/CMakeScratch/TryCompile-ku3SW8

Run Build Command(s):/usr/bin/ninja cmTC_161ba && [1/2] Building C object CMakeFiles/cmTC_161ba.dir/CheckSymbolExists.c.o
FAILED: CMakeFiles/cmTC_161ba.dir/CheckSymbolExists.c.o 
/home/cx9ps3/Android/Sdk/ndk/23.1.7779620/toolchains/llvm/prebuilt/linux-x86_64/bin/clang --target=x86_64-none-linux-android21 --sysroot=/home/cx9ps3/Android/Sdk/ndk/23.1.7779620/toolchains/llvm/prebuilt/linux-x86_64/sysroot   -DANDROID -fdata-sections -ffunction-sections -funwind-tables -fstack-protector-strong -no-canonical-prefixes -D_FORTIFY_SOURCE=2 -Wformat -fexceptions -idirafter "/home/cx9ps3/android-project/app/jni/SDL2/src/video/khronos"  -O2 -g -DNDEBUG -fPIE -MD -MT CMakeFiles/cmTC_161ba.dir/CheckSymbolExists.c.o -MF CMakeFiles/cmTC_161ba.dir/CheckSymbolExists.c.o.d -o CMakeFiles/cmTC_161ba.dir/CheckSymbolExists.c.o -c /home/cx9ps3/android-project/app/.cxx/Debug/675l145p/x86_64/CMakeFiles/CMakeScratch/TryCompile-ku3SW8/CheckSymbolExists.c
/home/cx9ps3/android-project/app/.cxx/Debug/675l145p/x86_64/CMakeFiles/CMakeScratch/TryCompile-ku3SW8/CheckSymbolExists.c:14:19: error: use of undeclared identifier '_wcsnicmp'; did you mean 'wcsncmp'?
  return ((int*)(&_wcsnicmp))[argc];
                  ^~~~~~~~~
                  wcsncmp
/home/cx9ps3/Android/Sdk/ndk/23.1.7779620/toolchains/llvm/prebuilt/linux-x86_64/sysroot/usr/include/wchar.h:117:5: note: 'wcsncmp' declared here
int wcsncmp(const wchar_t* __lhs, const wchar_t* __rhs, size_t __n);
    ^
1 error generated.
ninja: build stopped: subcommand failed.


File CheckSymbolExists.c:
/* */
#include <stddef.h>
#include <stdarg.h>
#include <stdlib.h>
#include <string.h>
#include <stdio.h>
#include <wchar.h>
#include <float.h>

int main(int argc, char** argv)
{
  (void)argv;
#ifndef _wcsnicmp
  return ((int*)(&_wcsnicmp))[argc];
#else
  (void)argc;
  return 0;
#endif
}
Determining if the fopen64 exist failed with the following output:
Change Dir: /home/cx9ps3/android-project/app/.cxx/Debug/675l145p/x86_64/CMakeFiles/CMakeScratch/TryCompile-Bek0du

Run Build Command(s):/usr/bin/ninja cmTC_9f853 && [1/2] Building C object CMakeFiles/cmTC_9f853.dir/CheckSymbolExists.c.o
FAILED: CMakeFiles/cmTC_9f853.dir/CheckSymbolExists.c.o 
/home/cx9ps3/Android/Sdk/ndk/23.1.7779620/toolchains/llvm/prebuilt/linux-x86_64/bin/clang --target=x86_64-none-linux-android21 --sysroot=/home/cx9ps3/Android/Sdk/ndk/23.1.7779620/toolchains/llvm/prebuilt/linux-x86_64/sysroot   -DANDROID -fdata-sections -ffunction-sections -funwind-tables -fstack-protector-strong -no-canonical-prefixes -D_FORTIFY_SOURCE=2 -Wformat -fexceptions -idirafter "/home/cx9ps3/android-project/app/jni/SDL2/src/video/khronos"  -O2 -g -DNDEBUG -fPIE -MD -MT CMakeFiles/cmTC_9f853.dir/CheckSymbolExists.c.o -MF CMakeFiles/cmTC_9f853.dir/CheckSymbolExists.c.o.d -o CMakeFiles/cmTC_9f853.dir/CheckSymbolExists.c.o -c /home/cx9ps3/android-project/app/.cxx/Debug/675l145p/x86_64/CMakeFiles/CMakeScratch/TryCompile-Bek0du/CheckSymbolExists.c
/home/cx9ps3/android-project/app/.cxx/Debug/675l145p/x86_64/CMakeFiles/CMakeScratch/TryCompile-Bek0du/CheckSymbolExists.c:14:19: error: use of undeclared identifier 'fopen64'; did you mean 'fopen'?
  return ((int*)(&fopen64))[argc];
                  ^~~~~~~
                  fopen
/home/cx9ps3/Android/Sdk/ndk/23.1.7779620/toolchains/llvm/prebuilt/linux-x86_64/sysroot/usr/include/stdio.h:280:7: note: 'fopen' declared here
FILE* fopen(const char* __path, const char* __mode);
      ^
1 error generated.
ninja: build stopped: subcommand failed.


File CheckSymbolExists.c:
/* */
#include <stddef.h>
#include <stdarg.h>
#include <stdlib.h>
#include <string.h>
#include <stdio.h>
#include <wchar.h>
#include <float.h>

int main(int argc, char** argv)
{
  (void)argv;
#ifndef fopen64
  return ((int*)(&fopen64))[argc];
#else
  (void)argc;
  return 0;
#endif
}
Determining if the fseeko64 exist failed with the following output:
Change Dir: /home/cx9ps3/android-project/app/.cxx/Debug/675l145p/x86_64/CMakeFiles/CMakeScratch/TryCompile-eXox1p

Run Build Command(s):/usr/bin/ninja cmTC_6438e && [1/2] Building C object CMakeFiles/cmTC_6438e.dir/CheckSymbolExists.c.o
FAILED: CMakeFiles/cmTC_6438e.dir/CheckSymbolExists.c.o 
/home/cx9ps3/Android/Sdk/ndk/23.1.7779620/toolchains/llvm/prebuilt/linux-x86_64/bin/clang --target=x86_64-none-linux-android21 --sysroot=/home/cx9ps3/Android/Sdk/ndk/23.1.7779620/toolchains/llvm/prebuilt/linux-x86_64/sysroot   -DANDROID -fdata-sections -ffunction-sections -funwind-tables -fstack-protector-strong -no-canonical-prefixes -D_FORTIFY_SOURCE=2 -Wformat -fexceptions -idirafter "/home/cx9ps3/android-project/app/jni/SDL2/src/video/khronos"  -O2 -g -DNDEBUG -fPIE -MD -MT CMakeFiles/cmTC_6438e.dir/CheckSymbolExists.c.o -MF CMakeFiles/cmTC_6438e.dir/CheckSymbolExists.c.o.d -o CMakeFiles/cmTC_6438e.dir/CheckSymbolExists.c.o -c /home/cx9ps3/android-project/app/.cxx/Debug/675l145p/x86_64/CMakeFiles/CMakeScratch/TryCompile-eXox1p/CheckSymbolExists.c
/home/cx9ps3/android-project/app/.cxx/Debug/675l145p/x86_64/CMakeFiles/CMakeScratch/TryCompile-eXox1p/CheckSymbolExists.c:14:19: error: use of undeclared identifier 'fseeko64'; did you mean 'fseeko'?
  return ((int*)(&fseeko64))[argc];
                  ^~~~~~~~
                  fseeko
/home/cx9ps3/Android/Sdk/ndk/23.1.7779620/toolchains/llvm/prebuilt/linux-x86_64/sysroot/usr/include/stdio.h:250:5: note: 'fseeko' declared here
int fseeko(FILE* __fp, off_t __offset, int __whence);
    ^
1 error generated.
ninja: build stopped: subcommand failed.


File CheckSymbolExists.c:
/* */
#include <stddef.h>
#include <stdarg.h>
#include <stdlib.h>
#include <string.h>
#include <stdio.h>
#include <wchar.h>
#include <float.h>

int main(int argc, char** argv)
{
  (void)argv;
#ifndef fseeko64
  return ((int*)(&fseeko64))[argc];
#else
  (void)argc;
  return 0;
#endif
}
Determining if the sysctlbyname exist failed with the following output:
Change Dir: /home/cx9ps3/android-project/app/.cxx/Debug/675l145p/x86_64/CMakeFiles/CMakeScratch/TryCompile-v14kB6

Run Build Command(s):/usr/bin/ninja cmTC_f79a2 && [1/2] Building C object CMakeFiles/cmTC_f79a2.dir/CheckSymbolExists.c.o
FAILED: CMakeFiles/cmTC_f79a2.dir/CheckSymbolExists.c.o 
/home/cx9ps3/Android/Sdk/ndk/23.1.7779620/toolchains/llvm/prebuilt/linux-x86_64/bin/clang --target=x86_64-none-linux-android21 --sysroot=/home/cx9ps3/Android/Sdk/ndk/23.1.7779620/toolchains/llvm/prebuilt/linux-x86_64/sysroot   -DANDROID -fdata-sections -ffunction-sections -funwind-tables -fstack-protector-strong -no-canonical-prefixes -D_FORTIFY_SOURCE=2 -Wformat -fexceptions -idirafter "/home/cx9ps3/android-project/app/jni/SDL2/src/video/khronos"  -O2 -g -DNDEBUG -fPIE -MD -MT CMakeFiles/cmTC_f79a2.dir/CheckSymbolExists.c.o -MF CMakeFiles/cmTC_f79a2.dir/CheckSymbolExists.c.o.d -o CMakeFiles/cmTC_f79a2.dir/CheckSymbolExists.c.o -c /home/cx9ps3/android-project/app/.cxx/Debug/675l145p/x86_64/CMakeFiles/CMakeScratch/TryCompile-v14kB6/CheckSymbolExists.c
/home/cx9ps3/android-project/app/.cxx/Debug/675l145p/x86_64/CMakeFiles/CMakeScratch/TryCompile-v14kB6/CheckSymbolExists.c:3:10: fatal error: 'sys/sysctl.h' file not found
#include <sys/sysctl.h>
         ^~~~~~~~~~~~~~
1 error generated.
ninja: build stopped: subcommand failed.


File CheckSymbolExists.c:
/* */
#include <sys/types.h>
#include <sys/sysctl.h>

int main(int argc, char** argv)
{
  (void)argv;
#ifndef sysctlbyname
  return ((int*)(&sysctlbyname))[argc];
#else
  (void)argc;
  return 0;
#endif
}
Determining if the elf_aux_info exist failed with the following output:
Change Dir: /home/cx9ps3/android-project/app/.cxx/Debug/675l145p/x86_64/CMakeFiles/CMakeScratch/TryCompile-gA8ujl

Run Build Command(s):/usr/bin/ninja cmTC_5bad0 && [1/2] Building C object CMakeFiles/cmTC_5bad0.dir/CheckSymbolExists.c.o
FAILED: CMakeFiles/cmTC_5bad0.dir/CheckSymbolExists.c.o 
/home/cx9ps3/Android/Sdk/ndk/23.1.7779620/toolchains/llvm/prebuilt/linux-x86_64/bin/clang --target=x86_64-none-linux-android21 --sysroot=/home/cx9ps3/Android/Sdk/ndk/23.1.7779620/toolchains/llvm/prebuilt/linux-x86_64/sysroot   -DANDROID -fdata-sections -ffunction-sections -funwind-tables -fstack-protector-strong -no-canonical-prefixes -D_FORTIFY_SOURCE=2 -Wformat -fexceptions -idirafter "/home/cx9ps3/android-project/app/jni/SDL2/src/video/khronos"  -O2 -g -DNDEBUG -fPIE -MD -MT CMakeFiles/cmTC_5bad0.dir/CheckSymbolExists.c.o -MF CMakeFiles/cmTC_5bad0.dir/CheckSymbolExists.c.o.d -o CMakeFiles/cmTC_5bad0.dir/CheckSymbolExists.c.o -c /home/cx9ps3/android-project/app/.cxx/Debug/675l145p/x86_64/CMakeFiles/CMakeScratch/TryCompile-gA8ujl/CheckSymbolExists.c
/home/cx9ps3/android-project/app/.cxx/Debug/675l145p/x86_64/CMakeFiles/CMakeScratch/TryCompile-gA8ujl/CheckSymbolExists.c:8:19: error: use of undeclared identifier 'elf_aux_info'
  return ((int*)(&elf_aux_info))[argc];
                  ^
1 error generated.
ninja: build stopped: subcommand failed.


File CheckSymbolExists.c:
/* */
#include <sys/auxv.h>

int main(int argc, char** argv)
{
  (void)argv;
#ifndef elf_aux_info
  return ((int*)(&elf_aux_info))[argc];
#else
  (void)argc;
  return 0;
#endif
}
Determining if the function iconv_open exists in the iconv failed with the following output:
Change Dir: /home/cx9ps3/android-project/app/.cxx/Debug/675l145p/x86_64/CMakeFiles/CMakeScratch/TryCompile-SzTaar

Run Build Command(s):/usr/bin/ninja cmTC_3f99f && [1/2] Building C object CMakeFiles/cmTC_3f99f.dir/CheckFunctionExists.c.o
[2/2] Linking C executable cmTC_3f99f
FAILED: cmTC_3f99f 
: && /home/cx9ps3/Android/Sdk/ndk/23.1.7779620/toolchains/llvm/prebuilt/linux-x86_64/bin/clang --target=x86_64-none-linux-android21 --sysroot=/home/cx9ps3/Android/Sdk/ndk/23.1.7779620/toolchains/llvm/prebuilt/linux-x86_64/sysroot -DANDROID -fdata-sections -ffunction-sections -funwind-tables -fstack-protector-strong -no-canonical-prefixes -D_FORTIFY_SOURCE=2 -Wformat -Werror=format-security -fexceptions -idirafter "/home/cx9ps3/android-project/app/jni/SDL2/src/video/khronos" -DCHECK_FUNCTION_EXISTS=iconv_open -O2 -g -DNDEBUG -Wl,--build-id=sha1 -Wl,--no-rosegment -Wl,--fatal-warnings -Qunused-arguments -Wl,--no-undefined  -Wl,--gc-sections CMakeFiles/cmTC_3f99f.dir/CheckFunctionExists.c.o -o cmTC_3f99f  -liconv   -latomic -lm && :
ld: error: unable to find library -liconv
clang: error: linker command failed with exit code 1 (use -v to see invocation)
ninja: build stopped: subcommand failed.



Determining if the function iconv_open exists in the c failed with the following output:
Change Dir: /home/cx9ps3/android-project/app/.cxx/Debug/675l145p/x86_64/CMakeFiles/CMakeScratch/TryCompile-wHjPxT

Run Build Command(s):/usr/bin/ninja cmTC_c2049 && [1/2] Building C object CMakeFiles/cmTC_c2049.dir/CheckFunctionExists.c.o
[2/2] Linking C executable cmTC_c2049
FAILED: cmTC_c2049 
: && /home/cx9ps3/Android/Sdk/ndk/23.1.7779620/toolchains/llvm/prebuilt/linux-x86_64/bin/clang --target=x86_64-none-linux-android21 --sysroot=/home/cx9ps3/Android/Sdk/ndk/23.1.7779620/toolchains/llvm/prebuilt/linux-x86_64/sysroot -DANDROID -fdata-sections -ffunction-sections -funwind-tables -fstack-protector-strong -no-canonical-prefixes -D_FORTIFY_SOURCE=2 -Wformat -Werror=format-security -fexceptions -idirafter "/home/cx9ps3/android-project/app/jni/SDL2/src/video/khronos" -DCHECK_FUNCTION_EXISTS=iconv_open -O2 -g -DNDEBUG -Wl,--build-id=sha1 -Wl,--no-rosegment -Wl,--fatal-warnings -Qunused-arguments -Wl,--no-undefined  -Wl,--gc-sections CMakeFiles/cmTC_c2049.dir/CheckFunctionExists.c.o -o cmTC_c2049  -lc   -latomic -lm && :
ld: error: undefined symbol: iconv_open
>>> referenced by CheckFunctionExists.c:17
>>>               CMakeFiles/cmTC_c2049.dir/CheckFunctionExists.c.o:(main)
clang: error: linker command failed with exit code 1 (use -v to see invocation)
ninja: build stopped: subcommand failed.



Determining if the alloca exist failed with the following output:
Change Dir: /home/cx9ps3/android-project/app/.cxx/Debug/675l145p/x86_64/CMakeFiles/CMakeScratch/TryCompile-rgqHmS

Run Build Command(s):/usr/bin/ninja cmTC_8edb7 && [1/2] Building C object CMakeFiles/cmTC_8edb7.dir/CheckSymbolExists.c.o
/home/cx9ps3/android-project/app/.cxx/Debug/675l145p/x86_64/CMakeFiles/CMakeScratch/TryCompile-rgqHmS/CheckSymbolExists.c:8:19: warning: implicitly declaring library function 'alloca' with type 'void *(unsigned long)' [-Wimplicit-function-declaration]
  return ((int*)(&alloca))[argc];
                  ^
/home/cx9ps3/android-project/app/.cxx/Debug/675l145p/x86_64/CMakeFiles/CMakeScratch/TryCompile-rgqHmS/CheckSymbolExists.c:8:19: note: include the header <stdlib.h> or explicitly provide a declaration for 'alloca'
1 warning generated.
[2/2] Linking C executable cmTC_8edb7
FAILED: cmTC_8edb7 
: && /home/cx9ps3/Android/Sdk/ndk/23.1.7779620/toolchains/llvm/prebuilt/linux-x86_64/bin/clang --target=x86_64-none-linux-android21 --sysroot=/home/cx9ps3/Android/Sdk/ndk/23.1.7779620/toolchains/llvm/prebuilt/linux-x86_64/sysroot -DANDROID -fdata-sections -ffunction-sections -funwind-tables -fstack-protector-strong -no-canonical-prefixes -D_FORTIFY_SOURCE=2 -Wformat -fexceptions -idirafter "/home/cx9ps3/android-project/app/jni/SDL2/src/video/khronos"  -O2 -g -DNDEBUG -Wl,--build-id=sha1 -Wl,--no-rosegment -Wl,--fatal-warnings -Qunused-arguments -Wl,--no-undefined  -Wl,--gc-sections CMakeFiles/cmTC_8edb7.dir/CheckSymbolExists.c.o -o cmTC_8edb7  -latomic -lm && :
ld: error: undefined symbol: alloca
>>> referenced by CheckSymbolExists.c:8
>>>               CMakeFiles/cmTC_8edb7.dir/CheckSymbolExists.c.o:(main)
clang: error: linker command failed with exit code 1 (use -v to see invocation)
ninja: build stopped: subcommand failed.


File CheckSymbolExists.c:
/* */
#include <malloc.h>

int main(int argc, char** argv)
{
  (void)argv;
#ifndef alloca
  return ((int*)(&alloca))[argc];
#else
  (void)argc;
  return 0;
#endif
}
Performing C SOURCE FILE Test HAVE_ARM_MODE failed with the following output:
Change Dir: /home/cx9ps3/android-project/app/.cxx/Debug/675l145p/x86_64/CMakeFiles/CMakeScratch/TryCompile-7gCOXT

Run Build Command(s):/usr/bin/ninja cmTC_286a6 && [1/2] Building C object CMakeFiles/cmTC_286a6.dir/src.c.o
FAILED: CMakeFiles/cmTC_286a6.dir/src.c.o 
/home/cx9ps3/Android/Sdk/ndk/23.1.7779620/toolchains/llvm/prebuilt/linux-x86_64/bin/clang --target=x86_64-none-linux-android21 --sysroot=/home/cx9ps3/Android/Sdk/ndk/23.1.7779620/toolchains/llvm/prebuilt/linux-x86_64/sysroot -DHAVE_ARM_MODE  -DANDROID -fdata-sections -ffunction-sections -funwind-tables -fstack-protector-strong -no-canonical-prefixes -D_FORTIFY_SOURCE=2 -Wformat -Werror=format-security -fexceptions -idirafter "/home/cx9ps3/android-project/app/jni/SDL2/src/video/khronos" -Werror=unused-command-line-argument -O2 -g -DNDEBUG -fPIE   -marm -MD -MT CMakeFiles/cmTC_286a6.dir/src.c.o -MF CMakeFiles/cmTC_286a6.dir/src.c.o.d -o CMakeFiles/cmTC_286a6.dir/src.c.o -c /home/cx9ps3/android-project/app/.cxx/Debug/675l145p/x86_64/CMakeFiles/CMakeScratch/TryCompile-7gCOXT/src.c
clang: error: argument unused during compilation: '-marm' [-Werror,-Wunused-command-line-argument]
ninja: build stopped: subcommand failed.


Source file was:
int main(void) { return 0; }

Determining if files pthread_np.h exist failed with the following output:
Change Dir: /home/cx9ps3/android-project/app/.cxx/Debug/675l145p/x86_64/CMakeFiles/CMakeScratch/TryCompile-RJAHkN

Run Build Command(s):/usr/bin/ninja cmTC_0ee2d && [1/2] Building C object CMakeFiles/cmTC_0ee2d.dir/HAVE_PTHREAD_NP_H.c.o
FAILED: CMakeFiles/cmTC_0ee2d.dir/HAVE_PTHREAD_NP_H.c.o 
/home/cx9ps3/Android/Sdk/ndk/23.1.7779620/toolchains/llvm/prebuilt/linux-x86_64/bin/clang --target=x86_64-none-linux-android21 --sysroot=/home/cx9ps3/Android/Sdk/ndk/23.1.7779620/toolchains/llvm/prebuilt/linux-x86_64/sysroot   -DANDROID -fdata-sections -ffunction-sections -funwind-tables -fstack-protector-strong -no-canonical-prefixes -D_FORTIFY_SOURCE=2 -Wformat -Werror=format-security -fexceptions -idirafter "/home/cx9ps3/android-project/app/jni/SDL2/src/video/khronos"    -O2 -g -DNDEBUG -fPIE -MD -MT CMakeFiles/cmTC_0ee2d.dir/HAVE_PTHREAD_NP_H.c.o -MF CMakeFiles/cmTC_0ee2d.dir/HAVE_PTHREAD_NP_H.c.o.d -o CMakeFiles/cmTC_0ee2d.dir/HAVE_PTHREAD_NP_H.c.o -c /home/cx9ps3/android-project/app/.cxx/Debug/675l145p/x86_64/CMakeFiles/CMakeScratch/TryCompile-RJAHkN/HAVE_PTHREAD_NP_H.c
/home/cx9ps3/android-project/app/.cxx/Debug/675l145p/x86_64/CMakeFiles/CMakeScratch/TryCompile-RJAHkN/HAVE_PTHREAD_NP_H.c:2:10: fatal error: 'pthread_np.h' file not found
#include <pthread_np.h>
         ^~~~~~~~~~~~~~
1 error generated.
ninja: build stopped: subcommand failed.


Source:
/* */
#include <pthread_np.h>


int main(void){return 0;}

