Determining if the __GLIBC__ exist failed with the following output:
Change Dir: /home/cx9ps3/Battleblaze/app/.cxx/RelWithDebInfo/2r725w41/x86/CMakeFiles/CMakeScratch/TryCompile-6BxS9H

Run Build Command(s):/usr/bin/ninja cmTC_6d0af && [1/2] Building C object CMakeFiles/cmTC_6d0af.dir/CheckSymbolExists.c.o
FAILED: CMakeFiles/cmTC_6d0af.dir/CheckSymbolExists.c.o 
/home/cx9ps3/Android/Sdk/ndk/23.1.7779620/toolchains/llvm/prebuilt/linux-x86_64/bin/clang --target=i686-none-linux-android16 --sysroot=/home/cx9ps3/Android/Sdk/ndk/23.1.7779620/toolchains/llvm/prebuilt/linux-x86_64/sysroot   -DANDROID -fdata-sections -ffunction-sections -funwind-tables -fstack-protector-strong -no-canonical-prefixes -mstackrealign -D_FORTIFY_SOURCE=2 -Wformat -fexceptions  -O2 -g -DNDEBUG -fPIE -MD -MT CMakeFiles/cmTC_6d0af.dir/CheckSymbolExists.c.o -MF CMakeFiles/cmTC_6d0af.dir/CheckSymbolExists.c.o.d -o CMakeFiles/cmTC_6d0af.dir/CheckSymbolExists.c.o -c /home/cx9ps3/Battleblaze/app/.cxx/RelWithDebInfo/2r725w41/x86/CMakeFiles/CMakeScratch/TryCompile-6BxS9H/CheckSymbolExists.c
/home/cx9ps3/Battleblaze/app/.cxx/RelWithDebInfo/2r725w41/x86/CMakeFiles/CMakeScratch/TryCompile-6BxS9H/CheckSymbolExists.c:8:19: error: use of undeclared identifier '__GLIBC__'
  return ((int*)(&__GLIBC__))[argc];
                  ^
1 error generated.
ninja: build stopped: subcommand failed.


File CheckSymbolExists.c:
/* */
#include <stdlib.h>

int main(int argc, char** argv)
{
  (void)argv;
#ifndef __GLIBC__
  return ((int*)(&__GLIBC__))[argc];
#else
  (void)argc;
  return 0;
#endif
}
Performing C SOURCE FILE Test HAVE_GCC_PREFERRED_STACK_BOUNDARY failed with the following output:
Change Dir: /home/cx9ps3/Battleblaze/app/.cxx/RelWithDebInfo/2r725w41/x86/CMakeFiles/CMakeScratch/TryCompile-3xD0wB

Run Build Command(s):/usr/bin/ninja cmTC_ea932 && [1/2] Building C object CMakeFiles/cmTC_ea932.dir/src.c.o
FAILED: CMakeFiles/cmTC_ea932.dir/src.c.o 
/home/cx9ps3/Android/Sdk/ndk/23.1.7779620/toolchains/llvm/prebuilt/linux-x86_64/bin/clang --target=i686-none-linux-android16 --sysroot=/home/cx9ps3/Android/Sdk/ndk/23.1.7779620/toolchains/llvm/prebuilt/linux-x86_64/sysroot -DHAVE_GCC_PREFERRED_STACK_BOUNDARY  -DANDROID -fdata-sections -ffunction-sections -funwind-tables -fstack-protector-strong -no-canonical-prefixes -mstackrealign -D_FORTIFY_SOURCE=2 -Wformat -Werror=format-security -fexceptions -idirafter "/home/cx9ps3/Battleblaze/app/jni/SDL2/src/video/khronos" -mpreferred-stack-boundary=2 -O2 -g -DNDEBUG -fPIE -MD -MT CMakeFiles/cmTC_ea932.dir/src.c.o -MF CMakeFiles/cmTC_ea932.dir/src.c.o.d -o CMakeFiles/cmTC_ea932.dir/src.c.o -c /home/cx9ps3/Battleblaze/app/.cxx/RelWithDebInfo/2r725w41/x86/CMakeFiles/CMakeScratch/TryCompile-3xD0wB/src.c
clang: error: unknown argument: '-mpreferred-stack-boundary=2'
ninja: build stopped: subcommand failed.


Source file was:
int x = 0; int main(int argc, char **argv) { return 0; }

Performing C SOURCE FILE Test HAVE_ALTIVEC_H_HDR failed with the following output:
Change Dir: /home/cx9ps3/Battleblaze/app/.cxx/RelWithDebInfo/2r725w41/x86/CMakeFiles/CMakeScratch/TryCompile-IrYFlp

Run Build Command(s):/usr/bin/ninja cmTC_0e15e && [1/2] Building C object CMakeFiles/cmTC_0e15e.dir/src.c.o
FAILED: CMakeFiles/cmTC_0e15e.dir/src.c.o 
/home/cx9ps3/Android/Sdk/ndk/23.1.7779620/toolchains/llvm/prebuilt/linux-x86_64/bin/clang --target=i686-none-linux-android16 --sysroot=/home/cx9ps3/Android/Sdk/ndk/23.1.7779620/toolchains/llvm/prebuilt/linux-x86_64/sysroot -DHAVE_ALTIVEC_H_HDR  -DANDROID -fdata-sections -ffunction-sections -funwind-tables -fstack-protector-strong -no-canonical-prefixes -mstackrealign -D_FORTIFY_SOURCE=2 -Wformat -Werror=format-security -fexceptions -idirafter "/home/cx9ps3/Battleblaze/app/jni/SDL2/src/video/khronos" -maltivec -O2 -g -DNDEBUG -fPIE -MD -MT CMakeFiles/cmTC_0e15e.dir/src.c.o -MF CMakeFiles/cmTC_0e15e.dir/src.c.o.d -o CMakeFiles/cmTC_0e15e.dir/src.c.o -c /home/cx9ps3/Battleblaze/app/.cxx/RelWithDebInfo/2r725w41/x86/CMakeFiles/CMakeScratch/TryCompile-IrYFlp/src.c
clang: warning: argument unused during compilation: '-maltivec' [-Wunused-command-line-argument]
In file included from /home/cx9ps3/Battleblaze/app/.cxx/RelWithDebInfo/2r725w41/x86/CMakeFiles/CMakeScratch/TryCompile-IrYFlp/src.c:2:
/home/cx9ps3/Android/Sdk/ndk/23.1.7779620/toolchains/llvm/prebuilt/linux-x86_64/lib64/clang/12.0.8/include/altivec.h:13:2: error: "AltiVec support not enabled"
#error "AltiVec support not enabled"
 ^
/home/cx9ps3/Android/Sdk/ndk/23.1.7779620/toolchains/llvm/prebuilt/linux-x86_64/lib64/clang/12.0.8/include/altivec.h:48:19: error: unknown type name 'vector'
static __inline__ vector signed char __ATTRS_o_ai vec_perm(
                  ^
/home/cx9ps3/Android/Sdk/ndk/23.1.7779620/toolchains/llvm/prebuilt/linux-x86_64/lib64/clang/12.0.8/include/altivec.h:49:5: error: unknown type name 'vector'
    vector signed char __a, vector signed char __b, vector unsigned char __c);
    ^
/home/cx9ps3/Android/Sdk/ndk/23.1.7779620/toolchains/llvm/prebuilt/linux-x86_64/lib64/clang/12.0.8/include/altivec.h:49:29: error: unknown type name 'vector'
    vector signed char __a, vector signed char __b, vector unsigned char __c);
                            ^
/home/cx9ps3/Android/Sdk/ndk/23.1.7779620/toolchains/llvm/prebuilt/linux-x86_64/lib64/clang/12.0.8/include/altivec.h:49:53: error: unknown type name 'vector'
    vector signed char __a, vector signed char __b, vector unsigned char __c);
                                                    ^
/home/cx9ps3/Android/Sdk/ndk/23.1.7779620/toolchains/llvm/prebuilt/linux-x86_64/lib64/clang/12.0.8/include/altivec.h:51:19: error: unknown type name 'vector'
static __inline__ vector unsigned char __ATTRS_o_ai
                  ^
/home/cx9ps3/Android/Sdk/ndk/23.1.7779620/toolchains/llvm/prebuilt/linux-x86_64/lib64/clang/12.0.8/include/altivec.h:52:10: error: unknown type name 'vector'
vec_perm(vector unsigned char __a, vector unsigned char __b,
         ^
/home/cx9ps3/Android/Sdk/ndk/23.1.7779620/toolchains/llvm/prebuilt/linux-x86_64/lib64/clang/12.0.8/include/altivec.h:52:36: error: unknown type name 'vector'
vec_perm(vector unsigned char __a, vector unsigned char __b,
                                   ^
/home/cx9ps3/Android/Sdk/ndk/23.1.7779620/toolchains/llvm/prebuilt/linux-x86_64/lib64/clang/12.0.8/include/altivec.h:53:10: error: unknown type name 'vector'
         vector unsigned char __c);
         ^
/home/cx9ps3/Android/Sdk/ndk/23.1.7779620/toolchains/llvm/prebuilt/linux-x86_64/lib64/clang/12.0.8/include/altivec.h:55:19: error: unknown type name 'vector'
static __inline__ vector bool char __ATTRS_o_ai
                  ^
/home/cx9ps3/Android/Sdk/ndk/23.1.7779620/toolchains/llvm/prebuilt/linux-x86_64/lib64/clang/12.0.8/include/altivec.h:55:8: error: 'inline' can only appear on functions
static __inline__ vector bool char __ATTRS_o_ai
       ^
/home/cx9ps3/Android/Sdk/ndk/23.1.7779620/toolchains/llvm/prebuilt/linux-x86_64/lib64/clang/12.0.8/include/altivec.h:55:30: error: expected ';' after top level declarator
static __inline__ vector bool char __ATTRS_o_ai
                             ^
/home/cx9ps3/Android/Sdk/ndk/23.1.7779620/toolchains/llvm/prebuilt/linux-x86_64/lib64/clang/12.0.8/include/altivec.h:56:10: error: unknown type name 'vector'
vec_perm(vector bool char __a, vector bool char __b, vector unsigned char __c);
         ^
/home/cx9ps3/Android/Sdk/ndk/23.1.7779620/toolchains/llvm/prebuilt/linux-x86_64/lib64/clang/12.0.8/include/altivec.h:56:22: error: expected ')'
vec_perm(vector bool char __a, vector bool char __b, vector unsigned char __c);
                     ^
/home/cx9ps3/Android/Sdk/ndk/23.1.7779620/toolchains/llvm/prebuilt/linux-x86_64/lib64/clang/12.0.8/include/altivec.h:56:9: note: to match this '('
vec_perm(vector bool char __a, vector bool char __b, vector unsigned char __c);
        ^
/home/cx9ps3/Android/Sdk/ndk/23.1.7779620/toolchains/llvm/prebuilt/linux-x86_64/lib64/clang/12.0.8/include/altivec.h:58:19: error: unknown type name 'vector'
static __inline__ vector short __ATTRS_o_ai vec_perm(vector signed short __a,
                  ^
/home/cx9ps3/Android/Sdk/ndk/23.1.7779620/toolchains/llvm/prebuilt/linux-x86_64/lib64/clang/12.0.8/include/altivec.h:58:54: error: unknown type name 'vector'
static __inline__ vector short __ATTRS_o_ai vec_perm(vector signed short __a,
                                                     ^
/home/cx9ps3/Android/Sdk/ndk/23.1.7779620/toolchains/llvm/prebuilt/linux-x86_64/lib64/clang/12.0.8/include/altivec.h:59:54: error: unknown type name 'vector'
                                                     vector signed short __b,
                                                     ^
/home/cx9ps3/Android/Sdk/ndk/23.1.7779620/toolchains/llvm/prebuilt/linux-x86_64/lib64/clang/12.0.8/include/altivec.h:60:54: error: unknown type name 'vector'
                                                     vector unsigned char __c);
                                                     ^
/home/cx9ps3/Android/Sdk/ndk/23.1.7779620/toolchains/llvm/prebuilt/linux-x86_64/lib64/clang/12.0.8/include/altivec.h:62:19: error: unknown type name 'vector'
static __inline__ vector unsigned short __ATTRS_o_ai
                  ^
fatal error: too many errors emitted, stopping now [-ferror-limit=]
20 errors generated.
ninja: build stopped: subcommand failed.


Source file was:

          #include <altivec.h>
          vector unsigned int vzero() {
              return vec_splat_u32(0);
          }
          int main(int argc, char **argv) { return 0; }

Performing C SOURCE FILE Test HAVE_ALTIVEC failed with the following output:
Change Dir: /home/cx9ps3/Battleblaze/app/.cxx/RelWithDebInfo/2r725w41/x86/CMakeFiles/CMakeScratch/TryCompile-d9I0nj

Run Build Command(s):/usr/bin/ninja cmTC_0f734 && [1/2] Building C object CMakeFiles/cmTC_0f734.dir/src.c.o
FAILED: CMakeFiles/cmTC_0f734.dir/src.c.o 
/home/cx9ps3/Android/Sdk/ndk/23.1.7779620/toolchains/llvm/prebuilt/linux-x86_64/bin/clang --target=i686-none-linux-android16 --sysroot=/home/cx9ps3/Android/Sdk/ndk/23.1.7779620/toolchains/llvm/prebuilt/linux-x86_64/sysroot -DHAVE_ALTIVEC  -DANDROID -fdata-sections -ffunction-sections -funwind-tables -fstack-protector-strong -no-canonical-prefixes -mstackrealign -D_FORTIFY_SOURCE=2 -Wformat -Werror=format-security -fexceptions -idirafter "/home/cx9ps3/Battleblaze/app/jni/SDL2/src/video/khronos" -maltivec -O2 -g -DNDEBUG -fPIE -MD -MT CMakeFiles/cmTC_0f734.dir/src.c.o -MF CMakeFiles/cmTC_0f734.dir/src.c.o.d -o CMakeFiles/cmTC_0f734.dir/src.c.o -c /home/cx9ps3/Battleblaze/app/.cxx/RelWithDebInfo/2r725w41/x86/CMakeFiles/CMakeScratch/TryCompile-d9I0nj/src.c
clang: warning: argument unused during compilation: '-maltivec' [-Wunused-command-line-argument]
/home/cx9ps3/Battleblaze/app/.cxx/RelWithDebInfo/2r725w41/x86/CMakeFiles/CMakeScratch/TryCompile-d9I0nj/src.c:2:11: error: unknown type name 'vector'
          vector unsigned int vzero() {
          ^
/home/cx9ps3/Battleblaze/app/.cxx/RelWithDebInfo/2r725w41/x86/CMakeFiles/CMakeScratch/TryCompile-d9I0nj/src.c:3:22: warning: implicit declaration of function 'vec_splat_u32' is invalid in C99 [-Wimplicit-function-declaration]
              return vec_splat_u32(0);
                     ^
1 warning and 1 error generated.
ninja: build stopped: subcommand failed.


Source file was:

          vector unsigned int vzero() {
              return vec_splat_u32(0);
          }
          int main(int argc, char **argv) { return 0; }

Determining if the include file libunwind.h exists failed with the following output:
Change Dir: /home/cx9ps3/Battleblaze/app/.cxx/RelWithDebInfo/2r725w41/x86/CMakeFiles/CMakeScratch/TryCompile-niu8Gt

Run Build Command(s):/usr/bin/ninja cmTC_54acc && [1/2] Building C object CMakeFiles/cmTC_54acc.dir/CheckIncludeFile.c.o
FAILED: CMakeFiles/cmTC_54acc.dir/CheckIncludeFile.c.o 
/home/cx9ps3/Android/Sdk/ndk/23.1.7779620/toolchains/llvm/prebuilt/linux-x86_64/bin/clang --target=i686-none-linux-android16 --sysroot=/home/cx9ps3/Android/Sdk/ndk/23.1.7779620/toolchains/llvm/prebuilt/linux-x86_64/sysroot   -DANDROID -fdata-sections -ffunction-sections -funwind-tables -fstack-protector-strong -no-canonical-prefixes -mstackrealign -D_FORTIFY_SOURCE=2 -Wformat -Werror=format-security -fexceptions -idirafter "/home/cx9ps3/Battleblaze/app/jni/SDL2/src/video/khronos"  -O2 -g -DNDEBUG -fPIE -MD -MT CMakeFiles/cmTC_54acc.dir/CheckIncludeFile.c.o -MF CMakeFiles/cmTC_54acc.dir/CheckIncludeFile.c.o.d -o CMakeFiles/cmTC_54acc.dir/CheckIncludeFile.c.o -c /home/cx9ps3/Battleblaze/app/.cxx/RelWithDebInfo/2r725w41/x86/CMakeFiles/CMakeScratch/TryCompile-niu8Gt/CheckIncludeFile.c
/home/cx9ps3/Battleblaze/app/.cxx/RelWithDebInfo/2r725w41/x86/CMakeFiles/CMakeScratch/TryCompile-niu8Gt/CheckIncludeFile.c:1:10: fatal error: 'libunwind.h' file not found
#include <libunwind.h>
         ^~~~~~~~~~~~~
1 error generated.
ninja: build stopped: subcommand failed.



Determining if the bcopy exist failed with the following output:
Change Dir: /home/cx9ps3/Battleblaze/app/.cxx/RelWithDebInfo/2r725w41/x86/CMakeFiles/CMakeScratch/TryCompile-R6UCyn

Run Build Command(s):/usr/bin/ninja cmTC_73a59 && [1/2] Building C object CMakeFiles/cmTC_73a59.dir/CheckSymbolExists.c.o
FAILED: CMakeFiles/cmTC_73a59.dir/CheckSymbolExists.c.o 
/home/cx9ps3/Android/Sdk/ndk/23.1.7779620/toolchains/llvm/prebuilt/linux-x86_64/bin/clang --target=i686-none-linux-android16 --sysroot=/home/cx9ps3/Android/Sdk/ndk/23.1.7779620/toolchains/llvm/prebuilt/linux-x86_64/sysroot   -DANDROID -fdata-sections -ffunction-sections -funwind-tables -fstack-protector-strong -no-canonical-prefixes -mstackrealign -D_FORTIFY_SOURCE=2 -Wformat -fexceptions -idirafter "/home/cx9ps3/Battleblaze/app/jni/SDL2/src/video/khronos"  -O2 -g -DNDEBUG -fPIE -MD -MT CMakeFiles/cmTC_73a59.dir/CheckSymbolExists.c.o -MF CMakeFiles/cmTC_73a59.dir/CheckSymbolExists.c.o.d -o CMakeFiles/cmTC_73a59.dir/CheckSymbolExists.c.o -c /home/cx9ps3/Battleblaze/app/.cxx/RelWithDebInfo/2r725w41/x86/CMakeFiles/CMakeScratch/TryCompile-R6UCyn/CheckSymbolExists.c
/home/cx9ps3/Battleblaze/app/.cxx/RelWithDebInfo/2r725w41/x86/CMakeFiles/CMakeScratch/TryCompile-R6UCyn/CheckSymbolExists.c:14:19: error: use of undeclared identifier 'bcopy'
  return ((int*)(&bcopy))[argc];
                  ^
1 error generated.
ninja: build stopped: subcommand failed.


File CheckSymbolExists.c:
/* */
#include <stddef.h>
#include <stdarg.h>
#include <stdlib.h>
#include <string.h>
#include <stdio.h>
#include <wchar.h>
#include <float.h>

int main(int argc, char** argv)
{
  (void)argv;
#ifndef bcopy
  return ((int*)(&bcopy))[argc];
#else
  (void)argc;
  return 0;
#endif
}
Determining if the _strrev exist failed with the following output:
Change Dir: /home/cx9ps3/Battleblaze/app/.cxx/RelWithDebInfo/2r725w41/x86/CMakeFiles/CMakeScratch/TryCompile-NMnfeL

Run Build Command(s):/usr/bin/ninja cmTC_4c29e && [1/2] Building C object CMakeFiles/cmTC_4c29e.dir/CheckSymbolExists.c.o
FAILED: CMakeFiles/cmTC_4c29e.dir/CheckSymbolExists.c.o 
/home/cx9ps3/Android/Sdk/ndk/23.1.7779620/toolchains/llvm/prebuilt/linux-x86_64/bin/clang --target=i686-none-linux-android16 --sysroot=/home/cx9ps3/Android/Sdk/ndk/23.1.7779620/toolchains/llvm/prebuilt/linux-x86_64/sysroot   -DANDROID -fdata-sections -ffunction-sections -funwind-tables -fstack-protector-strong -no-canonical-prefixes -mstackrealign -D_FORTIFY_SOURCE=2 -Wformat -fexceptions -idirafter "/home/cx9ps3/Battleblaze/app/jni/SDL2/src/video/khronos"  -O2 -g -DNDEBUG -fPIE -MD -MT CMakeFiles/cmTC_4c29e.dir/CheckSymbolExists.c.o -MF CMakeFiles/cmTC_4c29e.dir/CheckSymbolExists.c.o.d -o CMakeFiles/cmTC_4c29e.dir/CheckSymbolExists.c.o -c /home/cx9ps3/Battleblaze/app/.cxx/RelWithDebInfo/2r725w41/x86/CMakeFiles/CMakeScratch/TryCompile-NMnfeL/CheckSymbolExists.c
/home/cx9ps3/Battleblaze/app/.cxx/RelWithDebInfo/2r725w41/x86/CMakeFiles/CMakeScratch/TryCompile-NMnfeL/CheckSymbolExists.c:14:19: error: use of undeclared identifier '_strrev'
  return ((int*)(&_strrev))[argc];
                  ^
1 error generated.
ninja: build stopped: subcommand failed.


File CheckSymbolExists.c:
/* */
#include <stddef.h>
#include <stdarg.h>
#include <stdlib.h>
#include <string.h>
#include <stdio.h>
#include <wchar.h>
#include <float.h>

int main(int argc, char** argv)
{
  (void)argv;
#ifndef _strrev
  return ((int*)(&_strrev))[argc];
#else
  (void)argc;
  return 0;
#endif
}
Determining if the _strupr exist failed with the following output:
Change Dir: /home/cx9ps3/Battleblaze/app/.cxx/RelWithDebInfo/2r725w41/x86/CMakeFiles/CMakeScratch/TryCompile-sptlcP

Run Build Command(s):/usr/bin/ninja cmTC_190e6 && [1/2] Building C object CMakeFiles/cmTC_190e6.dir/CheckSymbolExists.c.o
FAILED: CMakeFiles/cmTC_190e6.dir/CheckSymbolExists.c.o 
/home/cx9ps3/Android/Sdk/ndk/23.1.7779620/toolchains/llvm/prebuilt/linux-x86_64/bin/clang --target=i686-none-linux-android16 --sysroot=/home/cx9ps3/Android/Sdk/ndk/23.1.7779620/toolchains/llvm/prebuilt/linux-x86_64/sysroot   -DANDROID -fdata-sections -ffunction-sections -funwind-tables -fstack-protector-strong -no-canonical-prefixes -mstackrealign -D_FORTIFY_SOURCE=2 -Wformat -fexceptions -idirafter "/home/cx9ps3/Battleblaze/app/jni/SDL2/src/video/khronos"  -O2 -g -DNDEBUG -fPIE -MD -MT CMakeFiles/cmTC_190e6.dir/CheckSymbolExists.c.o -MF CMakeFiles/cmTC_190e6.dir/CheckSymbolExists.c.o.d -o CMakeFiles/cmTC_190e6.dir/CheckSymbolExists.c.o -c /home/cx9ps3/Battleblaze/app/.cxx/RelWithDebInfo/2r725w41/x86/CMakeFiles/CMakeScratch/TryCompile-sptlcP/CheckSymbolExists.c
/home/cx9ps3/Battleblaze/app/.cxx/RelWithDebInfo/2r725w41/x86/CMakeFiles/CMakeScratch/TryCompile-sptlcP/CheckSymbolExists.c:14:19: error: use of undeclared identifier '_strupr'
  return ((int*)(&_strupr))[argc];
                  ^
1 error generated.
ninja: build stopped: subcommand failed.


File CheckSymbolExists.c:
/* */
#include <stddef.h>
#include <stdarg.h>
#include <stdlib.h>
#include <string.h>
#include <stdio.h>
#include <wchar.h>
#include <float.h>

int main(int argc, char** argv)
{
  (void)argv;
#ifndef _strupr
  return ((int*)(&_strupr))[argc];
#else
  (void)argc;
  return 0;
#endif
}
Determining if the _strlwr exist failed with the following output:
Change Dir: /home/cx9ps3/Battleblaze/app/.cxx/RelWithDebInfo/2r725w41/x86/CMakeFiles/CMakeScratch/TryCompile-HtAr7B

Run Build Command(s):/usr/bin/ninja cmTC_51aab && [1/2] Building C object CMakeFiles/cmTC_51aab.dir/CheckSymbolExists.c.o
FAILED: CMakeFiles/cmTC_51aab.dir/CheckSymbolExists.c.o 
/home/cx9ps3/Android/Sdk/ndk/23.1.7779620/toolchains/llvm/prebuilt/linux-x86_64/bin/clang --target=i686-none-linux-android16 --sysroot=/home/cx9ps3/Android/Sdk/ndk/23.1.7779620/toolchains/llvm/prebuilt/linux-x86_64/sysroot   -DANDROID -fdata-sections -ffunction-sections -funwind-tables -fstack-protector-strong -no-canonical-prefixes -mstackrealign -D_FORTIFY_SOURCE=2 -Wformat -fexceptions -idirafter "/home/cx9ps3/Battleblaze/app/jni/SDL2/src/video/khronos"  -O2 -g -DNDEBUG -fPIE -MD -MT CMakeFiles/cmTC_51aab.dir/CheckSymbolExists.c.o -MF CMakeFiles/cmTC_51aab.dir/CheckSymbolExists.c.o.d -o CMakeFiles/cmTC_51aab.dir/CheckSymbolExists.c.o -c /home/cx9ps3/Battleblaze/app/.cxx/RelWithDebInfo/2r725w41/x86/CMakeFiles/CMakeScratch/TryCompile-HtAr7B/CheckSymbolExists.c
/home/cx9ps3/Battleblaze/app/.cxx/RelWithDebInfo/2r725w41/x86/CMakeFiles/CMakeScratch/TryCompile-HtAr7B/CheckSymbolExists.c:14:19: error: use of undeclared identifier '_strlwr'
  return ((int*)(&_strlwr))[argc];
                  ^
1 error generated.
ninja: build stopped: subcommand failed.


File CheckSymbolExists.c:
/* */
#include <stddef.h>
#include <stdarg.h>
#include <stdlib.h>
#include <string.h>
#include <stdio.h>
#include <wchar.h>
#include <float.h>

int main(int argc, char** argv)
{
  (void)argv;
#ifndef _strlwr
  return ((int*)(&_strlwr))[argc];
#else
  (void)argc;
  return 0;
#endif
}
Determining if the index exist failed with the following output:
Change Dir: /home/cx9ps3/Battleblaze/app/.cxx/RelWithDebInfo/2r725w41/x86/CMakeFiles/CMakeScratch/TryCompile-p9ZUzi

Run Build Command(s):/usr/bin/ninja cmTC_c7e69 && [1/2] Building C object CMakeFiles/cmTC_c7e69.dir/CheckSymbolExists.c.o
/home/cx9ps3/Battleblaze/app/.cxx/RelWithDebInfo/2r725w41/x86/CMakeFiles/CMakeScratch/TryCompile-p9ZUzi/CheckSymbolExists.c:14:19: warning: implicitly declaring library function 'index' with type 'char *(const char *, int)' [-Wimplicit-function-declaration]
  return ((int*)(&index))[argc];
                  ^
/home/cx9ps3/Battleblaze/app/.cxx/RelWithDebInfo/2r725w41/x86/CMakeFiles/CMakeScratch/TryCompile-p9ZUzi/CheckSymbolExists.c:14:19: note: include the header <strings.h> or explicitly provide a declaration for 'index'
1 warning generated.
[2/2] Linking C executable cmTC_c7e69
FAILED: cmTC_c7e69 
: && /home/cx9ps3/Android/Sdk/ndk/23.1.7779620/toolchains/llvm/prebuilt/linux-x86_64/bin/clang --target=i686-none-linux-android16 --sysroot=/home/cx9ps3/Android/Sdk/ndk/23.1.7779620/toolchains/llvm/prebuilt/linux-x86_64/sysroot -DANDROID -fdata-sections -ffunction-sections -funwind-tables -fstack-protector-strong -no-canonical-prefixes -mstackrealign -D_FORTIFY_SOURCE=2 -Wformat -fexceptions -idirafter "/home/cx9ps3/Battleblaze/app/jni/SDL2/src/video/khronos"  -O2 -g -DNDEBUG -Wl,--build-id=sha1 -Wl,--no-rosegment -Wl,--fatal-warnings -Qunused-arguments -Wl,--no-undefined  -Wl,--gc-sections CMakeFiles/cmTC_c7e69.dir/CheckSymbolExists.c.o -o cmTC_c7e69  -latomic -lm && :
ld: error: undefined symbol: index
>>> referenced by CheckSymbolExists.c:14
>>>               CMakeFiles/cmTC_c7e69.dir/CheckSymbolExists.c.o:(main)
clang: error: linker command failed with exit code 1 (use -v to see invocation)
ninja: build stopped: subcommand failed.


File CheckSymbolExists.c:
/* */
#include <stddef.h>
#include <stdarg.h>
#include <stdlib.h>
#include <string.h>
#include <stdio.h>
#include <wchar.h>
#include <float.h>

int main(int argc, char** argv)
{
  (void)argv;
#ifndef index
  return ((int*)(&index))[argc];
#else
  (void)argc;
  return 0;
#endif
}
Determining if the rindex exist failed with the following output:
Change Dir: /home/cx9ps3/Battleblaze/app/.cxx/RelWithDebInfo/2r725w41/x86/CMakeFiles/CMakeScratch/TryCompile-8T6TEH

Run Build Command(s):/usr/bin/ninja cmTC_8a0af && [1/2] Building C object CMakeFiles/cmTC_8a0af.dir/CheckSymbolExists.c.o
/home/cx9ps3/Battleblaze/app/.cxx/RelWithDebInfo/2r725w41/x86/CMakeFiles/CMakeScratch/TryCompile-8T6TEH/CheckSymbolExists.c:14:19: warning: implicitly declaring library function 'rindex' with type 'char *(const char *, int)' [-Wimplicit-function-declaration]
  return ((int*)(&rindex))[argc];
                  ^
/home/cx9ps3/Battleblaze/app/.cxx/RelWithDebInfo/2r725w41/x86/CMakeFiles/CMakeScratch/TryCompile-8T6TEH/CheckSymbolExists.c:14:19: note: include the header <strings.h> or explicitly provide a declaration for 'rindex'
1 warning generated.
[2/2] Linking C executable cmTC_8a0af
FAILED: cmTC_8a0af 
: && /home/cx9ps3/Android/Sdk/ndk/23.1.7779620/toolchains/llvm/prebuilt/linux-x86_64/bin/clang --target=i686-none-linux-android16 --sysroot=/home/cx9ps3/Android/Sdk/ndk/23.1.7779620/toolchains/llvm/prebuilt/linux-x86_64/sysroot -DANDROID -fdata-sections -ffunction-sections -funwind-tables -fstack-protector-strong -no-canonical-prefixes -mstackrealign -D_FORTIFY_SOURCE=2 -Wformat -fexceptions -idirafter "/home/cx9ps3/Battleblaze/app/jni/SDL2/src/video/khronos"  -O2 -g -DNDEBUG -Wl,--build-id=sha1 -Wl,--no-rosegment -Wl,--fatal-warnings -Qunused-arguments -Wl,--no-undefined  -Wl,--gc-sections CMakeFiles/cmTC_8a0af.dir/CheckSymbolExists.c.o -o cmTC_8a0af  -latomic -lm && :
ld: error: undefined symbol: rindex
>>> referenced by CheckSymbolExists.c:14
>>>               CMakeFiles/cmTC_8a0af.dir/CheckSymbolExists.c.o:(main)
clang: error: linker command failed with exit code 1 (use -v to see invocation)
ninja: build stopped: subcommand failed.


File CheckSymbolExists.c:
/* */
#include <stddef.h>
#include <stdarg.h>
#include <stdlib.h>
#include <string.h>
#include <stdio.h>
#include <wchar.h>
#include <float.h>

int main(int argc, char** argv)
{
  (void)argv;
#ifndef rindex
  return ((int*)(&rindex))[argc];
#else
  (void)argc;
  return 0;
#endif
}
Determining if the itoa exist failed with the following output:
Change Dir: /home/cx9ps3/Battleblaze/app/.cxx/RelWithDebInfo/2r725w41/x86/CMakeFiles/CMakeScratch/TryCompile-v45HSS

Run Build Command(s):/usr/bin/ninja cmTC_59187 && [1/2] Building C object CMakeFiles/cmTC_59187.dir/CheckSymbolExists.c.o
FAILED: CMakeFiles/cmTC_59187.dir/CheckSymbolExists.c.o 
/home/cx9ps3/Android/Sdk/ndk/23.1.7779620/toolchains/llvm/prebuilt/linux-x86_64/bin/clang --target=i686-none-linux-android16 --sysroot=/home/cx9ps3/Android/Sdk/ndk/23.1.7779620/toolchains/llvm/prebuilt/linux-x86_64/sysroot   -DANDROID -fdata-sections -ffunction-sections -funwind-tables -fstack-protector-strong -no-canonical-prefixes -mstackrealign -D_FORTIFY_SOURCE=2 -Wformat -fexceptions -idirafter "/home/cx9ps3/Battleblaze/app/jni/SDL2/src/video/khronos"  -O2 -g -DNDEBUG -fPIE -MD -MT CMakeFiles/cmTC_59187.dir/CheckSymbolExists.c.o -MF CMakeFiles/cmTC_59187.dir/CheckSymbolExists.c.o.d -o CMakeFiles/cmTC_59187.dir/CheckSymbolExists.c.o -c /home/cx9ps3/Battleblaze/app/.cxx/RelWithDebInfo/2r725w41/x86/CMakeFiles/CMakeScratch/TryCompile-v45HSS/CheckSymbolExists.c
/home/cx9ps3/Battleblaze/app/.cxx/RelWithDebInfo/2r725w41/x86/CMakeFiles/CMakeScratch/TryCompile-v45HSS/CheckSymbolExists.c:14:19: error: use of undeclared identifier 'itoa'
  return ((int*)(&itoa))[argc];
                  ^
1 error generated.
ninja: build stopped: subcommand failed.


File CheckSymbolExists.c:
/* */
#include <stddef.h>
#include <stdarg.h>
#include <stdlib.h>
#include <string.h>
#include <stdio.h>
#include <wchar.h>
#include <float.h>

int main(int argc, char** argv)
{
  (void)argv;
#ifndef itoa
  return ((int*)(&itoa))[argc];
#else
  (void)argc;
  return 0;
#endif
}
Determining if the _ltoa exist failed with the following output:
Change Dir: /home/cx9ps3/Battleblaze/app/.cxx/RelWithDebInfo/2r725w41/x86/CMakeFiles/CMakeScratch/TryCompile-zTlqkx

Run Build Command(s):/usr/bin/ninja cmTC_0a3cb && [1/2] Building C object CMakeFiles/cmTC_0a3cb.dir/CheckSymbolExists.c.o
FAILED: CMakeFiles/cmTC_0a3cb.dir/CheckSymbolExists.c.o 
/home/cx9ps3/Android/Sdk/ndk/23.1.7779620/toolchains/llvm/prebuilt/linux-x86_64/bin/clang --target=i686-none-linux-android16 --sysroot=/home/cx9ps3/Android/Sdk/ndk/23.1.7779620/toolchains/llvm/prebuilt/linux-x86_64/sysroot   -DANDROID -fdata-sections -ffunction-sections -funwind-tables -fstack-protector-strong -no-canonical-prefixes -mstackrealign -D_FORTIFY_SOURCE=2 -Wformat -fexceptions -idirafter "/home/cx9ps3/Battleblaze/app/jni/SDL2/src/video/khronos"  -O2 -g -DNDEBUG -fPIE -MD -MT CMakeFiles/cmTC_0a3cb.dir/CheckSymbolExists.c.o -MF CMakeFiles/cmTC_0a3cb.dir/CheckSymbolExists.c.o.d -o CMakeFiles/cmTC_0a3cb.dir/CheckSymbolExists.c.o -c /home/cx9ps3/Battleblaze/app/.cxx/RelWithDebInfo/2r725w41/x86/CMakeFiles/CMakeScratch/TryCompile-zTlqkx/CheckSymbolExists.c
/home/cx9ps3/Battleblaze/app/.cxx/RelWithDebInfo/2r725w41/x86/CMakeFiles/CMakeScratch/TryCompile-zTlqkx/CheckSymbolExists.c:14:19: error: use of undeclared identifier '_ltoa'
  return ((int*)(&_ltoa))[argc];
                  ^
1 error generated.
ninja: build stopped: subcommand failed.


File CheckSymbolExists.c:
/* */
#include <stddef.h>
#include <stdarg.h>
#include <stdlib.h>
#include <string.h>
#include <stdio.h>
#include <wchar.h>
#include <float.h>

int main(int argc, char** argv)
{
  (void)argv;
#ifndef _ltoa
  return ((int*)(&_ltoa))[argc];
#else
  (void)argc;
  return 0;
#endif
}
Determining if the _uitoa exist failed with the following output:
Change Dir: /home/cx9ps3/Battleblaze/app/.cxx/RelWithDebInfo/2r725w41/x86/CMakeFiles/CMakeScratch/TryCompile-XqvhZj

Run Build Command(s):/usr/bin/ninja cmTC_6d099 && [1/2] Building C object CMakeFiles/cmTC_6d099.dir/CheckSymbolExists.c.o
FAILED: CMakeFiles/cmTC_6d099.dir/CheckSymbolExists.c.o 
/home/cx9ps3/Android/Sdk/ndk/23.1.7779620/toolchains/llvm/prebuilt/linux-x86_64/bin/clang --target=i686-none-linux-android16 --sysroot=/home/cx9ps3/Android/Sdk/ndk/23.1.7779620/toolchains/llvm/prebuilt/linux-x86_64/sysroot   -DANDROID -fdata-sections -ffunction-sections -funwind-tables -fstack-protector-strong -no-canonical-prefixes -mstackrealign -D_FORTIFY_SOURCE=2 -Wformat -fexceptions -idirafter "/home/cx9ps3/Battleblaze/app/jni/SDL2/src/video/khronos"  -O2 -g -DNDEBUG -fPIE -MD -MT CMakeFiles/cmTC_6d099.dir/CheckSymbolExists.c.o -MF CMakeFiles/cmTC_6d099.dir/CheckSymbolExists.c.o.d -o CMakeFiles/cmTC_6d099.dir/CheckSymbolExists.c.o -c /home/cx9ps3/Battleblaze/app/.cxx/RelWithDebInfo/2r725w41/x86/CMakeFiles/CMakeScratch/TryCompile-XqvhZj/CheckSymbolExists.c
/home/cx9ps3/Battleblaze/app/.cxx/RelWithDebInfo/2r725w41/x86/CMakeFiles/CMakeScratch/TryCompile-XqvhZj/CheckSymbolExists.c:14:19: error: use of undeclared identifier '_uitoa'
  return ((int*)(&_uitoa))[argc];
                  ^
1 error generated.
ninja: build stopped: subcommand failed.


File CheckSymbolExists.c:
/* */
#include <stddef.h>
#include <stdarg.h>
#include <stdlib.h>
#include <string.h>
#include <stdio.h>
#include <wchar.h>
#include <float.h>

int main(int argc, char** argv)
{
  (void)argv;
#ifndef _uitoa
  return ((int*)(&_uitoa))[argc];
#else
  (void)argc;
  return 0;
#endif
}
Determining if the _ultoa exist failed with the following output:
Change Dir: /home/cx9ps3/Battleblaze/app/.cxx/RelWithDebInfo/2r725w41/x86/CMakeFiles/CMakeScratch/TryCompile-dIzgAf

Run Build Command(s):/usr/bin/ninja cmTC_454b6 && [1/2] Building C object CMakeFiles/cmTC_454b6.dir/CheckSymbolExists.c.o
FAILED: CMakeFiles/cmTC_454b6.dir/CheckSymbolExists.c.o 
/home/cx9ps3/Android/Sdk/ndk/23.1.7779620/toolchains/llvm/prebuilt/linux-x86_64/bin/clang --target=i686-none-linux-android16 --sysroot=/home/cx9ps3/Android/Sdk/ndk/23.1.7779620/toolchains/llvm/prebuilt/linux-x86_64/sysroot   -DANDROID -fdata-sections -ffunction-sections -funwind-tables -fstack-protector-strong -no-canonical-prefixes -mstackrealign -D_FORTIFY_SOURCE=2 -Wformat -fexceptions -idirafter "/home/cx9ps3/Battleblaze/app/jni/SDL2/src/video/khronos"  -O2 -g -DNDEBUG -fPIE -MD -MT CMakeFiles/cmTC_454b6.dir/CheckSymbolExists.c.o -MF CMakeFiles/cmTC_454b6.dir/CheckSymbolExists.c.o.d -o CMakeFiles/cmTC_454b6.dir/CheckSymbolExists.c.o -c /home/cx9ps3/Battleblaze/app/.cxx/RelWithDebInfo/2r725w41/x86/CMakeFiles/CMakeScratch/TryCompile-dIzgAf/CheckSymbolExists.c
/home/cx9ps3/Battleblaze/app/.cxx/RelWithDebInfo/2r725w41/x86/CMakeFiles/CMakeScratch/TryCompile-dIzgAf/CheckSymbolExists.c:14:19: error: use of undeclared identifier '_ultoa'
  return ((int*)(&_ultoa))[argc];
                  ^
1 error generated.
ninja: build stopped: subcommand failed.


File CheckSymbolExists.c:
/* */
#include <stddef.h>
#include <stdarg.h>
#include <stdlib.h>
#include <string.h>
#include <stdio.h>
#include <wchar.h>
#include <float.h>

int main(int argc, char** argv)
{
  (void)argv;
#ifndef _ultoa
  return ((int*)(&_ultoa))[argc];
#else
  (void)argc;
  return 0;
#endif
}
Determining if the _i64toa exist failed with the following output:
Change Dir: /home/cx9ps3/Battleblaze/app/.cxx/RelWithDebInfo/2r725w41/x86/CMakeFiles/CMakeScratch/TryCompile-FhCpNT

Run Build Command(s):/usr/bin/ninja cmTC_b5b3e && [1/2] Building C object CMakeFiles/cmTC_b5b3e.dir/CheckSymbolExists.c.o
FAILED: CMakeFiles/cmTC_b5b3e.dir/CheckSymbolExists.c.o 
/home/cx9ps3/Android/Sdk/ndk/23.1.7779620/toolchains/llvm/prebuilt/linux-x86_64/bin/clang --target=i686-none-linux-android16 --sysroot=/home/cx9ps3/Android/Sdk/ndk/23.1.7779620/toolchains/llvm/prebuilt/linux-x86_64/sysroot   -DANDROID -fdata-sections -ffunction-sections -funwind-tables -fstack-protector-strong -no-canonical-prefixes -mstackrealign -D_FORTIFY_SOURCE=2 -Wformat -fexceptions -idirafter "/home/cx9ps3/Battleblaze/app/jni/SDL2/src/video/khronos"  -O2 -g -DNDEBUG -fPIE -MD -MT CMakeFiles/cmTC_b5b3e.dir/CheckSymbolExists.c.o -MF CMakeFiles/cmTC_b5b3e.dir/CheckSymbolExists.c.o.d -o CMakeFiles/cmTC_b5b3e.dir/CheckSymbolExists.c.o -c /home/cx9ps3/Battleblaze/app/.cxx/RelWithDebInfo/2r725w41/x86/CMakeFiles/CMakeScratch/TryCompile-FhCpNT/CheckSymbolExists.c
/home/cx9ps3/Battleblaze/app/.cxx/RelWithDebInfo/2r725w41/x86/CMakeFiles/CMakeScratch/TryCompile-FhCpNT/CheckSymbolExists.c:14:19: error: use of undeclared identifier '_i64toa'
  return ((int*)(&_i64toa))[argc];
                  ^
1 error generated.
ninja: build stopped: subcommand failed.


File CheckSymbolExists.c:
/* */
#include <stddef.h>
#include <stdarg.h>
#include <stdlib.h>
#include <string.h>
#include <stdio.h>
#include <wchar.h>
#include <float.h>

int main(int argc, char** argv)
{
  (void)argv;
#ifndef _i64toa
  return ((int*)(&_i64toa))[argc];
#else
  (void)argc;
  return 0;
#endif
}
Determining if the _ui64toa exist failed with the following output:
Change Dir: /home/cx9ps3/Battleblaze/app/.cxx/RelWithDebInfo/2r725w41/x86/CMakeFiles/CMakeScratch/TryCompile-jpnBqc

Run Build Command(s):/usr/bin/ninja cmTC_1ec63 && [1/2] Building C object CMakeFiles/cmTC_1ec63.dir/CheckSymbolExists.c.o
FAILED: CMakeFiles/cmTC_1ec63.dir/CheckSymbolExists.c.o 
/home/cx9ps3/Android/Sdk/ndk/23.1.7779620/toolchains/llvm/prebuilt/linux-x86_64/bin/clang --target=i686-none-linux-android16 --sysroot=/home/cx9ps3/Android/Sdk/ndk/23.1.7779620/toolchains/llvm/prebuilt/linux-x86_64/sysroot   -DANDROID -fdata-sections -ffunction-sections -funwind-tables -fstack-protector-strong -no-canonical-prefixes -mstackrealign -D_FORTIFY_SOURCE=2 -Wformat -fexceptions -idirafter "/home/cx9ps3/Battleblaze/app/jni/SDL2/src/video/khronos"  -O2 -g -DNDEBUG -fPIE -MD -MT CMakeFiles/cmTC_1ec63.dir/CheckSymbolExists.c.o -MF CMakeFiles/cmTC_1ec63.dir/CheckSymbolExists.c.o.d -o CMakeFiles/cmTC_1ec63.dir/CheckSymbolExists.c.o -c /home/cx9ps3/Battleblaze/app/.cxx/RelWithDebInfo/2r725w41/x86/CMakeFiles/CMakeScratch/TryCompile-jpnBqc/CheckSymbolExists.c
/home/cx9ps3/Battleblaze/app/.cxx/RelWithDebInfo/2r725w41/x86/CMakeFiles/CMakeScratch/TryCompile-jpnBqc/CheckSymbolExists.c:14:19: error: use of undeclared identifier '_ui64toa'
  return ((int*)(&_ui64toa))[argc];
                  ^
1 error generated.
ninja: build stopped: subcommand failed.


File CheckSymbolExists.c:
/* */
#include <stddef.h>
#include <stdarg.h>
#include <stdlib.h>
#include <string.h>
#include <stdio.h>
#include <wchar.h>
#include <float.h>

int main(int argc, char** argv)
{
  (void)argv;
#ifndef _ui64toa
  return ((int*)(&_ui64toa))[argc];
#else
  (void)argc;
  return 0;
#endif
}
Determining if the _stricmp exist failed with the following output:
Change Dir: /home/cx9ps3/Battleblaze/app/.cxx/RelWithDebInfo/2r725w41/x86/CMakeFiles/CMakeScratch/TryCompile-NXVz3l

Run Build Command(s):/usr/bin/ninja cmTC_49423 && [1/2] Building C object CMakeFiles/cmTC_49423.dir/CheckSymbolExists.c.o
FAILED: CMakeFiles/cmTC_49423.dir/CheckSymbolExists.c.o 
/home/cx9ps3/Android/Sdk/ndk/23.1.7779620/toolchains/llvm/prebuilt/linux-x86_64/bin/clang --target=i686-none-linux-android16 --sysroot=/home/cx9ps3/Android/Sdk/ndk/23.1.7779620/toolchains/llvm/prebuilt/linux-x86_64/sysroot   -DANDROID -fdata-sections -ffunction-sections -funwind-tables -fstack-protector-strong -no-canonical-prefixes -mstackrealign -D_FORTIFY_SOURCE=2 -Wformat -fexceptions -idirafter "/home/cx9ps3/Battleblaze/app/jni/SDL2/src/video/khronos"  -O2 -g -DNDEBUG -fPIE -MD -MT CMakeFiles/cmTC_49423.dir/CheckSymbolExists.c.o -MF CMakeFiles/cmTC_49423.dir/CheckSymbolExists.c.o.d -o CMakeFiles/cmTC_49423.dir/CheckSymbolExists.c.o -c /home/cx9ps3/Battleblaze/app/.cxx/RelWithDebInfo/2r725w41/x86/CMakeFiles/CMakeScratch/TryCompile-NXVz3l/CheckSymbolExists.c
/home/cx9ps3/Battleblaze/app/.cxx/RelWithDebInfo/2r725w41/x86/CMakeFiles/CMakeScratch/TryCompile-NXVz3l/CheckSymbolExists.c:14:19: error: use of undeclared identifier '_stricmp'
  return ((int*)(&_stricmp))[argc];
                  ^
1 error generated.
ninja: build stopped: subcommand failed.


File CheckSymbolExists.c:
/* */
#include <stddef.h>
#include <stdarg.h>
#include <stdlib.h>
#include <string.h>
#include <stdio.h>
#include <wchar.h>
#include <float.h>

int main(int argc, char** argv)
{
  (void)argv;
#ifndef _stricmp
  return ((int*)(&_stricmp))[argc];
#else
  (void)argc;
  return 0;
#endif
}
Determining if the _strnicmp exist failed with the following output:
Change Dir: /home/cx9ps3/Battleblaze/app/.cxx/RelWithDebInfo/2r725w41/x86/CMakeFiles/CMakeScratch/TryCompile-UJzRM9

Run Build Command(s):/usr/bin/ninja cmTC_527a7 && [1/2] Building C object CMakeFiles/cmTC_527a7.dir/CheckSymbolExists.c.o
FAILED: CMakeFiles/cmTC_527a7.dir/CheckSymbolExists.c.o 
/home/cx9ps3/Android/Sdk/ndk/23.1.7779620/toolchains/llvm/prebuilt/linux-x86_64/bin/clang --target=i686-none-linux-android16 --sysroot=/home/cx9ps3/Android/Sdk/ndk/23.1.7779620/toolchains/llvm/prebuilt/linux-x86_64/sysroot   -DANDROID -fdata-sections -ffunction-sections -funwind-tables -fstack-protector-strong -no-canonical-prefixes -mstackrealign -D_FORTIFY_SOURCE=2 -Wformat -fexceptions -idirafter "/home/cx9ps3/Battleblaze/app/jni/SDL2/src/video/khronos"  -O2 -g -DNDEBUG -fPIE -MD -MT CMakeFiles/cmTC_527a7.dir/CheckSymbolExists.c.o -MF CMakeFiles/cmTC_527a7.dir/CheckSymbolExists.c.o.d -o CMakeFiles/cmTC_527a7.dir/CheckSymbolExists.c.o -c /home/cx9ps3/Battleblaze/app/.cxx/RelWithDebInfo/2r725w41/x86/CMakeFiles/CMakeScratch/TryCompile-UJzRM9/CheckSymbolExists.c
/home/cx9ps3/Battleblaze/app/.cxx/RelWithDebInfo/2r725w41/x86/CMakeFiles/CMakeScratch/TryCompile-UJzRM9/CheckSymbolExists.c:14:19: error: use of undeclared identifier '_strnicmp'; did you mean 'strncmp'?
  return ((int*)(&_strnicmp))[argc];
                  ^~~~~~~~~
                  strncmp
/home/cx9ps3/Android/Sdk/ndk/23.1.7779620/toolchains/llvm/prebuilt/linux-x86_64/sysroot/usr/include/string.h:137:5: note: 'strncmp' declared here
int strncmp(const char* __lhs, const char* __rhs, size_t __n) __attribute_pure__;
    ^
1 error generated.
ninja: build stopped: subcommand failed.


File CheckSymbolExists.c:
/* */
#include <stddef.h>
#include <stdarg.h>
#include <stdlib.h>
#include <string.h>
#include <stdio.h>
#include <wchar.h>
#include <float.h>

int main(int argc, char** argv)
{
  (void)argv;
#ifndef _strnicmp
  return ((int*)(&_strnicmp))[argc];
#else
  (void)argc;
  return 0;
#endif
}
Determining if the _wcsdup exist failed with the following output:
Change Dir: /home/cx9ps3/Battleblaze/app/.cxx/RelWithDebInfo/2r725w41/x86/CMakeFiles/CMakeScratch/TryCompile-jvU7x3

Run Build Command(s):/usr/bin/ninja cmTC_5ada3 && [1/2] Building C object CMakeFiles/cmTC_5ada3.dir/CheckSymbolExists.c.o
FAILED: CMakeFiles/cmTC_5ada3.dir/CheckSymbolExists.c.o 
/home/cx9ps3/Android/Sdk/ndk/23.1.7779620/toolchains/llvm/prebuilt/linux-x86_64/bin/clang --target=i686-none-linux-android16 --sysroot=/home/cx9ps3/Android/Sdk/ndk/23.1.7779620/toolchains/llvm/prebuilt/linux-x86_64/sysroot   -DANDROID -fdata-sections -ffunction-sections -funwind-tables -fstack-protector-strong -no-canonical-prefixes -mstackrealign -D_FORTIFY_SOURCE=2 -Wformat -fexceptions -idirafter "/home/cx9ps3/Battleblaze/app/jni/SDL2/src/video/khronos"  -O2 -g -DNDEBUG -fPIE -MD -MT CMakeFiles/cmTC_5ada3.dir/CheckSymbolExists.c.o -MF CMakeFiles/cmTC_5ada3.dir/CheckSymbolExists.c.o.d -o CMakeFiles/cmTC_5ada3.dir/CheckSymbolExists.c.o -c /home/cx9ps3/Battleblaze/app/.cxx/RelWithDebInfo/2r725w41/x86/CMakeFiles/CMakeScratch/TryCompile-jvU7x3/CheckSymbolExists.c
/home/cx9ps3/Battleblaze/app/.cxx/RelWithDebInfo/2r725w41/x86/CMakeFiles/CMakeScratch/TryCompile-jvU7x3/CheckSymbolExists.c:14:19: error: use of undeclared identifier '_wcsdup'; did you mean 'wcsdup'?
  return ((int*)(&_wcsdup))[argc];
                  ^~~~~~~
                  wcsdup
/home/cx9ps3/Android/Sdk/ndk/23.1.7779620/toolchains/llvm/prebuilt/linux-x86_64/sysroot/usr/include/wchar.h:208:10: note: 'wcsdup' declared here
wchar_t* wcsdup(const wchar_t* __s);
         ^
1 error generated.
ninja: build stopped: subcommand failed.


File CheckSymbolExists.c:
/* */
#include <stddef.h>
#include <stdarg.h>
#include <stdlib.h>
#include <string.h>
#include <stdio.h>
#include <wchar.h>
#include <float.h>

int main(int argc, char** argv)
{
  (void)argv;
#ifndef _wcsdup
  return ((int*)(&_wcsdup))[argc];
#else
  (void)argc;
  return 0;
#endif
}
Determining if the _wcsicmp exist failed with the following output:
Change Dir: /home/cx9ps3/Battleblaze/app/.cxx/RelWithDebInfo/2r725w41/x86/CMakeFiles/CMakeScratch/TryCompile-LP6vdg

Run Build Command(s):/usr/bin/ninja cmTC_23067 && [1/2] Building C object CMakeFiles/cmTC_23067.dir/CheckSymbolExists.c.o
FAILED: CMakeFiles/cmTC_23067.dir/CheckSymbolExists.c.o 
/home/cx9ps3/Android/Sdk/ndk/23.1.7779620/toolchains/llvm/prebuilt/linux-x86_64/bin/clang --target=i686-none-linux-android16 --sysroot=/home/cx9ps3/Android/Sdk/ndk/23.1.7779620/toolchains/llvm/prebuilt/linux-x86_64/sysroot   -DANDROID -fdata-sections -ffunction-sections -funwind-tables -fstack-protector-strong -no-canonical-prefixes -mstackrealign -D_FORTIFY_SOURCE=2 -Wformat -fexceptions -idirafter "/home/cx9ps3/Battleblaze/app/jni/SDL2/src/video/khronos"  -O2 -g -DNDEBUG -fPIE -MD -MT CMakeFiles/cmTC_23067.dir/CheckSymbolExists.c.o -MF CMakeFiles/cmTC_23067.dir/CheckSymbolExists.c.o.d -o CMakeFiles/cmTC_23067.dir/CheckSymbolExists.c.o -c /home/cx9ps3/Battleblaze/app/.cxx/RelWithDebInfo/2r725w41/x86/CMakeFiles/CMakeScratch/TryCompile-LP6vdg/CheckSymbolExists.c
/home/cx9ps3/Battleblaze/app/.cxx/RelWithDebInfo/2r725w41/x86/CMakeFiles/CMakeScratch/TryCompile-LP6vdg/CheckSymbolExists.c:14:19: error: use of undeclared identifier '_wcsicmp'
  return ((int*)(&_wcsicmp))[argc];
                  ^
1 error generated.
ninja: build stopped: subcommand failed.


File CheckSymbolExists.c:
/* */
#include <stddef.h>
#include <stdarg.h>
#include <stdlib.h>
#include <string.h>
#include <stdio.h>
#include <wchar.h>
#include <float.h>

int main(int argc, char** argv)
{
  (void)argv;
#ifndef _wcsicmp
  return ((int*)(&_wcsicmp))[argc];
#else
  (void)argc;
  return 0;
#endif
}
Determining if the _wcsnicmp exist failed with the following output:
Change Dir: /home/cx9ps3/Battleblaze/app/.cxx/RelWithDebInfo/2r725w41/x86/CMakeFiles/CMakeScratch/TryCompile-CHYaD9

Run Build Command(s):/usr/bin/ninja cmTC_ed769 && [1/2] Building C object CMakeFiles/cmTC_ed769.dir/CheckSymbolExists.c.o
FAILED: CMakeFiles/cmTC_ed769.dir/CheckSymbolExists.c.o 
/home/cx9ps3/Android/Sdk/ndk/23.1.7779620/toolchains/llvm/prebuilt/linux-x86_64/bin/clang --target=i686-none-linux-android16 --sysroot=/home/cx9ps3/Android/Sdk/ndk/23.1.7779620/toolchains/llvm/prebuilt/linux-x86_64/sysroot   -DANDROID -fdata-sections -ffunction-sections -funwind-tables -fstack-protector-strong -no-canonical-prefixes -mstackrealign -D_FORTIFY_SOURCE=2 -Wformat -fexceptions -idirafter "/home/cx9ps3/Battleblaze/app/jni/SDL2/src/video/khronos"  -O2 -g -DNDEBUG -fPIE -MD -MT CMakeFiles/cmTC_ed769.dir/CheckSymbolExists.c.o -MF CMakeFiles/cmTC_ed769.dir/CheckSymbolExists.c.o.d -o CMakeFiles/cmTC_ed769.dir/CheckSymbolExists.c.o -c /home/cx9ps3/Battleblaze/app/.cxx/RelWithDebInfo/2r725w41/x86/CMakeFiles/CMakeScratch/TryCompile-CHYaD9/CheckSymbolExists.c
/home/cx9ps3/Battleblaze/app/.cxx/RelWithDebInfo/2r725w41/x86/CMakeFiles/CMakeScratch/TryCompile-CHYaD9/CheckSymbolExists.c:14:19: error: use of undeclared identifier '_wcsnicmp'; did you mean 'wcsncmp'?
  return ((int*)(&_wcsnicmp))[argc];
                  ^~~~~~~~~
                  wcsncmp
/home/cx9ps3/Android/Sdk/ndk/23.1.7779620/toolchains/llvm/prebuilt/linux-x86_64/sysroot/usr/include/wchar.h:117:5: note: 'wcsncmp' declared here
int wcsncmp(const wchar_t* __lhs, const wchar_t* __rhs, size_t __n);
    ^
1 error generated.
ninja: build stopped: subcommand failed.


File CheckSymbolExists.c:
/* */
#include <stddef.h>
#include <stdarg.h>
#include <stdlib.h>
#include <string.h>
#include <stdio.h>
#include <wchar.h>
#include <float.h>

int main(int argc, char** argv)
{
  (void)argv;
#ifndef _wcsnicmp
  return ((int*)(&_wcsnicmp))[argc];
#else
  (void)argc;
  return 0;
#endif
}
Determining if the fopen64 exist failed with the following output:
Change Dir: /home/cx9ps3/Battleblaze/app/.cxx/RelWithDebInfo/2r725w41/x86/CMakeFiles/CMakeScratch/TryCompile-hRCkIk

Run Build Command(s):/usr/bin/ninja cmTC_e9856 && [1/2] Building C object CMakeFiles/cmTC_e9856.dir/CheckSymbolExists.c.o
FAILED: CMakeFiles/cmTC_e9856.dir/CheckSymbolExists.c.o 
/home/cx9ps3/Android/Sdk/ndk/23.1.7779620/toolchains/llvm/prebuilt/linux-x86_64/bin/clang --target=i686-none-linux-android16 --sysroot=/home/cx9ps3/Android/Sdk/ndk/23.1.7779620/toolchains/llvm/prebuilt/linux-x86_64/sysroot   -DANDROID -fdata-sections -ffunction-sections -funwind-tables -fstack-protector-strong -no-canonical-prefixes -mstackrealign -D_FORTIFY_SOURCE=2 -Wformat -fexceptions -idirafter "/home/cx9ps3/Battleblaze/app/jni/SDL2/src/video/khronos"  -O2 -g -DNDEBUG -fPIE -MD -MT CMakeFiles/cmTC_e9856.dir/CheckSymbolExists.c.o -MF CMakeFiles/cmTC_e9856.dir/CheckSymbolExists.c.o.d -o CMakeFiles/cmTC_e9856.dir/CheckSymbolExists.c.o -c /home/cx9ps3/Battleblaze/app/.cxx/RelWithDebInfo/2r725w41/x86/CMakeFiles/CMakeScratch/TryCompile-hRCkIk/CheckSymbolExists.c
/home/cx9ps3/Battleblaze/app/.cxx/RelWithDebInfo/2r725w41/x86/CMakeFiles/CMakeScratch/TryCompile-hRCkIk/CheckSymbolExists.c:14:19: error: use of undeclared identifier 'fopen64'; did you mean 'fopen'?
  return ((int*)(&fopen64))[argc];
                  ^~~~~~~
                  fopen
/home/cx9ps3/Android/Sdk/ndk/23.1.7779620/toolchains/llvm/prebuilt/linux-x86_64/sysroot/usr/include/stdio.h:280:7: note: 'fopen' declared here
FILE* fopen(const char* __path, const char* __mode);
      ^
1 error generated.
ninja: build stopped: subcommand failed.


File CheckSymbolExists.c:
/* */
#include <stddef.h>
#include <stdarg.h>
#include <stdlib.h>
#include <string.h>
#include <stdio.h>
#include <wchar.h>
#include <float.h>

int main(int argc, char** argv)
{
  (void)argv;
#ifndef fopen64
  return ((int*)(&fopen64))[argc];
#else
  (void)argc;
  return 0;
#endif
}
Determining if the fseeko64 exist failed with the following output:
Change Dir: /home/cx9ps3/Battleblaze/app/.cxx/RelWithDebInfo/2r725w41/x86/CMakeFiles/CMakeScratch/TryCompile-qZiTwj

Run Build Command(s):/usr/bin/ninja cmTC_5db8d && [1/2] Building C object CMakeFiles/cmTC_5db8d.dir/CheckSymbolExists.c.o
FAILED: CMakeFiles/cmTC_5db8d.dir/CheckSymbolExists.c.o 
/home/cx9ps3/Android/Sdk/ndk/23.1.7779620/toolchains/llvm/prebuilt/linux-x86_64/bin/clang --target=i686-none-linux-android16 --sysroot=/home/cx9ps3/Android/Sdk/ndk/23.1.7779620/toolchains/llvm/prebuilt/linux-x86_64/sysroot   -DANDROID -fdata-sections -ffunction-sections -funwind-tables -fstack-protector-strong -no-canonical-prefixes -mstackrealign -D_FORTIFY_SOURCE=2 -Wformat -fexceptions -idirafter "/home/cx9ps3/Battleblaze/app/jni/SDL2/src/video/khronos"  -O2 -g -DNDEBUG -fPIE -MD -MT CMakeFiles/cmTC_5db8d.dir/CheckSymbolExists.c.o -MF CMakeFiles/cmTC_5db8d.dir/CheckSymbolExists.c.o.d -o CMakeFiles/cmTC_5db8d.dir/CheckSymbolExists.c.o -c /home/cx9ps3/Battleblaze/app/.cxx/RelWithDebInfo/2r725w41/x86/CMakeFiles/CMakeScratch/TryCompile-qZiTwj/CheckSymbolExists.c
/home/cx9ps3/Battleblaze/app/.cxx/RelWithDebInfo/2r725w41/x86/CMakeFiles/CMakeScratch/TryCompile-qZiTwj/CheckSymbolExists.c:14:19: error: use of undeclared identifier 'fseeko64'; did you mean 'fseeko'?
  return ((int*)(&fseeko64))[argc];
                  ^~~~~~~~
                  fseeko
/home/cx9ps3/Android/Sdk/ndk/23.1.7779620/toolchains/llvm/prebuilt/linux-x86_64/sysroot/usr/include/stdio.h:250:5: note: 'fseeko' declared here
int fseeko(FILE* __fp, off_t __offset, int __whence);
    ^
1 error generated.
ninja: build stopped: subcommand failed.


File CheckSymbolExists.c:
/* */
#include <stddef.h>
#include <stdarg.h>
#include <stdlib.h>
#include <string.h>
#include <stdio.h>
#include <wchar.h>
#include <float.h>

int main(int argc, char** argv)
{
  (void)argv;
#ifndef fseeko64
  return ((int*)(&fseeko64))[argc];
#else
  (void)argc;
  return 0;
#endif
}
Determining if the sysctlbyname exist failed with the following output:
Change Dir: /home/cx9ps3/Battleblaze/app/.cxx/RelWithDebInfo/2r725w41/x86/CMakeFiles/CMakeScratch/TryCompile-vehMhQ

Run Build Command(s):/usr/bin/ninja cmTC_c4228 && [1/2] Building C object CMakeFiles/cmTC_c4228.dir/CheckSymbolExists.c.o
FAILED: CMakeFiles/cmTC_c4228.dir/CheckSymbolExists.c.o 
/home/cx9ps3/Android/Sdk/ndk/23.1.7779620/toolchains/llvm/prebuilt/linux-x86_64/bin/clang --target=i686-none-linux-android16 --sysroot=/home/cx9ps3/Android/Sdk/ndk/23.1.7779620/toolchains/llvm/prebuilt/linux-x86_64/sysroot   -DANDROID -fdata-sections -ffunction-sections -funwind-tables -fstack-protector-strong -no-canonical-prefixes -mstackrealign -D_FORTIFY_SOURCE=2 -Wformat -fexceptions -idirafter "/home/cx9ps3/Battleblaze/app/jni/SDL2/src/video/khronos"  -O2 -g -DNDEBUG -fPIE -MD -MT CMakeFiles/cmTC_c4228.dir/CheckSymbolExists.c.o -MF CMakeFiles/cmTC_c4228.dir/CheckSymbolExists.c.o.d -o CMakeFiles/cmTC_c4228.dir/CheckSymbolExists.c.o -c /home/cx9ps3/Battleblaze/app/.cxx/RelWithDebInfo/2r725w41/x86/CMakeFiles/CMakeScratch/TryCompile-vehMhQ/CheckSymbolExists.c
/home/cx9ps3/Battleblaze/app/.cxx/RelWithDebInfo/2r725w41/x86/CMakeFiles/CMakeScratch/TryCompile-vehMhQ/CheckSymbolExists.c:3:10: fatal error: 'sys/sysctl.h' file not found
#include <sys/sysctl.h>
         ^~~~~~~~~~~~~~
1 error generated.
ninja: build stopped: subcommand failed.


File CheckSymbolExists.c:
/* */
#include <sys/types.h>
#include <sys/sysctl.h>

int main(int argc, char** argv)
{
  (void)argv;
#ifndef sysctlbyname
  return ((int*)(&sysctlbyname))[argc];
#else
  (void)argc;
  return 0;
#endif
}
Determining if the getauxval exist failed with the following output:
Change Dir: /home/cx9ps3/Battleblaze/app/.cxx/RelWithDebInfo/2r725w41/x86/CMakeFiles/CMakeScratch/TryCompile-pFUtbg

Run Build Command(s):/usr/bin/ninja cmTC_0c39b && [1/2] Building C object CMakeFiles/cmTC_0c39b.dir/CheckSymbolExists.c.o
FAILED: CMakeFiles/cmTC_0c39b.dir/CheckSymbolExists.c.o 
/home/cx9ps3/Android/Sdk/ndk/23.1.7779620/toolchains/llvm/prebuilt/linux-x86_64/bin/clang --target=i686-none-linux-android16 --sysroot=/home/cx9ps3/Android/Sdk/ndk/23.1.7779620/toolchains/llvm/prebuilt/linux-x86_64/sysroot   -DANDROID -fdata-sections -ffunction-sections -funwind-tables -fstack-protector-strong -no-canonical-prefixes -mstackrealign -D_FORTIFY_SOURCE=2 -Wformat -fexceptions -idirafter "/home/cx9ps3/Battleblaze/app/jni/SDL2/src/video/khronos"  -O2 -g -DNDEBUG -fPIE -MD -MT CMakeFiles/cmTC_0c39b.dir/CheckSymbolExists.c.o -MF CMakeFiles/cmTC_0c39b.dir/CheckSymbolExists.c.o.d -o CMakeFiles/cmTC_0c39b.dir/CheckSymbolExists.c.o -c /home/cx9ps3/Battleblaze/app/.cxx/RelWithDebInfo/2r725w41/x86/CMakeFiles/CMakeScratch/TryCompile-pFUtbg/CheckSymbolExists.c
/home/cx9ps3/Battleblaze/app/.cxx/RelWithDebInfo/2r725w41/x86/CMakeFiles/CMakeScratch/TryCompile-pFUtbg/CheckSymbolExists.c:8:19: error: use of undeclared identifier 'getauxval'
  return ((int*)(&getauxval))[argc];
                  ^
1 error generated.
ninja: build stopped: subcommand failed.


File CheckSymbolExists.c:
/* */
#include <sys/auxv.h>

int main(int argc, char** argv)
{
  (void)argv;
#ifndef getauxval
  return ((int*)(&getauxval))[argc];
#else
  (void)argc;
  return 0;
#endif
}
Determining if the elf_aux_info exist failed with the following output:
Change Dir: /home/cx9ps3/Battleblaze/app/.cxx/RelWithDebInfo/2r725w41/x86/CMakeFiles/CMakeScratch/TryCompile-ojzBIV

Run Build Command(s):/usr/bin/ninja cmTC_04e3d && [1/2] Building C object CMakeFiles/cmTC_04e3d.dir/CheckSymbolExists.c.o
FAILED: CMakeFiles/cmTC_04e3d.dir/CheckSymbolExists.c.o 
/home/cx9ps3/Android/Sdk/ndk/23.1.7779620/toolchains/llvm/prebuilt/linux-x86_64/bin/clang --target=i686-none-linux-android16 --sysroot=/home/cx9ps3/Android/Sdk/ndk/23.1.7779620/toolchains/llvm/prebuilt/linux-x86_64/sysroot   -DANDROID -fdata-sections -ffunction-sections -funwind-tables -fstack-protector-strong -no-canonical-prefixes -mstackrealign -D_FORTIFY_SOURCE=2 -Wformat -fexceptions -idirafter "/home/cx9ps3/Battleblaze/app/jni/SDL2/src/video/khronos"  -O2 -g -DNDEBUG -fPIE -MD -MT CMakeFiles/cmTC_04e3d.dir/CheckSymbolExists.c.o -MF CMakeFiles/cmTC_04e3d.dir/CheckSymbolExists.c.o.d -o CMakeFiles/cmTC_04e3d.dir/CheckSymbolExists.c.o -c /home/cx9ps3/Battleblaze/app/.cxx/RelWithDebInfo/2r725w41/x86/CMakeFiles/CMakeScratch/TryCompile-ojzBIV/CheckSymbolExists.c
/home/cx9ps3/Battleblaze/app/.cxx/RelWithDebInfo/2r725w41/x86/CMakeFiles/CMakeScratch/TryCompile-ojzBIV/CheckSymbolExists.c:8:19: error: use of undeclared identifier 'elf_aux_info'
  return ((int*)(&elf_aux_info))[argc];
                  ^
1 error generated.
ninja: build stopped: subcommand failed.


File CheckSymbolExists.c:
/* */
#include <sys/auxv.h>

int main(int argc, char** argv)
{
  (void)argv;
#ifndef elf_aux_info
  return ((int*)(&elf_aux_info))[argc];
#else
  (void)argc;
  return 0;
#endif
}
Determining if the function iconv_open exists in the iconv failed with the following output:
Change Dir: /home/cx9ps3/Battleblaze/app/.cxx/RelWithDebInfo/2r725w41/x86/CMakeFiles/CMakeScratch/TryCompile-O83MxM

Run Build Command(s):/usr/bin/ninja cmTC_2622b && [1/2] Building C object CMakeFiles/cmTC_2622b.dir/CheckFunctionExists.c.o
[2/2] Linking C executable cmTC_2622b
FAILED: cmTC_2622b 
: && /home/cx9ps3/Android/Sdk/ndk/23.1.7779620/toolchains/llvm/prebuilt/linux-x86_64/bin/clang --target=i686-none-linux-android16 --sysroot=/home/cx9ps3/Android/Sdk/ndk/23.1.7779620/toolchains/llvm/prebuilt/linux-x86_64/sysroot -DANDROID -fdata-sections -ffunction-sections -funwind-tables -fstack-protector-strong -no-canonical-prefixes -mstackrealign -D_FORTIFY_SOURCE=2 -Wformat -Werror=format-security -fexceptions -idirafter "/home/cx9ps3/Battleblaze/app/jni/SDL2/src/video/khronos" -DCHECK_FUNCTION_EXISTS=iconv_open -O2 -g -DNDEBUG -Wl,--build-id=sha1 -Wl,--no-rosegment -Wl,--fatal-warnings -Qunused-arguments -Wl,--no-undefined  -Wl,--gc-sections CMakeFiles/cmTC_2622b.dir/CheckFunctionExists.c.o -o cmTC_2622b  -liconv   -latomic -lm && :
ld: error: unable to find library -liconv
clang: error: linker command failed with exit code 1 (use -v to see invocation)
ninja: build stopped: subcommand failed.



Determining if the function iconv_open exists in the c failed with the following output:
Change Dir: /home/cx9ps3/Battleblaze/app/.cxx/RelWithDebInfo/2r725w41/x86/CMakeFiles/CMakeScratch/TryCompile-byGYFy

Run Build Command(s):/usr/bin/ninja cmTC_7fef0 && [1/2] Building C object CMakeFiles/cmTC_7fef0.dir/CheckFunctionExists.c.o
[2/2] Linking C executable cmTC_7fef0
FAILED: cmTC_7fef0 
: && /home/cx9ps3/Android/Sdk/ndk/23.1.7779620/toolchains/llvm/prebuilt/linux-x86_64/bin/clang --target=i686-none-linux-android16 --sysroot=/home/cx9ps3/Android/Sdk/ndk/23.1.7779620/toolchains/llvm/prebuilt/linux-x86_64/sysroot -DANDROID -fdata-sections -ffunction-sections -funwind-tables -fstack-protector-strong -no-canonical-prefixes -mstackrealign -D_FORTIFY_SOURCE=2 -Wformat -Werror=format-security -fexceptions -idirafter "/home/cx9ps3/Battleblaze/app/jni/SDL2/src/video/khronos" -DCHECK_FUNCTION_EXISTS=iconv_open -O2 -g -DNDEBUG -Wl,--build-id=sha1 -Wl,--no-rosegment -Wl,--fatal-warnings -Qunused-arguments -Wl,--no-undefined  -Wl,--gc-sections CMakeFiles/cmTC_7fef0.dir/CheckFunctionExists.c.o -o cmTC_7fef0  -lc   -latomic -lm && :
ld: error: undefined symbol: iconv_open
>>> referenced by CheckFunctionExists.c:17
>>>               CMakeFiles/cmTC_7fef0.dir/CheckFunctionExists.c.o:(main)
clang: error: linker command failed with exit code 1 (use -v to see invocation)
ninja: build stopped: subcommand failed.



Determining if the alloca exist failed with the following output:
Change Dir: /home/cx9ps3/Battleblaze/app/.cxx/RelWithDebInfo/2r725w41/x86/CMakeFiles/CMakeScratch/TryCompile-AkZBxD

Run Build Command(s):/usr/bin/ninja cmTC_171a3 && [1/2] Building C object CMakeFiles/cmTC_171a3.dir/CheckSymbolExists.c.o
/home/cx9ps3/Battleblaze/app/.cxx/RelWithDebInfo/2r725w41/x86/CMakeFiles/CMakeScratch/TryCompile-AkZBxD/CheckSymbolExists.c:8:19: warning: implicitly declaring library function 'alloca' with type 'void *(unsigned int)' [-Wimplicit-function-declaration]
  return ((int*)(&alloca))[argc];
                  ^
/home/cx9ps3/Battleblaze/app/.cxx/RelWithDebInfo/2r725w41/x86/CMakeFiles/CMakeScratch/TryCompile-AkZBxD/CheckSymbolExists.c:8:19: note: include the header <stdlib.h> or explicitly provide a declaration for 'alloca'
1 warning generated.
[2/2] Linking C executable cmTC_171a3
FAILED: cmTC_171a3 
: && /home/cx9ps3/Android/Sdk/ndk/23.1.7779620/toolchains/llvm/prebuilt/linux-x86_64/bin/clang --target=i686-none-linux-android16 --sysroot=/home/cx9ps3/Android/Sdk/ndk/23.1.7779620/toolchains/llvm/prebuilt/linux-x86_64/sysroot -DANDROID -fdata-sections -ffunction-sections -funwind-tables -fstack-protector-strong -no-canonical-prefixes -mstackrealign -D_FORTIFY_SOURCE=2 -Wformat -fexceptions -idirafter "/home/cx9ps3/Battleblaze/app/jni/SDL2/src/video/khronos"  -O2 -g -DNDEBUG -Wl,--build-id=sha1 -Wl,--no-rosegment -Wl,--fatal-warnings -Qunused-arguments -Wl,--no-undefined  -Wl,--gc-sections CMakeFiles/cmTC_171a3.dir/CheckSymbolExists.c.o -o cmTC_171a3  -latomic -lm && :
ld: error: undefined symbol: alloca
>>> referenced by CheckSymbolExists.c:8
>>>               CMakeFiles/cmTC_171a3.dir/CheckSymbolExists.c.o:(main)
clang: error: linker command failed with exit code 1 (use -v to see invocation)
ninja: build stopped: subcommand failed.


File CheckSymbolExists.c:
/* */
#include <malloc.h>

int main(int argc, char** argv)
{
  (void)argv;
#ifndef alloca
  return ((int*)(&alloca))[argc];
#else
  (void)argc;
  return 0;
#endif
}
Performing C SOURCE FILE Test HAVE_ARM_MODE failed with the following output:
Change Dir: /home/cx9ps3/Battleblaze/app/.cxx/RelWithDebInfo/2r725w41/x86/CMakeFiles/CMakeScratch/TryCompile-EfKHe1

Run Build Command(s):/usr/bin/ninja cmTC_b8ea2 && [1/2] Building C object CMakeFiles/cmTC_b8ea2.dir/src.c.o
FAILED: CMakeFiles/cmTC_b8ea2.dir/src.c.o 
/home/cx9ps3/Android/Sdk/ndk/23.1.7779620/toolchains/llvm/prebuilt/linux-x86_64/bin/clang --target=i686-none-linux-android16 --sysroot=/home/cx9ps3/Android/Sdk/ndk/23.1.7779620/toolchains/llvm/prebuilt/linux-x86_64/sysroot -DHAVE_ARM_MODE  -DANDROID -fdata-sections -ffunction-sections -funwind-tables -fstack-protector-strong -no-canonical-prefixes -mstackrealign -D_FORTIFY_SOURCE=2 -Wformat -Werror=format-security -fexceptions -idirafter "/home/cx9ps3/Battleblaze/app/jni/SDL2/src/video/khronos" -Werror=unused-command-line-argument -O2 -g -DNDEBUG -fPIE   -marm -MD -MT CMakeFiles/cmTC_b8ea2.dir/src.c.o -MF CMakeFiles/cmTC_b8ea2.dir/src.c.o.d -o CMakeFiles/cmTC_b8ea2.dir/src.c.o -c /home/cx9ps3/Battleblaze/app/.cxx/RelWithDebInfo/2r725w41/x86/CMakeFiles/CMakeScratch/TryCompile-EfKHe1/src.c
clang: error: argument unused during compilation: '-marm' [-Werror,-Wunused-command-line-argument]
ninja: build stopped: subcommand failed.


Source file was:
int main(void) { return 0; }

Determining if files pthread_np.h exist failed with the following output:
Change Dir: /home/cx9ps3/Battleblaze/app/.cxx/RelWithDebInfo/2r725w41/x86/CMakeFiles/CMakeScratch/TryCompile-deqks9

Run Build Command(s):/usr/bin/ninja cmTC_293ae && [1/2] Building C object CMakeFiles/cmTC_293ae.dir/HAVE_PTHREAD_NP_H.c.o
FAILED: CMakeFiles/cmTC_293ae.dir/HAVE_PTHREAD_NP_H.c.o 
/home/cx9ps3/Android/Sdk/ndk/23.1.7779620/toolchains/llvm/prebuilt/linux-x86_64/bin/clang --target=i686-none-linux-android16 --sysroot=/home/cx9ps3/Android/Sdk/ndk/23.1.7779620/toolchains/llvm/prebuilt/linux-x86_64/sysroot   -DANDROID -fdata-sections -ffunction-sections -funwind-tables -fstack-protector-strong -no-canonical-prefixes -mstackrealign -D_FORTIFY_SOURCE=2 -Wformat -Werror=format-security -fexceptions -idirafter "/home/cx9ps3/Battleblaze/app/jni/SDL2/src/video/khronos"    -O2 -g -DNDEBUG -fPIE -MD -MT CMakeFiles/cmTC_293ae.dir/HAVE_PTHREAD_NP_H.c.o -MF CMakeFiles/cmTC_293ae.dir/HAVE_PTHREAD_NP_H.c.o.d -o CMakeFiles/cmTC_293ae.dir/HAVE_PTHREAD_NP_H.c.o -c /home/cx9ps3/Battleblaze/app/.cxx/RelWithDebInfo/2r725w41/x86/CMakeFiles/CMakeScratch/TryCompile-deqks9/HAVE_PTHREAD_NP_H.c
/home/cx9ps3/Battleblaze/app/.cxx/RelWithDebInfo/2r725w41/x86/CMakeFiles/CMakeScratch/TryCompile-deqks9/HAVE_PTHREAD_NP_H.c:2:10: fatal error: 'pthread_np.h' file not found
#include <pthread_np.h>
         ^~~~~~~~~~~~~~
1 error generated.
ninja: build stopped: subcommand failed.


Source:
/* */
#include <pthread_np.h>


int main(void){return 0;}

